 ******* Program HYDRUS
 ******* 
 Infiltration of water into soil profile                                 
 Date:   5. 3.    Time:  17:50:10
 Units: L = cm   , T = days , M = mmol 


    TLevel      Time          dt      Iter    ItCum  KodT  KodB  Convergency

        1  0.1000000E-03  0.10000E-03    4        4    -4    -5     T
        2  0.2000000E-03  0.10000E-03    4        8    -4    -5     T
        3  0.3000000E-03  0.10000E-03    4       12    -4    -5     T
        4  0.4000000E-03  0.10000E-03    4       16    -4    -5     T
        5  0.5000000E-03  0.10000E-03    4       20    -4    -5     T
        6  0.6000000E-03  0.10000E-03    3       23    -4    -5     T
        7  0.7300000E-03  0.13000E-03    3       26    -4    -5     T
        8  0.8989999E-03  0.16900E-03    3       29    -4    -5     T
        9  0.1118700E-02  0.21970E-03    4       33    -4    -5     T
       10  0.1338400E-02  0.21970E-03    4       37    -4    -5     T
       11  0.1558100E-02  0.21970E-03    4       41    -4    -5     T
       12  0.1777800E-02  0.21970E-03    4       45    -4    -5     T
       13  0.1997500E-02  0.21970E-03    3       48    -4    -5     T
       14  0.2283110E-02  0.28561E-03    5       53    -4    -5     T
       15  0.2568720E-02  0.28561E-03    3       56    -4    -5     T
       16  0.2940013E-02  0.37129E-03    4       60    -4    -5     T
       17  0.3311305E-02  0.37129E-03    5       65    -4    -5     T
       18  0.3682598E-02  0.37129E-03    4       69    -4    -5     T
       19  0.4053891E-02  0.37129E-03    4       73    -4    -5     T
       20  0.4425184E-02  0.37129E-03    3       76    -4    -5     T
       21  0.4907865E-02  0.48268E-03    5       81    -4    -5     T
       22  0.5390546E-02  0.48268E-03    4       85    -4    -5     T
       23  0.5873226E-02  0.48268E-03    4       89    -4    -5     T
       24  0.6355907E-02  0.48268E-03    5       94    -4    -5     T
       25  0.6838588E-02  0.48268E-03    3       97    -4    -5     T
       26  0.7483764E-02  0.64518E-03    4      101    -4    -5     T
       27  0.8128941E-02  0.64518E-03    5      106    -4    -5     T
       28  0.8774117E-02  0.64518E-03    4      110    -4    -5     T
       29  0.9419294E-02  0.64518E-03    4      114    -4    -5     T
       30  0.1006447E-01  0.64518E-03    4      118    -4    -5     T
       31  0.1070965E-01  0.64518E-03    4      122    -4    -5     T
       32  0.1135482E-01  0.64518E-03    4      126    -4    -5     T
       33  0.1200000E-01  0.64518E-03    4      130    -4    -5     T
       34  0.1262748E-01  0.62748E-03    3      133    -4    -5     T
       35  0.1344322E-01  0.81573E-03    4      137    -4    -5     T
       36  0.1425895E-01  0.81573E-03    4      141    -4    -5     T
       37  0.1507468E-01  0.81573E-03    4      145    -4    -5     T
       38  0.1589041E-01  0.81573E-03    4      149    -4    -5     T
       39  0.1670137E-01  0.81096E-03    4      153    -4    -5     T
       40  0.1751233E-01  0.81096E-03    3      156    -4    -5     T
       41  0.1859360E-01  0.10813E-02    5      161    -4    -5     T
       42  0.1967488E-01  0.10813E-02    5      166    -4    -5     T
       43  0.2075616E-01  0.10813E-02    5      171    -4    -5     T
       44  0.2183744E-01  0.10813E-02    5      176    -4    -5     T
       45  0.2291872E-01  0.10813E-02    4      180    -4    -5     T
       46  0.2400000E-01  0.10813E-02    5      185    -4    -5     T
       47  0.2506045E-01  0.10604E-02    4      189    -4    -5     T
       48  0.2615440E-01  0.10940E-02    4      193    -4    -5     T
       49  0.2724836E-01  0.10940E-02    4      197    -4    -5     T
       50  0.2834231E-01  0.10940E-02    4      201    -4    -5     T
       51  0.2943627E-01  0.10940E-02    4      205    -4    -5     T
       52  0.3053022E-01  0.10940E-02    4      209    -4    -5     T
       53  0.3162418E-01  0.10940E-02    4      213    -4    -5     T
       54  0.3271813E-01  0.10940E-02    4      217    -4    -5     T
       55  0.3381209E-01  0.10940E-02    4      221    -4    -5     T
       56  0.3490604E-01  0.10940E-02    4      225    -4    -5     T
       57  0.3600000E-01  0.10940E-02    4      229    -4    -5     T
       58  0.3706045E-01  0.10604E-02    4      233    -4    -5     T
       59  0.3815440E-01  0.10940E-02    4      237    -4    -5     T
       60  0.3924836E-01  0.10940E-02    4      241    -4    -5     T
       61  0.4034231E-01  0.10940E-02    4      245    -4    -5     T
       62  0.4143627E-01  0.10940E-02    4      249    -4    -5     T
       63  0.4253022E-01  0.10940E-02    4      253    -4    -5     T
       64  0.4362418E-01  0.10940E-02    4      257    -4    -5     T
       65  0.4471813E-01  0.10940E-02    3      260    -4    -5     T
       66  0.4635907E-01  0.16409E-02    6      266    -4    -5     T
       67  0.4800000E-01  0.16409E-02    5      271    -4    -5     T
       68  0.4933333E-01  0.13333E-02    4      275    -4    -5     T
       69  0.5066667E-01  0.13333E-02    4      279    -4    -5     T
       70  0.5200000E-01  0.13333E-02    4      283    -4    -5     T
       71  0.5333333E-01  0.13333E-02    4      287    -4    -5     T
       72  0.5466667E-01  0.13333E-02    4      291    -4    -5     T
       73  0.5600000E-01  0.13333E-02    4      295    -4    -5     T
       74  0.5733333E-01  0.13333E-02    4      299    -4    -5     T
       75  0.5866667E-01  0.13333E-02    4      303    -4    -5     T
       76  0.6000000E-01  0.13333E-02    4      307    -4    -5     T
       77  0.6133333E-01  0.13333E-02    4      311    -4    -5     T
       78  0.6266667E-01  0.13333E-02    4      315    -4    -5     T
       79  0.6400000E-01  0.13333E-02    4      319    -4    -5     T
       80  0.6533333E-01  0.13333E-02    4      323    -4    -5     T
       81  0.6666667E-01  0.13333E-02    4      327    -4    -5     T
       82  0.6800000E-01  0.13333E-02    4      331    -4    -5     T
       83  0.6933333E-01  0.13333E-02    4      335    -4    -5     T
       84  0.7066667E-01  0.13333E-02    4      339    -4    -5     T
       85  0.7200000E-01  0.13333E-02    4      343    -4    -5     T
       86  0.7333333E-01  0.13333E-02    4      347    -4    -5     T
       87  0.7466667E-01  0.13333E-02    4      351    -4    -5     T
       88  0.7600000E-01  0.13333E-02    4      355    -4    -5     T
       89  0.7733333E-01  0.13333E-02    4      359    -4    -5     T
       90  0.7866667E-01  0.13333E-02    4      363    -4    -5     T
       91  0.8000000E-01  0.13333E-02    3      366    -4    -5     T
       92  0.8200000E-01  0.20000E-02    4      370    -4    -5     T
       93  0.8400000E-01  0.20000E-02    5      375    -4    -5     T
       94  0.8571429E-01  0.17143E-02    5      380    -4    -5     T
       95  0.8742857E-01  0.17143E-02    5      385    -4    -5     T
       96  0.8914286E-01  0.17143E-02    4      389    -4    -5     T
       97  0.9085714E-01  0.17143E-02    4      393    -4    -5     T
       98  0.9257143E-01  0.17143E-02    4      397    -4    -5     T
       99  0.9428571E-01  0.17143E-02    4      401    -4    -5     T
      100  0.9600000E-01  0.17143E-02    4      405    -4    -5     T
      101  0.9771429E-01  0.17143E-02    4      409    -4    -5     T
      102  0.9942857E-01  0.17143E-02    5      414    -4    -5     T
      103  0.1011429E+00  0.17143E-02    4      418    -4    -5     T
      104  0.1028571E+00  0.17143E-02    4      422    -4    -5     T
      105  0.1045714E+00  0.17143E-02    4      426    -4    -5     T
      106  0.1062857E+00  0.17143E-02    4      430    -4    -5     T
      107  0.1080000E+00  0.17143E-02    4      434    -4    -5     T
      108  0.1097143E+00  0.17143E-02    4      438    -4    -5     T
      109  0.1114286E+00  0.17143E-02    4      442    -4    -5     T
      110  0.1131429E+00  0.17143E-02    4      446    -4    -5     T
      111  0.1148571E+00  0.17143E-02    4      450    -4    -5     T
      112  0.1165714E+00  0.17143E-02    4      454    -4    -5     T
      113  0.1182857E+00  0.17143E-02    4      458    -4    -5     T
      114  0.1200000E+00  0.17143E-02    4      462    -4    -5     T
      115  0.1217143E+00  0.17143E-02    4      466    -4    -5     T
      116  0.1234286E+00  0.17143E-02    4      470    -4    -5     T
      117  0.1251429E+00  0.17143E-02    4      474    -4    -5     T
      118  0.1268571E+00  0.17143E-02    4      478    -4    -5     T
      119  0.1285714E+00  0.17143E-02    4      482    -4    -5     T
      120  0.1302857E+00  0.17143E-02    4      486    -4    -5     T
      121  0.1320000E+00  0.17143E-02    4      490    -4    -5     T
      122  0.1337143E+00  0.17143E-02    4      494    -4    -5     T
      123  0.1354286E+00  0.17143E-02    4      498    -4    -5     T
      124  0.1371429E+00  0.17143E-02    4      502    -4    -5     T
      125  0.1388571E+00  0.17143E-02    4      506    -4    -5     T
      126  0.1405714E+00  0.17143E-02    4      510    -4    -5     T
      127  0.1422857E+00  0.17143E-02    4      514    -4    -5     T
      128  0.1440000E+00  0.17143E-02    4      518    -4    -5     T
      129  0.1457143E+00  0.17143E-02    4      522    -4    -5     T
      130  0.1474286E+00  0.17143E-02    4      526    -4    -5     T
      131  0.1491429E+00  0.17143E-02    4      530    -4    -5     T
      132  0.1508571E+00  0.17143E-02    4      534    -4    -5     T
      133  0.1525714E+00  0.17143E-02    4      538    -4    -5     T
      134  0.1542857E+00  0.17143E-02    4      542    -4    -5     T
      135  0.1560000E+00  0.17143E-02    4      546    -4    -5     T
      136  0.1577143E+00  0.17143E-02    4      550    -4    -5     T
      137  0.1594286E+00  0.17143E-02    4      554    -4    -5     T
      138  0.1611429E+00  0.17143E-02    4      558    -4    -5     T
      139  0.1628571E+00  0.17143E-02    4      562    -4    -5     T
      140  0.1645714E+00  0.17143E-02    4      566    -4    -5     T
      141  0.1662857E+00  0.17143E-02    4      570    -4    -5     T
      142  0.1680000E+00  0.17143E-02    4      574    -4    -5     T
      143  0.1697143E+00  0.17143E-02    4      578    -4    -5     T
      144  0.1714286E+00  0.17143E-02    4      582    -4    -5     T
      145  0.1731429E+00  0.17143E-02    4      586    -4    -5     T
      146  0.1748571E+00  0.17143E-02    4      590    -4    -5     T
      147  0.1765714E+00  0.17143E-02    4      594    -4    -5     T
      148  0.1782857E+00  0.17143E-02    4      598    -4    -5     T
      149  0.1800000E+00  0.17143E-02    4      602    -4    -5     T
      150  0.1817143E+00  0.17143E-02    4      606    -4    -5     T
      151  0.1834286E+00  0.17143E-02    4      610    -4    -5     T
      152  0.1851429E+00  0.17143E-02    4      614    -4    -5     T
      153  0.1868571E+00  0.17143E-02    4      618    -4    -5     T
      154  0.1885714E+00  0.17143E-02    4      622    -4    -5     T
      155  0.1902857E+00  0.17143E-02    4      626    -4    -5     T
      156  0.1920000E+00  0.17143E-02    4      630    -4    -5     T
      157  0.1937143E+00  0.17143E-02    4      634    -4    -5     T
      158  0.1954286E+00  0.17143E-02    4      638    -4    -5     T
      159  0.1971429E+00  0.17143E-02    4      642    -4    -5     T
      160  0.1988571E+00  0.17143E-02    4      646    -4    -5     T
      161  0.2005714E+00  0.17143E-02    4      650    -4    -5     T
      162  0.2022857E+00  0.17143E-02    4      654    -4    -5     T
      163  0.2040000E+00  0.17143E-02    4      658    -4    -5     T
      164  0.2057143E+00  0.17143E-02    4      662    -4    -5     T
      165  0.2074286E+00  0.17143E-02    4      666    -4    -5     T
      166  0.2091429E+00  0.17143E-02    4      670    -4    -5     T
      167  0.2108571E+00  0.17143E-02    4      674    -4    -5     T
      168  0.2125714E+00  0.17143E-02    4      678    -4    -5     T
      169  0.2142857E+00  0.17143E-02    4      682    -4    -5     T
      170  0.2160000E+00  0.17143E-02    4      686    -4    -5     T
      171  0.2177143E+00  0.17143E-02    4      690    -4    -5     T
      172  0.2194286E+00  0.17143E-02    4      694    -4    -5     T
      173  0.2211429E+00  0.17143E-02    4      698    -4    -5     T
      174  0.2228571E+00  0.17143E-02    4      702    -4    -5     T
      175  0.2245714E+00  0.17143E-02    4      706    -4    -5     T
      176  0.2262857E+00  0.17143E-02    3      709    -4    -5     T
      177  0.2280000E+00  0.17143E-02    4      713    -4    -5     T
      178  0.2297143E+00  0.17143E-02    4      717    -4    -5     T
      179  0.2314286E+00  0.17143E-02    3      720    -4    -5     T
      180  0.2335714E+00  0.21429E-02    4      724    -4    -5     T
      181  0.2357143E+00  0.21429E-02    4      728    -4    -5     T
      182  0.2378571E+00  0.21429E-02    5      733    -4    -5     T
      183  0.2400000E+00  0.21429E-02    5      738    -4    -5     T
      184  0.2425000E+00  0.25000E-02    6      744    -4    -5     T
      185  0.2450000E+00  0.25000E-02    6      750    -4    -5     T
      186  0.2475000E+00  0.25000E-02    5      755    -4    -5     T
      187  0.2500000E+00  0.25000E-02    5      760    -4    -5     T
      188  0.2520000E+00  0.20000E-02    4      764    -4    -5     T
      189  0.2544000E+00  0.24000E-02    4      768    -4    -5     T
      190  0.2568000E+00  0.24000E-02    5      773    -4    -5     T
      191  0.2592000E+00  0.24000E-02    5      778    -4    -5     T
      192  0.2616000E+00  0.24000E-02    5      783    -4    -5     T
      193  0.2640000E+00  0.24000E-02    6      789    -4    -5     T
      194  0.2664000E+00  0.24000E-02    4      793    -4    -5     T
      195  0.2688000E+00  0.24000E-02    4      797    -4    -5     T
      196  0.2712000E+00  0.24000E-02    4      801    -4    -5     T
      197  0.2736000E+00  0.24000E-02    4      805    -4    -5     T
      198  0.2760000E+00  0.24000E-02    4      809    -4    -5     T
      199  0.2784000E+00  0.24000E-02    4      813    -4    -5     T
      200  0.2808000E+00  0.24000E-02    4      817    -4    -5     T
      201  0.2832000E+00  0.24000E-02    4      821    -4    -5     T
      202  0.2856000E+00  0.24000E-02    4      825    -4    -5     T
      203  0.2880000E+00  0.24000E-02    4      829    -4    -5     T
      204  0.2904000E+00  0.24000E-02    3      832    -4    -5     T
      205  0.2936000E+00  0.32000E-02    4      836    -4    -5     T
      206  0.2968000E+00  0.32000E-02    4      840    -4    -5     T
      207  0.3000000E+00  0.32000E-02    4      844    -4    -5     T
      208  0.3030000E+00  0.30000E-02    4      848    -4    -5     T
      209  0.3060000E+00  0.30000E-02    3      851    -4    -5     T
      210  0.3090000E+00  0.30000E-02    3      854    -4    -5     T
      211  0.3120000E+00  0.30000E-02    3      857    -4    -5     T
      212  0.3180000E+00  0.60000E-02    6      863    -4    -5     T
      213  0.3240000E+00  0.60000E-02    5      868    -4    -5     T
      214  0.3300000E+00  0.60000E-02    5      873    -4    -5     T
      215  0.3360000E+00  0.60000E-02    4      877    -4    -5     T
      216  0.3420000E+00  0.60000E-02    4      881    -4    -5     T
      217  0.3480000E+00  0.60000E-02    4      885    -4    -5     T
      218  0.3540000E+00  0.60000E-02    4      889    -4    -5     T
      219  0.3600000E+00  0.60000E-02    3      892    -4    -5     T
      220  0.3660000E+00  0.60000E-02    3      895    -4    -5     T
      221  0.3720000E+00  0.60000E-02    3      898    -4    -5     T
      222  0.3840000E+00  0.12000E-01    5      903    -4    -5     T
      223  0.3960000E+00  0.12000E-01    5      908    -4    -5     T
      224  0.4080000E+00  0.12000E-01    5      913    -4    -5     T
      225  0.4200000E+00  0.12000E-01    4      917    -4    -5     T
      226  0.4320000E+00  0.12000E-01    4      921    -4    -5     T
      227  0.4440000E+00  0.12000E-01    4      925    -4    -5     T
      228  0.4560000E+00  0.12000E-01    3      928    -4    -5     T
      229  0.4680000E+00  0.12000E-01    3      931    -4    -5     T
      230  0.4800000E+00  0.12000E-01    3      934    -4    -5     T
      231  0.4920000E+00  0.12000E-01    3      937    -4    -5     T
      232  0.5000000E+00  0.80000E-02    2      939    -4    -5     T
      233  0.5040000E+00  0.40000E-02    2      941    -4    -5     T
      234  0.5160000E+00  0.12000E-01    3      944    -4    -5     T
      235  0.5280000E+00  0.12000E-01    2      946    -4    -5     T
      236  0.5400000E+00  0.12000E-01    2      948    -4    -5     T
      237  0.5520000E+00  0.12000E-01    2      950    -4    -5     T
      238  0.5640000E+00  0.12000E-01    2      952    -4    -5     T
      239  0.5760000E+00  0.12000E-01    2      954    -4    -5     T
      240  0.5880000E+00  0.12000E-01    2      956    -4    -5     T
      241  0.6000000E+00  0.12000E-01    2      958    -4    -5     T
      242  0.6120000E+00  0.12000E-01    2      960    -4    -5     T
      243  0.6240000E+00  0.12000E-01    2      962    -4    -5     T
      244  0.6360000E+00  0.12000E-01    2      964    -4    -5     T
      245  0.6480000E+00  0.12000E-01    2      966    -4    -5     T
      246  0.6600000E+00  0.12000E-01    2      968    -4    -5     T
      247  0.6720000E+00  0.12000E-01    2      970    -4    -5     T
      248  0.6840000E+00  0.12000E-01    2      972    -4    -5     T
      249  0.6960000E+00  0.12000E-01    2      974    -4    -5     T
      250  0.7080000E+00  0.12000E-01    2      976    -4    -5     T
      251  0.7200000E+00  0.12000E-01    2      978    -4    -5     T
      252  0.7320000E+00  0.12000E-01    2      980    -4    -5     T
      253  0.7440000E+00  0.12000E-01    2      982    -4    -5     T
      254  0.7560000E+00  0.12000E-01    2      984    -4    -5     T
      255  0.7680000E+00  0.12000E-01    2      986    -4    -5     T
      256  0.7800000E+00  0.12000E-01    2      988    -4    -5     T
      257  0.7920000E+00  0.12000E-01    2      990    -4    -5     T
      258  0.8040000E+00  0.12000E-01    2      992    -4    -5     T
      259  0.8160000E+00  0.12000E-01    2      994    -4    -5     T
      260  0.8280000E+00  0.12000E-01    2      996    -4    -5     T
      261  0.8400000E+00  0.12000E-01    2      998    -4    -5     T
      262  0.8520000E+00  0.12000E-01    2     1000    -4    -5     T
      263  0.8640000E+00  0.12000E-01    2     1002    -4    -5     T
      264  0.8760000E+00  0.12000E-01    2     1004    -4    -5     T
      265  0.8880000E+00  0.12000E-01    2     1006    -4    -5     T
      266  0.9000000E+00  0.12000E-01    2     1008    -4    -5     T
      267  0.9120000E+00  0.12000E-01    2     1010    -4    -5     T
      268  0.9240000E+00  0.12000E-01    2     1012    -4    -5     T
      269  0.9360000E+00  0.12000E-01    2     1014    -4    -5     T
      270  0.9480000E+00  0.12000E-01    2     1016    -4    -5     T
      271  0.9600000E+00  0.12000E-01    2     1018    -4    -5     T
      272  0.9720000E+00  0.12000E-01    2     1020    -4    -5     T
      273  0.9840000E+00  0.12000E-01    2     1022    -4    -5     T
      274  0.9960000E+00  0.12000E-01    2     1024    -4    -5     T
      275  0.1000000E+01  0.40000E-02    2     1026    -4    -5     T
      276  0.1000100E+01  0.10000E-03    3     1029    -4    -5     T
      277  0.1000230E+01  0.13000E-03    2     1031    -4    -5     T
      278  0.1000399E+01  0.16900E-03    2     1033    -4    -5     T
      279  0.1000619E+01  0.21970E-03    2     1035    -4    -5     T
      280  0.1000904E+01  0.28561E-03    2     1037    -4    -5     T
      281  0.1001276E+01  0.37129E-03    2     1039    -4    -5     T
      282  0.1001758E+01  0.48268E-03    2     1041    -4    -5     T
      283  0.1002382E+01  0.62417E-03    2     1043    -4    -5     T
      284  0.1003185E+01  0.80251E-03    2     1045    -4    -5     T
      285  0.1004148E+01  0.96301E-03    2     1047    -4    -5     T
      286  0.1005432E+01  0.12840E-02    2     1049    -4    -5     T
      287  0.1008000E+01  0.25680E-02    3     1052    -4    -5     T
      288  0.1010400E+01  0.24000E-02    3     1055    -4    -5     T
      289  0.1013600E+01  0.32000E-02    3     1058    -4    -5     T
      290  0.1016800E+01  0.32000E-02    3     1061    -4    -5     T
      291  0.1020000E+01  0.32000E-02    3     1064    -4    -5     T
      292  0.1026000E+01  0.60000E-02    4     1068    -4    -5     T
      293  0.1032000E+01  0.60000E-02    3     1071    -4    -5     T
      294  0.1038000E+01  0.60000E-02    3     1074    -4    -5     T
      295  0.1044000E+01  0.60000E-02    3     1077    -4    -5     T
      296  0.1056000E+01  0.12000E-01    4     1081    -4    -5     T
      297  0.1068000E+01  0.12000E-01    4     1085    -4    -5     T
      298  0.1080000E+01  0.12000E-01    3     1088    -4    -5     T
      299  0.1092000E+01  0.12000E-01    3     1091    -4    -5     T
      300  0.1104000E+01  0.12000E-01    3     1094    -4    -5     T
      301  0.1116000E+01  0.12000E-01    3     1097    -4    -5     T
      302  0.1128000E+01  0.12000E-01    2     1099    -4    -5     T
      303  0.1140000E+01  0.12000E-01    2     1101    -4    -5     T
      304  0.1152000E+01  0.12000E-01    2     1103    -4    -5     T
      305  0.1164000E+01  0.12000E-01    2     1105    -4    -5     T
      306  0.1176000E+01  0.12000E-01    2     1107    -4    -5     T
      307  0.1188000E+01  0.12000E-01    2     1109    -4    -5     T
      308  0.1200000E+01  0.12000E-01    2     1111    -4    -5     T
      309  0.1212000E+01  0.12000E-01    2     1113    -4    -5     T
      310  0.1224000E+01  0.12000E-01    2     1115    -4    -5     T
      311  0.1236000E+01  0.12000E-01    2     1117    -4    -5     T
      312  0.1248000E+01  0.12000E-01    2     1119    -4    -5     T
      313  0.1260000E+01  0.12000E-01    2     1121    -4    -5     T
      314  0.1272000E+01  0.12000E-01    2     1123    -4    -5     T
      315  0.1284000E+01  0.12000E-01    2     1125    -4    -5     T
      316  0.1296000E+01  0.12000E-01    2     1127    -4    -5     T
      317  0.1308000E+01  0.12000E-01    2     1129    -4    -5     T
      318  0.1320000E+01  0.12000E-01    2     1131    -4    -5     T
      319  0.1332000E+01  0.12000E-01    2     1133    -4    -5     T
      320  0.1344000E+01  0.12000E-01    2     1135    -4    -5     T
      321  0.1356000E+01  0.12000E-01    2     1137    -4    -5     T
      322  0.1368000E+01  0.12000E-01    2     1139    -4    -5     T
      323  0.1380000E+01  0.12000E-01    2     1141    -4    -5     T
      324  0.1392000E+01  0.12000E-01    2     1143    -4    -5     T
      325  0.1404000E+01  0.12000E-01    2     1145    -4    -5     T
      326  0.1416000E+01  0.12000E-01    2     1147    -4    -5     T
      327  0.1428000E+01  0.12000E-01    2     1149    -4    -5     T
      328  0.1440000E+01  0.12000E-01    2     1151    -4    -5     T
      329  0.1452000E+01  0.12000E-01    2     1153    -4    -5     T
      330  0.1464000E+01  0.12000E-01    2     1155    -4    -5     T
      331  0.1476000E+01  0.12000E-01    3     1158    -4    -5     T
      332  0.1488000E+01  0.12000E-01    3     1161    -4    -5     T
      333  0.1500000E+01  0.12000E-01    3     1164    -4    -5     T
      334  0.1512000E+01  0.12000E-01    4     1168    -4    -5     T
      335  0.1524000E+01  0.12000E-01    4     1172    -4    -5     T
      336  0.1536000E+01  0.12000E-01    4     1176    -4    -5     T
      337  0.1548000E+01  0.12000E-01    4     1180    -4    -5     T
      338  0.1560000E+01  0.12000E-01    4     1184    -4    -5     T
      339  0.1572000E+01  0.12000E-01    4     1188    -4    -5     T
      340  0.1584000E+01  0.12000E-01    4     1192    -4    -5     T
      341  0.1596000E+01  0.12000E-01    4     1196    -4    -5     T
      342  0.1608000E+01  0.12000E-01    4     1200    -4    -5     T
      343  0.1620000E+01  0.12000E-01    4     1204    -4    -5     T
      344  0.1632000E+01  0.12000E-01    4     1208    -4    -5     T
      345  0.1644000E+01  0.12000E-01    4     1212    -4    -5     T
      346  0.1656000E+01  0.12000E-01    4     1216    -4    -5     T
      347  0.1668000E+01  0.12000E-01    4     1220    -4    -5     T
      348  0.1680000E+01  0.12000E-01    4     1224    -4    -5     T
      349  0.1692000E+01  0.12000E-01    4     1228    -4    -5     T
      350  0.1704000E+01  0.12000E-01    3     1231    -4    -5     T
      351  0.1716000E+01  0.12000E-01    3     1234    -4    -5     T
      352  0.1728000E+01  0.12000E-01    3     1237    -4    -5     T
      353  0.1740000E+01  0.12000E-01    3     1240    -4    -5     T
      354  0.1752000E+01  0.12000E-01    3     1243    -4    -5     T
      355  0.1764000E+01  0.12000E-01    3     1246    -4    -5     T
      356  0.1776000E+01  0.12000E-01    3     1249    -4    -5     T
      357  0.1788000E+01  0.12000E-01    3     1252    -4    -5     T
      358  0.1800000E+01  0.12000E-01    2     1254    -4    -5     T
      359  0.1812000E+01  0.12000E-01    2     1256    -4    -5     T
      360  0.1824000E+01  0.12000E-01    2     1258    -4    -5     T
      361  0.1836000E+01  0.12000E-01    2     1260    -4    -5     T
      362  0.1848000E+01  0.12000E-01    2     1262    -4    -5     T
      363  0.1860000E+01  0.12000E-01    2     1264    -4    -5     T
      364  0.1872000E+01  0.12000E-01    2     1266    -4    -5     T
      365  0.1884000E+01  0.12000E-01    2     1268    -4    -5     T
      366  0.1896000E+01  0.12000E-01    2     1270    -4    -5     T
      367  0.1908000E+01  0.12000E-01    2     1272    -4    -5     T
      368  0.1920000E+01  0.12000E-01    2     1274    -4    -5     T
      369  0.1932000E+01  0.12000E-01    2     1276    -4    -5     T
      370  0.1944000E+01  0.12000E-01    2     1278    -4    -5     T
      371  0.1956000E+01  0.12000E-01    2     1280    -4    -5     T
      372  0.1968000E+01  0.12000E-01    2     1282    -4    -5     T
      373  0.1980000E+01  0.12000E-01    2     1284    -4    -5     T
      374  0.1992000E+01  0.12000E-01    2     1286    -4    -5     T
      375  0.2000000E+01  0.80000E-02    2     1288    -4    -5     T
      376  0.2000100E+01  0.10000E-03    2     1290    -4    -5     T
      377  0.2000230E+01  0.13000E-03    2     1292    -4    -5     T
      378  0.2000399E+01  0.16900E-03    2     1294    -4    -5     T
      379  0.2000619E+01  0.21970E-03    2     1296    -4    -5     T
      380  0.2000904E+01  0.28561E-03    2     1298    -4    -5     T
      381  0.2001291E+01  0.38696E-03    2     1300    -4    -5     T
      382  0.2001743E+01  0.45145E-03    2     1302    -4    -5     T
      383  0.2002307E+01  0.56432E-03    2     1304    -4    -5     T
      384  0.2003154E+01  0.84648E-03    2     1306    -4    -5     T
      385  0.2004000E+01  0.84648E-03    2     1308    -4    -5     T
      386  0.2005060E+01  0.10604E-02    2     1310    -4    -5     T
      387  0.2006428E+01  0.13674E-02    2     1312    -4    -5     T
      388  0.2008342E+01  0.19144E-02    2     1314    -4    -5     T
      389  0.2010895E+01  0.25526E-02    2     1316    -4    -5     T
      390  0.2013447E+01  0.25526E-02    2     1318    -4    -5     T
      391  0.2016000E+01  0.25526E-02    2     1320    -4    -5     T
      392  0.2020000E+01  0.40000E-02    2     1322    -4    -5     T
      393  0.2024000E+01  0.40000E-02    2     1324    -4    -5     T
      394  0.2028000E+01  0.40000E-02    2     1326    -4    -5     T
      395  0.2034000E+01  0.60000E-02    2     1328    -4    -5     T
      396  0.2040000E+01  0.60000E-02    2     1330    -4    -5     T
      397  0.2052000E+01  0.12000E-01    3     1333    -4    -5     T
      398  0.2064000E+01  0.12000E-01    3     1336    -4    -5     T
      399  0.2076000E+01  0.12000E-01    3     1339    -4    -5     T
      400  0.2088000E+01  0.12000E-01    2     1341    -4    -5     T
      401  0.2100000E+01  0.12000E-01    2     1343    -4    -5     T
      402  0.2112000E+01  0.12000E-01    2     1345    -4    -5     T
      403  0.2124000E+01  0.12000E-01    2     1347    -4    -5     T
      404  0.2136000E+01  0.12000E-01    2     1349    -4    -5     T
      405  0.2148000E+01  0.12000E-01    2     1351    -4    -5     T
      406  0.2160000E+01  0.12000E-01    2     1353    -4    -5     T
      407  0.2172000E+01  0.12000E-01    2     1355    -4    -5     T
      408  0.2184000E+01  0.12000E-01    2     1357    -4    -5     T
      409  0.2196000E+01  0.12000E-01    2     1359    -4    -5     T
      410  0.2208000E+01  0.12000E-01    2     1361    -4    -5     T
      411  0.2220000E+01  0.12000E-01    2     1363    -4    -5     T
      412  0.2232000E+01  0.12000E-01    2     1365    -4    -5     T
      413  0.2244000E+01  0.12000E-01    2     1367    -4    -5     T
      414  0.2256000E+01  0.12000E-01    2     1369    -4    -5     T
      415  0.2268000E+01  0.12000E-01    2     1371    -4    -5     T
      416  0.2280000E+01  0.12000E-01    2     1373    -4    -5     T
      417  0.2292000E+01  0.12000E-01    2     1375    -4    -5     T
      418  0.2304000E+01  0.12000E-01    2     1377    -4    -5     T
      419  0.2316000E+01  0.12000E-01    2     1379    -4    -5     T
      420  0.2328000E+01  0.12000E-01    2     1381    -4    -5     T
      421  0.2340000E+01  0.12000E-01    2     1383    -4    -5     T
      422  0.2352000E+01  0.12000E-01    2     1385    -4    -5     T
      423  0.2364000E+01  0.12000E-01    2     1387    -4    -5     T
      424  0.2376000E+01  0.12000E-01    2     1389    -4    -5     T
      425  0.2388000E+01  0.12000E-01    2     1391    -4    -5     T
      426  0.2400000E+01  0.12000E-01    2     1393    -4    -5     T
      427  0.2412000E+01  0.12000E-01    2     1395    -4    -5     T
      428  0.2424000E+01  0.12000E-01    2     1397    -4    -5     T
      429  0.2436000E+01  0.12000E-01    2     1399    -4    -5     T
      430  0.2448000E+01  0.12000E-01    2     1401    -4    -5     T
      431  0.2460000E+01  0.12000E-01    2     1403    -4    -5     T
      432  0.2472000E+01  0.12000E-01    2     1405    -4    -5     T
      433  0.2484000E+01  0.12000E-01    2     1407    -4    -5     T
      434  0.2496000E+01  0.12000E-01    2     1409    -4    -5     T
      435  0.2500000E+01  0.40000E-02    2     1411    -4    -5     T
      436  0.2508000E+01  0.80000E-02    4     1415    -4    -5     T
      437  0.2520000E+01  0.12000E-01    2     1417    -4    -5     T
      438  0.2532000E+01  0.12000E-01    2     1419    -4    -5     T
      439  0.2544000E+01  0.12000E-01    3     1422    -4    -5     T
      440  0.2556000E+01  0.12000E-01    3     1425    -4    -5     T
      441  0.2568000E+01  0.12000E-01    3     1428    -4    -5     T
      442  0.2580000E+01  0.12000E-01    3     1431    -4    -5     T
      443  0.2592000E+01  0.12000E-01    3     1434    -4    -5     T
      444  0.2604000E+01  0.12000E-01    3     1437    -4    -5     T
      445  0.2616000E+01  0.12000E-01    3     1440    -4    -5     T
      446  0.2628000E+01  0.12000E-01    4     1444    -4    -5     T
      447  0.2640000E+01  0.12000E-01    4     1448    -4    -5     T
      448  0.2652000E+01  0.12000E-01    4     1452    -4    -5     T
      449  0.2664000E+01  0.12000E-01    4     1456    -4    -5     T
      450  0.2676000E+01  0.12000E-01    4     1460    -4    -5     T
      451  0.2688000E+01  0.12000E-01    4     1464    -4    -5     T
      452  0.2700000E+01  0.12000E-01    3     1467    -4    -5     T
      453  0.2712000E+01  0.12000E-01    3     1470    -4    -5     T
      454  0.2724000E+01  0.12000E-01    3     1473    -4    -5     T
      455  0.2736000E+01  0.12000E-01    3     1476    -4    -5     T
      456  0.2748000E+01  0.12000E-01    3     1479    -4    -5     T
      457  0.2760000E+01  0.12000E-01    3     1482    -4    -5     T
      458  0.2772000E+01  0.12000E-01    3     1485    -4    -5     T
      459  0.2784000E+01  0.12000E-01    3     1488    -4    -5     T
      460  0.2796000E+01  0.12000E-01    3     1491    -4    -5     T
      461  0.2808000E+01  0.12000E-01    3     1494    -4    -5     T
      462  0.2820000E+01  0.12000E-01    3     1497    -4    -5     T
      463  0.2832000E+01  0.12000E-01    3     1500    -4    -5     T
      464  0.2844000E+01  0.12000E-01    3     1503    -4    -5     T
      465  0.2856000E+01  0.12000E-01    2     1505    -4    -5     T
      466  0.2868000E+01  0.12000E-01    2     1507    -4    -5     T
      467  0.2880000E+01  0.12000E-01    2     1509    -4    -5     T
      468  0.2892000E+01  0.12000E-01    2     1511    -4    -5     T
      469  0.2904000E+01  0.12000E-01    2     1513    -4    -5     T
      470  0.2916000E+01  0.12000E-01    2     1515    -4    -5     T
      471  0.2928000E+01  0.12000E-01    2     1517    -4    -5     T
      472  0.2940000E+01  0.12000E-01    2     1519    -4    -5     T
      473  0.2952000E+01  0.12000E-01    2     1521    -4    -5     T
      474  0.2964000E+01  0.12000E-01    2     1523    -4    -5     T
      475  0.2976000E+01  0.12000E-01    2     1525    -4    -5     T
      476  0.2988000E+01  0.12000E-01    2     1527    -4    -5     T
      477  0.3000000E+01  0.12000E-01    2     1529    -4    -5     T
end
