 ******* Program HYDRUS
 ******* 
 Infiltration of water into soil profile                                 
 Date:  29. 2.    Time:  14:23:46
 Units: L = cm   , T = days , M = mmol 


    TLevel      Time          dt      Iter    ItCum  KodT  KodB  Convergency

        1  0.1111111E-04  0.11111E-04    4       24    -4    -5     T
        2  0.2222222E-04  0.11111E-04    3       27    -4    -5     T
        3  0.3666667E-04  0.14444E-04    3       30    -4    -5     T
        4  0.5544444E-04  0.18778E-04    3       33    -4    -5     T
        5  0.7985555E-04  0.24411E-04    3       36    -4    -5     T
        6  0.1115900E-03  0.31734E-04    3       39    -4    -5     T
        7  0.1528448E-03  0.41255E-04    4       43    -4    -5     T
        8  0.1940995E-03  0.41255E-04    4       47    -4    -5     T
        9  0.2353543E-03  0.41255E-04    4       51    -4    -5     T
       10  0.2766091E-03  0.41255E-04    3       54    -4    -5     T
       11  0.3302403E-03  0.53631E-04    3       57    -4    -5     T
       12  0.3999609E-03  0.69721E-04    4       61    -4    -5     T
       13  0.4696814E-03  0.69721E-04    3       64    -4    -5     T
       14  0.5603181E-03  0.90637E-04    3       67    -4    -5     T
       15  0.6781459E-03  0.11783E-03    8       75    -4    -5     T
       16  0.7606253E-03  0.82479E-04    4       79    -4    -5     T
       17  0.8431047E-03  0.82479E-04    2       81    -4    -5     T
       18  0.9503280E-03  0.10722E-03    3       84    -4    -5     T
       19  0.1089718E-02  0.13939E-03    4       88    -4    -5     T
       20  0.1229108E-02  0.13939E-03    5       93    -4    -5     T
       21  0.1368499E-02  0.13939E-03    4       97    -4    -5     T
       22  0.1507889E-02  0.13939E-03    4      101    -4    -5     T
       23  0.1647279E-02  0.13939E-03    4      105    -4    -5     T
       24  0.1786669E-02  0.13939E-03    3      108    -4    -5     T
       25  0.1967876E-02  0.18121E-03    4      112    -4    -5     T
       26  0.2149084E-02  0.18121E-03    6      118    -4    -5     T
       27  0.2330291E-02  0.18121E-03    5      123    -4    -5     T
       28  0.2511498E-02  0.18121E-03    4      127    -4    -5     T
       29  0.2692705E-02  0.18121E-03    4      131    -4    -5     T
       30  0.2873913E-02  0.18121E-03    3      134    -4    -5     T
       31  0.3109482E-02  0.23557E-03    4      138    -4    -5     T
       32  0.3345052E-02  0.23557E-03    5      143    -4    -5     T
       33  0.3580621E-02  0.23557E-03    3      146    -4    -5     T
       34  0.3886861E-02  0.30624E-03    5      151    -4    -5     T
       35  0.4193102E-02  0.30624E-03    5      156    -4    -5     T
       36  0.4499342E-02  0.30624E-03    5      161    -4    -5     T
       37  0.4805582E-02  0.30624E-03    4      165    -4    -5     T
       38  0.5111822E-02  0.30624E-03    4      169    -4    -5     T
       39  0.5418063E-02  0.30624E-03    5      174    -4    -5     T
       40  0.5724303E-02  0.30624E-03    4      178    -4    -5     T
       41  0.6030543E-02  0.30624E-03    3      181    -4    -5     T
       42  0.6428655E-02  0.39811E-03    4      185    -4    -5     T
       43  0.6826768E-02  0.39811E-03    5      190    -4    -5     T
       44  0.7224880E-02  0.39811E-03    5      195    -4    -5     T
       45  0.7622992E-02  0.39811E-03    5      200    -4    -5     T
       46  0.8021105E-02  0.39811E-03    5      205    -4    -5     T
       47  0.8418994E-02  0.39789E-03    4      209    -4    -5     T
       48  0.8816884E-02  0.39789E-03    5      214    -4    -5     T
       49  0.9214773E-02  0.39789E-03    5      219    -4    -5     T
       50  0.9612663E-02  0.39789E-03    5      224    -4    -5     T
       51  0.1001055E-01  0.39789E-03    4      228    -4    -5     T
       52  0.1040844E-01  0.39789E-03    4      232    -4    -5     T
       53  0.1080633E-01  0.39789E-03    4      236    -4    -5     T
       54  0.1120422E-01  0.39789E-03    4      240    -4    -5     T
       55  0.1160211E-01  0.39789E-03    5      245    -4    -5     T
       56  0.1200000E-01  0.39789E-03    4      249    -4    -5     T
       57  0.1239811E-01  0.39811E-03    4      253    -4    -5     T
       58  0.1279622E-01  0.39811E-03    4      257    -4    -5     T
       59  0.1319434E-01  0.39811E-03    4      261    -4    -5     T
       60  0.1359245E-01  0.39811E-03    4      265    -4    -5     T
       61  0.1399056E-01  0.39811E-03    4      269    -4    -5     T
       62  0.1438867E-01  0.39811E-03    5      274    -4    -5     T
       63  0.1478679E-01  0.39811E-03    4      278    -4    -5     T
       64  0.1518490E-01  0.39811E-03    4      282    -4    -5     T
       65  0.1558301E-01  0.39811E-03    4      286    -4    -5     T
       66  0.1598112E-01  0.39811E-03    5      291    -4    -5     T
       67  0.1637924E-01  0.39811E-03    4      295    -4    -5     T
       68  0.1677735E-01  0.39811E-03    4      299    -4    -5     T
       69  0.1717546E-01  0.39811E-03    3      302    -4    -5     T
       70  0.1769301E-01  0.51755E-03    5      307    -4    -5     T
       71  0.1821055E-01  0.51755E-03    5      312    -4    -5     T
       72  0.1872810E-01  0.51755E-03    5      317    -4    -5     T
       73  0.1925529E-01  0.52719E-03    5      322    -4    -5     T
       74  0.1978248E-01  0.52719E-03    5      327    -4    -5     T
       75  0.2030967E-01  0.52719E-03    5      332    -4    -5     T
       76  0.2083686E-01  0.52719E-03    5      337    -4    -5     T
       77  0.2136405E-01  0.52719E-03    4      341    -4    -5     T
       78  0.2189124E-01  0.52719E-03    4      345    -4    -5     T
       79  0.2241843E-01  0.52719E-03    5      350    -4    -5     T
       80  0.2294562E-01  0.52719E-03    4      354    -4    -5     T
       81  0.2347281E-01  0.52719E-03    4      358    -4    -5     T
       82  0.2400000E-01  0.52719E-03    5      363    -4    -5     T
       83  0.2451755E-01  0.51755E-03    4      367    -4    -5     T
       84  0.2503509E-01  0.51755E-03    4      371    -4    -5     T
       85  0.2555264E-01  0.51755E-03    5      376    -4    -5     T
       86  0.2607018E-01  0.51755E-03    5      381    -4    -5     T
       87  0.2658773E-01  0.51755E-03    5      386    -4    -5     T
       88  0.2710528E-01  0.51755E-03    4      390    -4    -5     T
       89  0.2762282E-01  0.51755E-03    5      395    -4    -5     T
       90  0.2814037E-01  0.51755E-03    4      399    -4    -5     T
       91  0.2865791E-01  0.51755E-03    4      403    -4    -5     T
       92  0.2917546E-01  0.51755E-03    4      407    -4    -5     T
       93  0.2969301E-01  0.51755E-03    4      411    -4    -5     T
       94  0.3021055E-01  0.51755E-03    4      415    -4    -5     T
       95  0.3072810E-01  0.51755E-03    5      420    -4    -5     T
       96  0.3125529E-01  0.52719E-03    5      425    -4    -5     T
       97  0.3178248E-01  0.52719E-03    4      429    -4    -5     T
       98  0.3230967E-01  0.52719E-03    4      433    -4    -5     T
       99  0.3283686E-01  0.52719E-03    4      437    -4    -5     T
      100  0.3336405E-01  0.52719E-03    4      441    -4    -5     T
      101  0.3389124E-01  0.52719E-03    4      445    -4    -5     T
      102  0.3441843E-01  0.52719E-03    5      450    -4    -5     T
      103  0.3494562E-01  0.52719E-03    4      454    -4    -5     T
      104  0.3547281E-01  0.52719E-03    4      458    -4    -5     T
      105  0.3600000E-01  0.52719E-03    5      463    -4    -5     T
      106  0.3651755E-01  0.51755E-03    5      468    -4    -5     T
      107  0.3703509E-01  0.51755E-03    4      472    -4    -5     T
      108  0.3755264E-01  0.51755E-03    4      476    -4    -5     T
      109  0.3807018E-01  0.51755E-03    4      480    -4    -5     T
      110  0.3858773E-01  0.51755E-03    4      484    -4    -5     T
      111  0.3910528E-01  0.51755E-03    4      488    -4    -5     T
      112  0.3962282E-01  0.51755E-03    5      493    -4    -5     T
      113  0.4014037E-01  0.51755E-03    4      497    -4    -5     T
      114  0.4065791E-01  0.51755E-03    3      500    -4    -5     T
      115  0.4133072E-01  0.67281E-03    5      505    -4    -5     T
      116  0.4199765E-01  0.66693E-03    5      510    -4    -5     T
      117  0.4266458E-01  0.66693E-03    6      516    -4    -5     T
      118  0.4333151E-01  0.66693E-03    5      521    -4    -5     T
      119  0.4399843E-01  0.66693E-03    5      526    -4    -5     T
      120  0.4466536E-01  0.66693E-03    5      531    -4    -5     T
      121  0.4533229E-01  0.66693E-03    5      536    -4    -5     T
      122  0.4599922E-01  0.66693E-03    5      541    -4    -5     T
      123  0.4666614E-01  0.66693E-03    4      545    -4    -5     T
      124  0.4733307E-01  0.66693E-03    5      550    -4    -5     T
      125  0.4800000E-01  0.66693E-03    5      555    -4    -5     T
      126  0.4867281E-01  0.67281E-03    4      559    -4    -5     T
      127  0.4934562E-01  0.67281E-03    5      564    -4    -5     T
      128  0.5001843E-01  0.67281E-03    6      570    -4    -5     T
      129  0.5069124E-01  0.67281E-03    5      575    -4    -5     T
      130  0.5136405E-01  0.67281E-03    5      580    -4    -5     T
      131  0.5203686E-01  0.67281E-03    6      586    -4    -5     T
      132  0.5270967E-01  0.67281E-03    5      591    -4    -5     T
      133  0.5338248E-01  0.67281E-03    5      596    -4    -5     T
      134  0.5404423E-01  0.66175E-03    4      600    -4    -5     T
      135  0.5470598E-01  0.66175E-03    5      605    -4    -5     T
      136  0.5536773E-01  0.66175E-03    5      610    -4    -5     T
      137  0.5602949E-01  0.66175E-03    4      614    -4    -5     T
      138  0.5669124E-01  0.66175E-03    5      619    -4    -5     T
      139  0.5735299E-01  0.66175E-03    5      624    -4    -5     T
      140  0.5801474E-01  0.66175E-03    4      628    -4    -5     T
      141  0.5867650E-01  0.66175E-03    5      633    -4    -5     T
      142  0.5933825E-01  0.66175E-03    5      638    -4    -5     T
      143  0.6000000E-01  0.66175E-03    4      642    -4    -5     T
      144  0.6067281E-01  0.67281E-03    5      647    -4    -5     T
      145  0.6134562E-01  0.67281E-03    5      652    -4    -5     T
      146  0.6201843E-01  0.67281E-03    4      656    -4    -5     T
      147  0.6269124E-01  0.67281E-03    5      661    -4    -5     T
      148  0.6336405E-01  0.67281E-03    5      666    -4    -5     T
      149  0.6403686E-01  0.67281E-03    4      670    -4    -5     T
      150  0.6470967E-01  0.67281E-03    5      675    -4    -5     T
      151  0.6538248E-01  0.67281E-03    5      680    -4    -5     T
      152  0.6604423E-01  0.66175E-03    4      684    -4    -5     T
      153  0.6670598E-01  0.66175E-03    5      689    -4    -5     T
      154  0.6736773E-01  0.66175E-03    5      694    -4    -5     T
      155  0.6802949E-01  0.66175E-03    4      698    -4    -5     T
      156  0.6869124E-01  0.66175E-03    5      703    -4    -5     T
      157  0.6935299E-01  0.66175E-03    4      707    -4    -5     T
      158  0.7001474E-01  0.66175E-03    4      711    -4    -5     T
      159  0.7067650E-01  0.66175E-03    5      716    -4    -5     T
      160  0.7133825E-01  0.66175E-03    4      720    -4    -5     T
      161  0.7200000E-01  0.66175E-03    4      724    -4    -5     T
      162  0.7267281E-01  0.67281E-03    5      729    -4    -5     T
      163  0.7334562E-01  0.67281E-03    4      733    -4    -5     T
      164  0.7401843E-01  0.67281E-03    4      737    -4    -5     T
      165  0.7469124E-01  0.67281E-03    5      742    -4    -5     T
      166  0.7536405E-01  0.67281E-03    4      746    -4    -5     T
      167  0.7603686E-01  0.67281E-03    4      750    -4    -5     T
      168  0.7670967E-01  0.67281E-03    5      755    -4    -5     T
      169  0.7738248E-01  0.67281E-03    5      760    -4    -5     T
      170  0.7804423E-01  0.66175E-03    4      764    -4    -5     T
      171  0.7870598E-01  0.66175E-03    4      768    -4    -5     T
      172  0.7936773E-01  0.66175E-03    5      773    -4    -5     T
      173  0.8002949E-01  0.66175E-03    6      779    -4    -5     T
      174  0.8069124E-01  0.66175E-03    4      783    -4    -5     T
      175  0.8135299E-01  0.66175E-03    5      788    -4    -5     T
      176  0.8201474E-01  0.66175E-03    4      792    -4    -5     T
      177  0.8267650E-01  0.66175E-03    4      796    -4    -5     T
      178  0.8333825E-01  0.66175E-03    4      800    -4    -5     T
      179  0.8400000E-01  0.66175E-03    4      804    -4    -5     T
      180  0.8467281E-01  0.67281E-03    4      808    -4    -5     T
      181  0.8534562E-01  0.67281E-03    4      812    -4    -5     T
      182  0.8601843E-01  0.67281E-03    4      816    -4    -5     T
      183  0.8669124E-01  0.67281E-03    4      820    -4    -5     T
      184  0.8736405E-01  0.67281E-03    4      824    -4    -5     T
      185  0.8803686E-01  0.67281E-03    4      828    -4    -5     T
      186  0.8870967E-01  0.67281E-03    4      832    -4    -5     T
      187  0.8938248E-01  0.67281E-03    5      837    -4    -5     T
      188  0.9004423E-01  0.66175E-03    4      841    -4    -5     T
      189  0.9070598E-01  0.66175E-03    4      845    -4    -5     T
      190  0.9136773E-01  0.66175E-03    5      850    -4    -5     T
      191  0.9202949E-01  0.66175E-03    4      854    -4    -5     T
      192  0.9269124E-01  0.66175E-03    4      858    -4    -5     T
      193  0.9335299E-01  0.66175E-03    4      862    -4    -5     T
      194  0.9401474E-01  0.66175E-03    5      867    -4    -5     T
      195  0.9467650E-01  0.66175E-03    4      871    -4    -5     T
      196  0.9533825E-01  0.66175E-03    4      875    -4    -5     T
      197  0.9600000E-01  0.66175E-03    4      879    -4    -5     T
      198  0.9667281E-01  0.67281E-03    4      883    -4    -5     T
      199  0.9734562E-01  0.67281E-03    4      887    -4    -5     T
      200  0.9801843E-01  0.67281E-03    4      891    -4    -5     T
      201  0.9869124E-01  0.67281E-03    4      895    -4    -5     T
      202  0.9936405E-01  0.67281E-03    4      899    -4    -5     T
      203  0.1000369E+00  0.67281E-03    4      903    -4    -5     T
      204  0.1007097E+00  0.67281E-03    4      907    -4    -5     T
      205  0.1013825E+00  0.67281E-03    4      911    -4    -5     T
      206  0.1020442E+00  0.66175E-03    4      915    -4    -5     T
      207  0.1027060E+00  0.66175E-03    4      919    -4    -5     T
      208  0.1033677E+00  0.66175E-03    4      923    -4    -5     T
      209  0.1040295E+00  0.66175E-03    4      927    -4    -5     T
      210  0.1046912E+00  0.66175E-03    4      931    -4    -5     T
      211  0.1053530E+00  0.66175E-03    4      935    -4    -5     T
      212  0.1060147E+00  0.66175E-03    4      939    -4    -5     T
      213  0.1066765E+00  0.66175E-03    4      943    -4    -5     T
      214  0.1073382E+00  0.66175E-03    4      947    -4    -5     T
      215  0.1080000E+00  0.66175E-03    4      951    -4    -5     T
      216  0.1086728E+00  0.67281E-03    4      955    -4    -5     T
      217  0.1093456E+00  0.67281E-03    4      959    -4    -5     T
      218  0.1100184E+00  0.67281E-03    4      963    -4    -5     T
      219  0.1106912E+00  0.67281E-03    4      967    -4    -5     T
      220  0.1113640E+00  0.67281E-03    4      971    -4    -5     T
      221  0.1120369E+00  0.67281E-03    4      975    -4    -5     T
      222  0.1127097E+00  0.67281E-03    4      979    -4    -5     T
      223  0.1133825E+00  0.67281E-03    4      983    -4    -5     T
      224  0.1140442E+00  0.66175E-03    4      987    -4    -5     T
      225  0.1147060E+00  0.66175E-03    4      991    -4    -5     T
      226  0.1153677E+00  0.66175E-03    4      995    -4    -5     T
      227  0.1160295E+00  0.66175E-03    4      999    -4    -5     T
      228  0.1166912E+00  0.66175E-03    4     1003    -4    -5     T
      229  0.1173530E+00  0.66175E-03    5     1008    -4    -5     T
      230  0.1180147E+00  0.66175E-03    4     1012    -4    -5     T
      231  0.1186765E+00  0.66175E-03    4     1016    -4    -5     T
      232  0.1193382E+00  0.66175E-03    4     1020    -4    -5     T
      233  0.1200000E+00  0.66175E-03    4     1024    -4    -5     T
      234  0.1206728E+00  0.67281E-03    4     1028    -4    -5     T
      235  0.1213456E+00  0.67281E-03    4     1032    -4    -5     T
      236  0.1220184E+00  0.67281E-03    4     1036    -4    -5     T
      237  0.1226912E+00  0.67281E-03    4     1040    -4    -5     T
      238  0.1233640E+00  0.67281E-03    4     1044    -4    -5     T
      239  0.1240369E+00  0.67281E-03    4     1048    -4    -5     T
      240  0.1247097E+00  0.67281E-03    4     1052    -4    -5     T
      241  0.1253825E+00  0.67281E-03    5     1057    -4    -5     T
      242  0.1260442E+00  0.66175E-03    4     1061    -4    -5     T
      243  0.1267060E+00  0.66175E-03    4     1065    -4    -5     T
      244  0.1273677E+00  0.66175E-03    4     1069    -4    -5     T
      245  0.1280295E+00  0.66175E-03    4     1073    -4    -5     T
      246  0.1286912E+00  0.66175E-03    4     1077    -4    -5     T
      247  0.1293530E+00  0.66175E-03    4     1081    -4    -5     T
      248  0.1300147E+00  0.66175E-03    4     1085    -4    -5     T
      249  0.1306765E+00  0.66175E-03    4     1089    -4    -5     T
      250  0.1313382E+00  0.66175E-03    4     1093    -4    -5     T
      251  0.1320000E+00  0.66175E-03    4     1097    -4    -5     T
      252  0.1326728E+00  0.67281E-03    4     1101    -4    -5     T
      253  0.1333456E+00  0.67281E-03    4     1105    -4    -5     T
      254  0.1340184E+00  0.67281E-03    4     1109    -4    -5     T
      255  0.1346912E+00  0.67281E-03    4     1113    -4    -5     T
      256  0.1353640E+00  0.67281E-03    4     1117    -4    -5     T
      257  0.1360369E+00  0.67281E-03    4     1121    -4    -5     T
      258  0.1367097E+00  0.67281E-03    4     1125    -4    -5     T
      259  0.1373825E+00  0.67281E-03    4     1129    -4    -5     T
      260  0.1380442E+00  0.66175E-03    4     1133    -4    -5     T
      261  0.1387060E+00  0.66175E-03    4     1137    -4    -5     T
      262  0.1393677E+00  0.66175E-03    4     1141    -4    -5     T
      263  0.1400295E+00  0.66175E-03    4     1145    -4    -5     T
      264  0.1406912E+00  0.66175E-03    4     1149    -4    -5     T
      265  0.1413530E+00  0.66175E-03    4     1153    -4    -5     T
      266  0.1420147E+00  0.66175E-03    4     1157    -4    -5     T
      267  0.1426765E+00  0.66175E-03    4     1161    -4    -5     T
      268  0.1433382E+00  0.66175E-03    4     1165    -4    -5     T
      269  0.1440000E+00  0.66175E-03    4     1169    -4    -5     T
      270  0.1446728E+00  0.67281E-03    4     1173    -4    -5     T
      271  0.1453456E+00  0.67281E-03    4     1177    -4    -5     T
      272  0.1460184E+00  0.67281E-03    4     1181    -4    -5     T
      273  0.1466912E+00  0.67281E-03    4     1185    -4    -5     T
      274  0.1473640E+00  0.67281E-03    4     1189    -4    -5     T
      275  0.1480369E+00  0.67281E-03    4     1193    -4    -5     T
      276  0.1487097E+00  0.67281E-03    4     1197    -4    -5     T
      277  0.1493825E+00  0.67281E-03    4     1201    -4    -5     T
      278  0.1500442E+00  0.66175E-03    4     1205    -4    -5     T
      279  0.1507060E+00  0.66175E-03    4     1209    -4    -5     T
      280  0.1513677E+00  0.66175E-03    4     1213    -4    -5     T
      281  0.1520295E+00  0.66175E-03    4     1217    -4    -5     T
      282  0.1526912E+00  0.66175E-03    4     1221    -4    -5     T
      283  0.1533530E+00  0.66175E-03    4     1225    -4    -5     T
      284  0.1540147E+00  0.66175E-03    4     1229    -4    -5     T
      285  0.1546765E+00  0.66175E-03    4     1233    -4    -5     T
      286  0.1553382E+00  0.66175E-03    4     1237    -4    -5     T
      287  0.1560000E+00  0.66175E-03    4     1241    -4    -5     T
      288  0.1566728E+00  0.67281E-03    4     1245    -4    -5     T
      289  0.1573456E+00  0.67281E-03    4     1249    -4    -5     T
      290  0.1580184E+00  0.67281E-03    4     1253    -4    -5     T
      291  0.1586912E+00  0.67281E-03    4     1257    -4    -5     T
      292  0.1593640E+00  0.67281E-03    4     1261    -4    -5     T
      293  0.1600369E+00  0.67281E-03    4     1265    -4    -5     T
      294  0.1607097E+00  0.67281E-03    4     1269    -4    -5     T
      295  0.1613825E+00  0.67281E-03    4     1273    -4    -5     T
      296  0.1620442E+00  0.66175E-03    4     1277    -4    -5     T
      297  0.1627060E+00  0.66175E-03    4     1281    -4    -5     T
      298  0.1633677E+00  0.66175E-03    4     1285    -4    -5     T
      299  0.1640295E+00  0.66175E-03    4     1289    -4    -5     T
      300  0.1646912E+00  0.66175E-03    4     1293    -4    -5     T
      301  0.1653530E+00  0.66175E-03    4     1297    -4    -5     T
      302  0.1660147E+00  0.66175E-03    4     1301    -4    -5     T
      303  0.1666765E+00  0.66175E-03    4     1305    -4    -5     T
      304  0.1673382E+00  0.66175E-03    4     1309    -4    -5     T
      305  0.1680000E+00  0.66175E-03    4     1313    -4    -5     T
      306  0.1686728E+00  0.67281E-03    4     1317    -4    -5     T
      307  0.1693456E+00  0.67281E-03    4     1321    -4    -5     T
      308  0.1700184E+00  0.67281E-03    4     1325    -4    -5     T
      309  0.1706912E+00  0.67281E-03    4     1329    -4    -5     T
      310  0.1713640E+00  0.67281E-03    4     1333    -4    -5     T
      311  0.1720369E+00  0.67281E-03    4     1337    -4    -5     T
      312  0.1727097E+00  0.67281E-03    4     1341    -4    -5     T
      313  0.1733825E+00  0.67281E-03    4     1345    -4    -5     T
      314  0.1740442E+00  0.66175E-03    4     1349    -4    -5     T
      315  0.1747060E+00  0.66175E-03    4     1353    -4    -5     T
      316  0.1753677E+00  0.66175E-03    4     1357    -4    -5     T
      317  0.1760295E+00  0.66175E-03    4     1361    -4    -5     T
      318  0.1766912E+00  0.66175E-03    4     1365    -4    -5     T
      319  0.1773530E+00  0.66175E-03    3     1368    -4    -5     T
      320  0.1782353E+00  0.88234E-03    5     1373    -4    -5     T
      321  0.1791177E+00  0.88234E-03    5     1378    -4    -5     T
      322  0.1800000E+00  0.88234E-03    6     1384    -4    -5     T
      323  0.1808747E+00  0.87465E-03    5     1389    -4    -5     T
      324  0.1817493E+00  0.87465E-03    5     1394    -4    -5     T
      325  0.1826240E+00  0.87465E-03    5     1399    -4    -5     T
      326  0.1834986E+00  0.87465E-03    6     1405    -4    -5     T
      327  0.1843487E+00  0.85014E-03    6     1411    -4    -5     T
      328  0.1851989E+00  0.85014E-03    5     1416    -4    -5     T
      329  0.1860490E+00  0.85014E-03    5     1421    -4    -5     T
      330  0.1868992E+00  0.85014E-03    6     1427    -4    -5     T
      331  0.1877493E+00  0.85014E-03    5     1432    -4    -5     T
      332  0.1885994E+00  0.85014E-03    5     1437    -4    -5     T
      333  0.1894496E+00  0.85014E-03    5     1442    -4    -5     T
      334  0.1902997E+00  0.85014E-03    5     1447    -4    -5     T
      335  0.1911499E+00  0.85014E-03    5     1452    -4    -5     T
      336  0.1920000E+00  0.85014E-03    5     1457    -4    -5     T
      337  0.1928747E+00  0.87465E-03    6     1463    -4    -5     T
      338  0.1937493E+00  0.87465E-03    6     1469    -4    -5     T
      339  0.1946240E+00  0.87465E-03    5     1474    -4    -5     T
      340  0.1954986E+00  0.87465E-03    4     1478    -4    -5     T
      341  0.1963487E+00  0.85014E-03    6     1484    -4    -5     T
      342  0.1971989E+00  0.85014E-03    5     1489    -4    -5     T
      343  0.1980490E+00  0.85014E-03    4     1493    -4    -5     T
      344  0.1988992E+00  0.85014E-03    5     1498    -4    -5     T
      345  0.1997493E+00  0.85014E-03    5     1503    -4    -5     T
      346  0.2005994E+00  0.85014E-03    5     1508    -4    -5     T
      347  0.2014496E+00  0.85014E-03    5     1513    -4    -5     T
      348  0.2022997E+00  0.85014E-03    6     1519    -4    -5     T
      349  0.2031499E+00  0.85014E-03    5     1524    -4    -5     T
      350  0.2040000E+00  0.85014E-03    5     1529    -4    -5     T
      351  0.2048747E+00  0.87465E-03    4     1533    -4    -5     T
      352  0.2057493E+00  0.87465E-03    6     1539    -4    -5     T
      353  0.2066240E+00  0.87465E-03    5     1544    -4    -5     T
      354  0.2074986E+00  0.87465E-03    4     1548    -4    -5     T
      355  0.2083487E+00  0.85014E-03    5     1553    -4    -5     T
      356  0.2091989E+00  0.85014E-03    5     1558    -4    -5     T
      357  0.2100490E+00  0.85014E-03    5     1563    -4    -5     T
      358  0.2108992E+00  0.85014E-03    5     1568    -4    -5     T
      359  0.2117493E+00  0.85014E-03    6     1574    -4    -5     T
      360  0.2125994E+00  0.85014E-03    5     1579    -4    -5     T
      361  0.2134496E+00  0.85014E-03    5     1584    -4    -5     T
      362  0.2142997E+00  0.85014E-03    4     1588    -4    -5     T
      363  0.2151499E+00  0.85014E-03    5     1593    -4    -5     T
      364  0.2160000E+00  0.85014E-03    6     1599    -4    -5     T
      365  0.2168747E+00  0.87465E-03    4     1603    -4    -5     T
      366  0.2177493E+00  0.87465E-03    5     1608    -4    -5     T
      367  0.2186240E+00  0.87465E-03    5     1613    -4    -5     T
      368  0.2194986E+00  0.87465E-03    5     1618    -4    -5     T
      369  0.2203487E+00  0.85014E-03    5     1623    -4    -5     T
      370  0.2211989E+00  0.85014E-03    6     1629    -4    -5     T
      371  0.2220490E+00  0.85014E-03    5     1634    -4    -5     T
      372  0.2228992E+00  0.85014E-03    5     1639    -4    -5     T
      373  0.2237493E+00  0.85014E-03    4     1643    -4    -5     T
      374  0.2245994E+00  0.85014E-03    5     1648    -4    -5     T
      375  0.2254496E+00  0.85014E-03    5     1653    -4    -5     T
      376  0.2262997E+00  0.85014E-03    4     1657    -4    -5     T
      377  0.2271499E+00  0.85014E-03    5     1662    -4    -5     T
      378  0.2280000E+00  0.85014E-03    5     1667    -4    -5     T
      379  0.2288747E+00  0.87465E-03    4     1671    -4    -5     T
      380  0.2297493E+00  0.87465E-03    5     1676    -4    -5     T
      381  0.2306240E+00  0.87465E-03    6     1682    -4    -5     T
      382  0.2314986E+00  0.87465E-03    5     1687    -4    -5     T
      383  0.2323487E+00  0.85014E-03    5     1692    -4    -5     T
      384  0.2331989E+00  0.85014E-03    5     1697    -4    -5     T
      385  0.2340490E+00  0.85014E-03    5     1702    -4    -5     T
      386  0.2348992E+00  0.85014E-03    5     1707    -4    -5     T
      387  0.2357493E+00  0.85014E-03    4     1711    -4    -5     T
      388  0.2365994E+00  0.85014E-03    5     1716    -4    -5     T
      389  0.2374496E+00  0.85014E-03    5     1721    -4    -5     T
      390  0.2382997E+00  0.85014E-03    4     1725    -4    -5     T
      391  0.2391499E+00  0.85014E-03    5     1730    -4    -5     T
      392  0.2400000E+00  0.85014E-03    5     1735    -4    -5     T
      393  0.2408747E+00  0.87465E-03    4     1739    -4    -5     T
      394  0.2417872E+00  0.91253E-03    5     1744    -4    -5     T
      395  0.2426997E+00  0.91253E-03    6     1750    -4    -5     T
      396  0.2436123E+00  0.91253E-03    6     1756    -4    -5     T
      397  0.2445248E+00  0.91253E-03    5     1761    -4    -5     T
      398  0.2454373E+00  0.91253E-03    4     1765    -4    -5     T
      399  0.2463499E+00  0.91253E-03    6     1771    -4    -5     T
      400  0.2472624E+00  0.91253E-03    5     1776    -4    -5     T
      401  0.2481749E+00  0.91253E-03    5     1781    -4    -5     T
      402  0.2490875E+00  0.91253E-03    5     1786    -4    -5     T
      403  0.2500000E+00  0.91253E-03    5     1791    -4    -5     T
      404  0.2510000E+00  0.10000E-02    6     1797    -4    -5     T
      405  0.2520000E+00  0.10000E-02    6     1803    -4    -5     T
      406  0.2528747E+00  0.87465E-03    4     1807    -4    -5     T
      407  0.2537493E+00  0.87465E-03    4     1811    -4    -5     T
      408  0.2546240E+00  0.87465E-03    6     1817    -4    -5     T
      409  0.2554986E+00  0.87465E-03    5     1822    -4    -5     T
      410  0.2563487E+00  0.85014E-03    5     1827    -4    -5     T
      411  0.2571989E+00  0.85014E-03    5     1832    -4    -5     T
      412  0.2580490E+00  0.85014E-03    5     1837    -4    -5     T
      413  0.2588992E+00  0.85014E-03    5     1842    -4    -5     T
      414  0.2597493E+00  0.85014E-03    4     1846    -4    -5     T
      415  0.2605994E+00  0.85014E-03    5     1851    -4    -5     T
      416  0.2614496E+00  0.85014E-03    5     1856    -4    -5     T
      417  0.2622997E+00  0.85014E-03    4     1860    -4    -5     T
      418  0.2631499E+00  0.85014E-03    5     1865    -4    -5     T
      419  0.2640000E+00  0.85014E-03    5     1870    -4    -5     T
      420  0.2648747E+00  0.87465E-03    4     1874    -4    -5     T
      421  0.2657493E+00  0.87465E-03    5     1879    -4    -5     T
      422  0.2666240E+00  0.87465E-03    5     1884    -4    -5     T
      423  0.2674986E+00  0.87465E-03    4     1888    -4    -5     T
      424  0.2683487E+00  0.85014E-03    4     1892    -4    -5     T
      425  0.2691989E+00  0.85014E-03    6     1898    -4    -5     T
      426  0.2700490E+00  0.85014E-03    4     1902    -4    -5     T
      427  0.2708992E+00  0.85014E-03    5     1907    -4    -5     T
      428  0.2717493E+00  0.85014E-03    6     1913    -4    -5     T
      429  0.2725994E+00  0.85014E-03    4     1917    -4    -5     T
      430  0.2734496E+00  0.85014E-03    5     1922    -4    -5     T
      431  0.2742997E+00  0.85014E-03    5     1927    -4    -5     T
      432  0.2751499E+00  0.85014E-03    4     1931    -4    -5     T
      433  0.2760000E+00  0.85014E-03    5     1936    -4    -5     T
      434  0.2768747E+00  0.87465E-03    5     1941    -4    -5     T
      435  0.2777493E+00  0.87465E-03    5     1946    -4    -5     T
      436  0.2786240E+00  0.87465E-03    5     1951    -4    -5     T
      437  0.2794986E+00  0.87465E-03    4     1955    -4    -5     T
      438  0.2803487E+00  0.85014E-03    5     1960    -4    -5     T
      439  0.2811989E+00  0.85014E-03    5     1965    -4    -5     T
      440  0.2820490E+00  0.85014E-03    4     1969    -4    -5     T
      441  0.2828992E+00  0.85014E-03    4     1973    -4    -5     T
      442  0.2837493E+00  0.85014E-03    5     1978    -4    -5     T
      443  0.2845994E+00  0.85014E-03    6     1984    -4    -5     T
      444  0.2854496E+00  0.85014E-03    4     1988    -4    -5     T
      445  0.2862997E+00  0.85014E-03    5     1993    -4    -5     T
      446  0.2871499E+00  0.85014E-03    4     1997    -4    -5     T
      447  0.2880000E+00  0.85014E-03    4     2001    -4    -5     T
      448  0.2888747E+00  0.87465E-03    4     2005    -4    -5     T
      449  0.2897493E+00  0.87465E-03    4     2009    -4    -5     T
      450  0.2906240E+00  0.87465E-03    4     2013    -4    -5     T
      451  0.2914986E+00  0.87465E-03    5     2018    -4    -5     T
      452  0.2923487E+00  0.85014E-03    4     2022    -4    -5     T
      453  0.2931989E+00  0.85014E-03    4     2026    -4    -5     T
      454  0.2940490E+00  0.85014E-03    4     2030    -4    -5     T
      455  0.2948992E+00  0.85014E-03    4     2034    -4    -5     T
      456  0.2957493E+00  0.85014E-03    4     2038    -4    -5     T
      457  0.2965994E+00  0.85014E-03    3     2041    -4    -5     T
      458  0.2977330E+00  0.11335E-02    4     2045    -4    -5     T
      459  0.2988665E+00  0.11335E-02    5     2050    -4    -5     T
      460  0.3000000E+00  0.11335E-02    5     2055    -4    -5     T
      461  0.3011370E+00  0.11370E-02    5     2060    -4    -5     T
      462  0.3022233E+00  0.10863E-02    4     2064    -4    -5     T
      463  0.3033096E+00  0.10863E-02    5     2069    -4    -5     T
      464  0.3043959E+00  0.10863E-02    5     2074    -4    -5     T
      465  0.3054822E+00  0.10863E-02    4     2078    -4    -5     T
      466  0.3065685E+00  0.10863E-02    4     2082    -4    -5     T
      467  0.3076548E+00  0.10863E-02    5     2087    -4    -5     T
      468  0.3087411E+00  0.10863E-02    4     2091    -4    -5     T
      469  0.3098274E+00  0.10863E-02    4     2095    -4    -5     T
      470  0.3109137E+00  0.10863E-02    4     2099    -4    -5     T
      471  0.3120000E+00  0.10863E-02    4     2103    -4    -5     T
      472  0.3131370E+00  0.11370E-02    4     2107    -4    -5     T
      473  0.3142233E+00  0.10863E-02    4     2111    -4    -5     T
      474  0.3153096E+00  0.10863E-02    4     2115    -4    -5     T
      475  0.3163959E+00  0.10863E-02    4     2119    -4    -5     T
      476  0.3174822E+00  0.10863E-02    4     2123    -4    -5     T
      477  0.3185685E+00  0.10863E-02    4     2127    -4    -5     T
      478  0.3196548E+00  0.10863E-02    4     2131    -4    -5     T
      479  0.3207411E+00  0.10863E-02    4     2135    -4    -5     T
      480  0.3218274E+00  0.10863E-02    4     2139    -4    -5     T
      481  0.3229137E+00  0.10863E-02    4     2143    -4    -5     T
      482  0.3240000E+00  0.10863E-02    4     2147    -4    -5     T
      483  0.3251370E+00  0.11370E-02    4     2151    -4    -5     T
      484  0.3262233E+00  0.10863E-02    3     2154    -4    -5     T
      485  0.3276200E+00  0.13967E-02    5     2159    -4    -5     T
      486  0.3290167E+00  0.13967E-02    5     2164    -4    -5     T
      487  0.3304133E+00  0.13967E-02    4     2168    -4    -5     T
      488  0.3318100E+00  0.13967E-02    4     2172    -4    -5     T
      489  0.3332067E+00  0.13967E-02    5     2177    -4    -5     T
      490  0.3346033E+00  0.13967E-02    5     2182    -4    -5     T
      491  0.3360000E+00  0.13967E-02    4     2186    -4    -5     T
      492  0.3375000E+00  0.15000E-02    5     2191    -4    -5     T
      493  0.3390000E+00  0.15000E-02    5     2196    -4    -5     T
      494  0.3405000E+00  0.15000E-02    4     2200    -4    -5     T
      495  0.3420000E+00  0.15000E-02    4     2204    -4    -5     T
      496  0.3435000E+00  0.15000E-02    5     2209    -4    -5     T
      497  0.3450000E+00  0.15000E-02    5     2214    -4    -5     T
      498  0.3465000E+00  0.15000E-02    4     2218    -4    -5     T
      499  0.3480000E+00  0.15000E-02    4     2222    -4    -5     T
      500  0.3495000E+00  0.15000E-02    4     2226    -4    -5     T
      501  0.3510000E+00  0.15000E-02    4     2230    -4    -5     T
      502  0.3525000E+00  0.15000E-02    4     2234    -4    -5     T
      503  0.3540000E+00  0.15000E-02    4     2238    -4    -5     T
      504  0.3555000E+00  0.15000E-02    4     2242    -4    -5     T
      505  0.3570000E+00  0.15000E-02    4     2246    -4    -5     T
      506  0.3585000E+00  0.15000E-02    4     2250    -4    -5     T
      507  0.3600000E+00  0.15000E-02    4     2254    -4    -5     T
      508  0.3615000E+00  0.15000E-02    4     2258    -4    -5     T
      509  0.3630000E+00  0.15000E-02    4     2262    -4    -5     T
      510  0.3645000E+00  0.15000E-02    4     2266    -4    -5     T
      511  0.3660000E+00  0.15000E-02    4     2270    -4    -5     T
      512  0.3675000E+00  0.15000E-02    4     2274    -4    -5     T
      513  0.3690000E+00  0.15000E-02    4     2278    -4    -5     T
      514  0.3705000E+00  0.15000E-02    4     2282    -4    -5     T
      515  0.3720000E+00  0.15000E-02    4     2286    -4    -5     T
      516  0.3735000E+00  0.15000E-02    4     2290    -4    -5     T
      517  0.3750000E+00  0.15000E-02    4     2294    -4    -5     T
      518  0.3765000E+00  0.15000E-02    4     2298    -4    -5     T
      519  0.3780000E+00  0.15000E-02    4     2302    -4    -5     T
      520  0.3795000E+00  0.15000E-02    4     2306    -4    -5     T
      521  0.3810000E+00  0.15000E-02    4     2310    -4    -5     T
      522  0.3825000E+00  0.15000E-02    4     2314    -4    -5     T
      523  0.3840000E+00  0.15000E-02    4     2318    -4    -5     T
      524  0.3855000E+00  0.15000E-02    3     2321    -4    -5     T
      525  0.3876000E+00  0.21000E-02    5     2326    -4    -5     T
      526  0.3897000E+00  0.21000E-02    6     2332    -4    -5     T
      527  0.3918000E+00  0.21000E-02    4     2336    -4    -5     T
      528  0.3939000E+00  0.21000E-02    5     2341    -4    -5     T
      529  0.3960000E+00  0.21000E-02    4     2345    -4    -5     T
      530  0.3980000E+00  0.20000E-02    4     2349    -4    -5     T
      531  0.4000000E+00  0.20000E-02    5     2354    -4    -5     T
      532  0.4020000E+00  0.20000E-02    4     2358    -4    -5     T
      533  0.4040000E+00  0.20000E-02    4     2362    -4    -5     T
      534  0.4060000E+00  0.20000E-02    4     2366    -4    -5     T
      535  0.4080000E+00  0.20000E-02    4     2370    -4    -5     T
      536  0.4100000E+00  0.20000E-02    4     2374    -4    -5     T
      537  0.4120000E+00  0.20000E-02    4     2378    -4    -5     T
      538  0.4140000E+00  0.20000E-02    4     2382    -4    -5     T
      539  0.4160000E+00  0.20000E-02    4     2386    -4    -5     T
      540  0.4180000E+00  0.20000E-02    3     2389    -4    -5     T
      541  0.4200000E+00  0.20000E-02    4     2393    -4    -5     T
      542  0.4220000E+00  0.20000E-02    4     2397    -4    -5     T
      543  0.4240000E+00  0.20000E-02    3     2400    -4    -5     T
      544  0.4266667E+00  0.26667E-02    5     2405    -4    -5     T
      545  0.4293333E+00  0.26667E-02    5     2410    -4    -5     T
      546  0.4320000E+00  0.26667E-02    5     2415    -4    -5     T
      547  0.4344000E+00  0.24000E-02    6     2421    -4    -5     T
      548  0.4368000E+00  0.24000E-02    4     2425    -4    -5     T
      549  0.4392000E+00  0.24000E-02    4     2429    -4    -5     T
      550  0.4416000E+00  0.24000E-02    5     2434    -4    -5     T
      551  0.4440000E+00  0.24000E-02    4     2438    -4    -5     T
      552  0.4464000E+00  0.24000E-02    4     2442    -4    -5     T
      553  0.4488000E+00  0.24000E-02    4     2446    -4    -5     T
      554  0.4512000E+00  0.24000E-02    4     2450    -4    -5     T
      555  0.4536000E+00  0.24000E-02    4     2454    -4    -5     T
      556  0.4560000E+00  0.24000E-02    4     2458    -4    -5     T
      557  0.4584000E+00  0.24000E-02    4     2462    -4    -5     T
      558  0.4608000E+00  0.24000E-02    4     2466    -4    -5     T
      559  0.4632000E+00  0.24000E-02    4     2470    -4    -5     T
      560  0.4656000E+00  0.24000E-02    4     2474    -4    -5     T
      561  0.4680000E+00  0.24000E-02    4     2478    -4    -5     T
      562  0.4704000E+00  0.24000E-02    4     2482    -4    -5     T
      563  0.4728000E+00  0.24000E-02    4     2486    -4    -5     T
      564  0.4752000E+00  0.24000E-02    4     2490    -4    -5     T
      565  0.4776000E+00  0.24000E-02    4     2494    -4    -5     T
      566  0.4800000E+00  0.24000E-02    4     2498    -4    -5     T
      567  0.4824000E+00  0.24000E-02    4     2502    -4    -5     T
      568  0.4848000E+00  0.24000E-02    4     2506    -4    -5     T
      569  0.4872000E+00  0.24000E-02    4     2510    -4    -5     T
      570  0.4896000E+00  0.24000E-02    4     2514    -4    -5     T
      571  0.4920000E+00  0.24000E-02    4     2518    -4    -5     T
      572  0.4946667E+00  0.26667E-02    4     2522    -4    -5     T
      573  0.4973333E+00  0.26667E-02    5     2527    -4    -5     T
      574  0.5000000E+00  0.26667E-02    4     2531    -4    -5     T
      575  0.5020000E+00  0.20000E-02    3     2534    -4    -5     T
      576  0.5040000E+00  0.20000E-02    3     2537    -4    -5     T
      577  0.5070000E+00  0.30000E-02    4     2541    -4    -5     T
      578  0.5100000E+00  0.30000E-02    4     2545    -4    -5     T
      579  0.5130000E+00  0.30000E-02    5     2550    -4    -5     T
      580  0.5160000E+00  0.30000E-02    4     2554    -4    -5     T
      581  0.5190000E+00  0.30000E-02    4     2558    -4    -5     T
      582  0.5220000E+00  0.30000E-02    4     2562    -4    -5     T
      583  0.5250000E+00  0.30000E-02    4     2566    -4    -5     T
      584  0.5280000E+00  0.30000E-02    4     2570    -4    -5     T
      585  0.5310000E+00  0.30000E-02    4     2574    -4    -5     T
      586  0.5340000E+00  0.30000E-02    4     2578    -4    -5     T
      587  0.5370000E+00  0.30000E-02    4     2582    -4    -5     T
      588  0.5400000E+00  0.30000E-02    4     2586    -4    -5     T
      589  0.5430000E+00  0.30000E-02    4     2590    -4    -5     T
      590  0.5460000E+00  0.30000E-02    4     2594    -4    -5     T
      591  0.5490000E+00  0.30000E-02    4     2598    -4    -5     T
      592  0.5520000E+00  0.30000E-02    3     2601    -4    -5     T
      593  0.5560000E+00  0.40000E-02    5     2606    -4    -5     T
      594  0.5600000E+00  0.40000E-02    6     2612    -4    -5     T
      595  0.5640000E+00  0.40000E-02    5     2617    -4    -5     T
      596  0.5680000E+00  0.40000E-02    4     2621    -4    -5     T
      597  0.5720000E+00  0.40000E-02    4     2625    -4    -5     T
      598  0.5760000E+00  0.40000E-02    4     2629    -4    -5     T
      599  0.5800000E+00  0.40000E-02    4     2633    -4    -5     T
      600  0.5840000E+00  0.40000E-02    5     2638    -4    -5     T
      601  0.5880000E+00  0.40000E-02    4     2642    -4    -5     T
      602  0.5920000E+00  0.40000E-02    5     2647    -4    -5     T
      603  0.5960000E+00  0.40000E-02    4     2651    -4    -5     T
      604  0.6000000E+00  0.40000E-02    4     2655    -4    -5     T
      605  0.6040000E+00  0.40000E-02    4     2659    -4    -5     T
      606  0.6080000E+00  0.40000E-02    4     2663    -4    -5     T
      607  0.6120000E+00  0.40000E-02    4     2667    -4    -5     T
      608  0.6160000E+00  0.40000E-02    4     2671    -4    -5     T
      609  0.6200000E+00  0.40000E-02    4     2675    -4    -5     T
      610  0.6240000E+00  0.40000E-02    4     2679    -4    -5     T
      611  0.6280000E+00  0.40000E-02    4     2683    -4    -5     T
      612  0.6320000E+00  0.40000E-02    4     2687    -4    -5     T
      613  0.6360000E+00  0.40000E-02    4     2691    -4    -5     T
      614  0.6400000E+00  0.40000E-02    4     2695    -4    -5     T
      615  0.6440000E+00  0.40000E-02    3     2698    -4    -5     T
      616  0.6480000E+00  0.40000E-02    4     2702    -4    -5     T
      617  0.6520000E+00  0.40000E-02    4     2706    -4    -5     T
      618  0.6560000E+00  0.40000E-02    4     2710    -4    -5     T
      619  0.6600000E+00  0.40000E-02    4     2714    -4    -5     T
      620  0.6640000E+00  0.40000E-02    3     2717    -4    -5     T
      621  0.6720000E+00  0.80000E-02    7     2724    -4    -5     T
      622  0.6760000E+00  0.40000E-02    4     2728    -4    -5     T
      623  0.6800000E+00  0.40000E-02    3     2731    -4    -5     T
      624  0.6840000E+00  0.40000E-02    4     2735    -4    -5     T
      625  0.6880000E+00  0.40000E-02    4     2739    -4    -5     T
      626  0.6920000E+00  0.40000E-02    3     2742    -4    -5     T
      627  0.6960000E+00  0.40000E-02    3     2745    -4    -5     T
      628  0.7020000E+00  0.60000E-02    4     2749    -4    -5     T
      629  0.7080000E+00  0.60000E-02    6     2755    -4    -5     T
      630  0.7140000E+00  0.60000E-02    4     2759    -4    -5     T
      631  0.7200000E+00  0.60000E-02    5     2764    -4    -5     T
      632  0.7260000E+00  0.60000E-02    4     2768    -4    -5     T
      633  0.7320000E+00  0.60000E-02    5     2773    -4    -5     T
      634  0.7380000E+00  0.60000E-02    4     2777    -4    -5     T
      635  0.7440000E+00  0.60000E-02    5     2782    -4    -5     T
      636  0.7500000E+00  0.60000E-02    4     2786    -4    -5     T
      637  0.7560000E+00  0.60000E-02    5     2791    -4    -5     T
      638  0.7620000E+00  0.60000E-02    4     2795    -4    -5     T
      639  0.7680000E+00  0.60000E-02    4     2799    -4    -5     T
      640  0.7740000E+00  0.60000E-02    4     2803    -4    -5     T
      641  0.7800000E+00  0.60000E-02    4     2807    -4    -5     T
      642  0.7860000E+00  0.60000E-02    4     2811    -4    -5     T
      643  0.7920000E+00  0.60000E-02    4     2815    -4    -5     T
      644  0.7980000E+00  0.60000E-02    5     2820    -4    -5     T
      645  0.8040000E+00  0.60000E-02    4     2824    -4    -5     T
      646  0.8100000E+00  0.60000E-02    4     2828    -4    -5     T
      647  0.8160000E+00  0.60000E-02    4     2832    -4    -5     T
      648  0.8220000E+00  0.60000E-02    4     2836    -4    -5     T
      649  0.8280000E+00  0.60000E-02    4     2840    -4    -5     T
      650  0.8340000E+00  0.60000E-02    4     2844    -4    -5     T
      651  0.8400000E+00  0.60000E-02    4     2848    -4    -5     T
      652  0.8460000E+00  0.60000E-02    4     2852    -4    -5     T
      653  0.8520000E+00  0.60000E-02    5     2857    -4    -5     T
      654  0.8580000E+00  0.60000E-02    4     2861    -4    -5     T
      655  0.8640000E+00  0.60000E-02    4     2865    -4    -5     T
      656  0.8700000E+00  0.60000E-02    4     2869    -4    -5     T
      657  0.8760000E+00  0.60000E-02    3     2872    -4    -5     T
      658  0.8820000E+00  0.60000E-02    3     2875    -4    -5     T
      659  0.8880000E+00  0.60000E-02    3     2878    -4    -5     T
      660  0.9000000E+00  0.12000E-01    7     2885    -4    -5     T
      661  0.9060000E+00  0.60000E-02    4     2889    -4    -5     T
      662  0.9120000E+00  0.60000E-02    3     2892    -4    -5     T
      663  0.9180000E+00  0.60000E-02    3     2895    -4    -5     T
      664  0.9240000E+00  0.60000E-02    4     2899    -4    -5     T
      665  0.9300000E+00  0.60000E-02    3     2902    -4    -5     T
      666  0.9360000E+00  0.60000E-02    3     2905    -4    -5     T
      667  0.9480000E+00  0.12000E-01    7     2912    -4    -5     T
      668  0.9540000E+00  0.60000E-02    4     2916    -4    -5     T
      669  0.9600000E+00  0.60000E-02    3     2919    -4    -5     T
      670  0.9720000E+00  0.12000E-01    5     2924    -4    -5     T
      671  0.9840000E+00  0.12000E-01    6     2930    -4    -5     T
      672  0.9960000E+00  0.12000E-01    7     2937    -4    -5     T
      673  0.1000000E+01  0.40000E-02    3     2940    -4    -5     T
      674  0.1008000E+01  0.80000E-02    3     2943    -4    -5     T
      675  0.1020000E+01  0.12000E-01    5     2948    -4    -5     T
      676  0.1032000E+01  0.12000E-01    6     2954    -4    -5     T
      677  0.1044000E+01  0.12000E-01    6     2960    -4    -5     T
      678  0.1056000E+01  0.12000E-01    5     2965    -4    -5     T
      679  0.1068000E+01  0.12000E-01    5     2970    -4    -5     T
      680  0.1080000E+01  0.12000E-01    6     2976    -4    -5     T
      681  0.1092000E+01  0.12000E-01    5     2981    -4    -5     T
      682  0.1104000E+01  0.12000E-01    5     2986    -4    -5     T
      683  0.1116000E+01  0.12000E-01    6     2992    -4    -5     T
      684  0.1128000E+01  0.12000E-01    5     2997    -4    -5     T
      685  0.1140000E+01  0.12000E-01    6     3003    -4    -5     T
      686  0.1152000E+01  0.12000E-01    5     3008    -4    -5     T
      687  0.1164000E+01  0.12000E-01    4     3012    -4    -5     T
      688  0.1176000E+01  0.12000E-01    5     3017    -4    -5     T
      689  0.1188000E+01  0.12000E-01    5     3022    -4    -5     T
      690  0.1200000E+01  0.12000E-01    4     3026    -4    -5     T
      691  0.1212000E+01  0.12000E-01    4     3030    -4    -5     T
      692  0.1224000E+01  0.12000E-01    4     3034    -4    -5     T
      693  0.1236000E+01  0.12000E-01    4     3038    -4    -5     T
      694  0.1248000E+01  0.12000E-01    4     3042    -4    -5     T
      695  0.1260000E+01  0.12000E-01    5     3047    -4    -5     T
      696  0.1272000E+01  0.12000E-01    4     3051    -4    -5     T
      697  0.1284000E+01  0.12000E-01    4     3055    -4    -5     T
      698  0.1296000E+01  0.12000E-01    4     3059    -4    -5     T
      699  0.1308000E+01  0.12000E-01    4     3063    -4    -5     T
      700  0.1320000E+01  0.12000E-01    4     3067    -4    -5     T
      701  0.1332000E+01  0.12000E-01    4     3071    -4    -5     T
      702  0.1344000E+01  0.12000E-01    4     3075    -4    -5     T
      703  0.1356000E+01  0.12000E-01    4     3079    -4    -5     T
      704  0.1368000E+01  0.12000E-01    4     3083    -4    -5     T
      705  0.1380000E+01  0.12000E-01    4     3087    -4    -5     T
      706  0.1392000E+01  0.12000E-01    4     3091    -4    -5     T
      707  0.1404000E+01  0.12000E-01    4     3095    -4    -5     T
      708  0.1416000E+01  0.12000E-01    4     3099    -4    -5     T
      709  0.1428000E+01  0.12000E-01    4     3103    -4    -5     T
      710  0.1440000E+01  0.12000E-01    4     3107    -4    -5     T
      711  0.1452000E+01  0.12000E-01    4     3111    -4    -5     T
      712  0.1464000E+01  0.12000E-01    3     3114    -4    -5     T
      713  0.1476000E+01  0.12000E-01    3     3117    -4    -5     T
      714  0.1488000E+01  0.12000E-01    3     3120    -4    -5     T
      715  0.1500000E+01  0.12000E-01    3     3123    -4    -5     T
      716  0.1512000E+01  0.12000E-01    3     3126    -4    -5     T
      717  0.1524000E+01  0.12000E-01    3     3129    -4    -5     T
      718  0.1536000E+01  0.12000E-01    3     3132    -4    -5     T
      719  0.1548000E+01  0.12000E-01    3     3135    -4    -5     T
      720  0.1560000E+01  0.12000E-01    3     3138    -4    -5     T
      721  0.1572000E+01  0.12000E-01    3     3141    -4    -5     T
      722  0.1584000E+01  0.12000E-01    3     3144    -4    -5     T
      723  0.1596000E+01  0.12000E-01    3     3147    -4    -5     T
      724  0.1608000E+01  0.12000E-01    3     3150    -4    -5     T
      725  0.1620000E+01  0.12000E-01    2     3152    -4    -5     T
      726  0.1632000E+01  0.12000E-01    3     3155    -4    -5     T
      727  0.1644000E+01  0.12000E-01    3     3158    -4    -5     T
      728  0.1656000E+01  0.12000E-01    3     3161    -4    -5     T
      729  0.1668000E+01  0.12000E-01    3     3164    -4    -5     T
      730  0.1680000E+01  0.12000E-01    3     3167    -4    -5     T
      731  0.1692000E+01  0.12000E-01    3     3170    -4    -5     T
      732  0.1704000E+01  0.12000E-01    2     3172    -4    -5     T
      733  0.1716000E+01  0.12000E-01    3     3175    -4    -5     T
      734  0.1728000E+01  0.12000E-01    3     3178    -4    -5     T
      735  0.1740000E+01  0.12000E-01    3     3181    -4    -5     T
      736  0.1752000E+01  0.12000E-01    3     3184    -4    -5     T
      737  0.1764000E+01  0.12000E-01    2     3186    -4    -5     T
      738  0.1776000E+01  0.12000E-01    2     3188    -4    -5     T
      739  0.1788000E+01  0.12000E-01    2     3190    -4    -5     T
      740  0.1800000E+01  0.12000E-01    2     3192    -4    -5     T
      741  0.1812000E+01  0.12000E-01    2     3194    -4    -5     T
      742  0.1824000E+01  0.12000E-01    2     3196    -4    -5     T
      743  0.1836000E+01  0.12000E-01    2     3198    -4    -5     T
      744  0.1848000E+01  0.12000E-01    2     3200    -4    -5     T
      745  0.1860000E+01  0.12000E-01    2     3202    -4    -5     T
      746  0.1872000E+01  0.12000E-01    2     3204    -4    -5     T
      747  0.1884000E+01  0.12000E-01    2     3206    -4    -5     T
      748  0.1896000E+01  0.12000E-01    2     3208    -4    -5     T
      749  0.1908000E+01  0.12000E-01    3     3211    -4    -5     T
      750  0.1920000E+01  0.12000E-01    2     3213    -4    -5     T
      751  0.1932000E+01  0.12000E-01    2     3215    -4    -5     T
      752  0.1944000E+01  0.12000E-01    2     3217    -4    -5     T
      753  0.1956000E+01  0.12000E-01    2     3219    -4    -5     T
      754  0.1968000E+01  0.12000E-01    2     3221    -4    -5     T
      755  0.1980000E+01  0.12000E-01    2     3223    -4    -5     T
      756  0.1992000E+01  0.12000E-01    2     3225    -4    -5     T
      757  0.2000000E+01  0.80000E-02    2     3227    -4    -5     T
      758  0.2000100E+01  0.10000E-03    6     3233    -4    -5     T
      759  0.2000200E+01  0.10000E-03    5     3238    -4    -5     T
      760  0.2000300E+01  0.10000E-03    4     3242    -4    -5     T
      761  0.2000400E+01  0.10000E-03    3     3245    -4    -5     T
      762  0.2000530E+01  0.13000E-03    4     3249    -4    -5     T
      763  0.2000660E+01  0.13000E-03    4     3253    -4    -5     T
      764  0.2000790E+01  0.13000E-03    2     3255    -4    -5     T
      765  0.2000959E+01  0.16900E-03    4     3259    -4    -5     T
      766  0.2001128E+01  0.16900E-03    4     3263    -4    -5     T
      767  0.2001297E+01  0.16900E-03    2     3265    -4    -5     T
      768  0.2001517E+01  0.21970E-03    3     3268    -4    -5     T
      769  0.2001793E+01  0.27592E-03    5     3273    -4    -5     T
      770  0.2002069E+01  0.27592E-03    3     3276    -4    -5     T
      771  0.2002455E+01  0.38629E-03    5     3281    -4    -5     T
      772  0.2002841E+01  0.38629E-03    4     3285    -4    -5     T
      773  0.2003227E+01  0.38629E-03    3     3288    -4    -5     T
      774  0.2003614E+01  0.38629E-03    3     3291    -4    -5     T
      775  0.2004000E+01  0.38629E-03    3     3294    -4    -5     T
      776  0.2004627E+01  0.62748E-03    4     3298    -4    -5     T
      777  0.2005255E+01  0.62748E-03    4     3302    -4    -5     T
      778  0.2005882E+01  0.62748E-03    3     3305    -4    -5     T
      779  0.2006698E+01  0.81573E-03    4     3309    -4    -5     T
      780  0.2007514E+01  0.81573E-03    4     3313    -4    -5     T
      781  0.2008363E+01  0.84861E-03    3     3316    -4    -5     T
      782  0.2009454E+01  0.10911E-02    4     3320    -4    -5     T
      783  0.2010545E+01  0.10911E-02    3     3323    -4    -5     T
      784  0.2011908E+01  0.13638E-02    4     3327    -4    -5     T
      785  0.2013272E+01  0.13638E-02    4     3331    -4    -5     T
      786  0.2014636E+01  0.13638E-02    3     3334    -4    -5     T
      787  0.2016000E+01  0.13638E-02    3     3337    -4    -5     T
      788  0.2017714E+01  0.17143E-02    3     3340    -4    -5     T
      789  0.2020286E+01  0.25714E-02    5     3345    -4    -5     T
      790  0.2022857E+01  0.25714E-02    4     3349    -4    -5     T
      791  0.2025429E+01  0.25714E-02    4     3353    -4    -5     T
      792  0.2028000E+01  0.25714E-02    3     3356    -4    -5     T
      793  0.2031000E+01  0.30000E-02    4     3360    -4    -5     T
      794  0.2034000E+01  0.30000E-02    4     3364    -4    -5     T
      795  0.2037000E+01  0.30000E-02    3     3367    -4    -5     T
      796  0.2040000E+01  0.30000E-02    3     3370    -4    -5     T
      797  0.2044000E+01  0.40000E-02    4     3374    -4    -5     T
      798  0.2048000E+01  0.40000E-02    4     3378    -4    -5     T
      799  0.2052000E+01  0.40000E-02    3     3381    -4    -5     T
      800  0.2058000E+01  0.60000E-02    4     3385    -4    -5     T
      801  0.2064000E+01  0.60000E-02    4     3389    -4    -5     T
      802  0.2070000E+01  0.60000E-02    4     3393    -4    -5     T
      803  0.2076000E+01  0.60000E-02    4     3397    -4    -5     T
      804  0.2082000E+01  0.60000E-02    4     3401    -4    -5     T
      805  0.2088000E+01  0.60000E-02    4     3405    -4    -5     T
      806  0.2094000E+01  0.60000E-02    3     3408    -4    -5     T
      807  0.2100000E+01  0.60000E-02    3     3411    -4    -5     T
      808  0.2106000E+01  0.60000E-02    3     3414    -4    -5     T
      809  0.2112000E+01  0.60000E-02    3     3417    -4    -5     T
      810  0.2124000E+01  0.12000E-01    5     3422    -4    -5     T
      811  0.2136000E+01  0.12000E-01    6     3428    -4    -5     T
      812  0.2148000E+01  0.12000E-01    5     3433    -4    -5     T
      813  0.2160000E+01  0.12000E-01    5     3438    -4    -5     T
      814  0.2172000E+01  0.12000E-01    5     3443    -4    -5     T
      815  0.2184000E+01  0.12000E-01    5     3448    -4    -5     T
      816  0.2196000E+01  0.12000E-01    5     3453    -4    -5     T
      817  0.2208000E+01  0.12000E-01    4     3457    -4    -5     T
      818  0.2220000E+01  0.12000E-01    4     3461    -4    -5     T
      819  0.2232000E+01  0.12000E-01    4     3465    -4    -5     T
      820  0.2244000E+01  0.12000E-01    4     3469    -4    -5     T
      821  0.2250000E+01  0.60000E-02    2     3471    -4    -5     T
      822  0.2256000E+01  0.60000E-02    4     3475    -4    -5     T
      823  0.2268000E+01  0.12000E-01    4     3479    -4    -5     T
      824  0.2280000E+01  0.12000E-01    4     3483    -4    -5     T
      825  0.2292000E+01  0.12000E-01    4     3487    -4    -5     T
      826  0.2304000E+01  0.12000E-01    4     3491    -4    -5     T
      827  0.2316000E+01  0.12000E-01    4     3495    -4    -5     T
      828  0.2328000E+01  0.12000E-01    4     3499    -4    -5     T
      829  0.2340000E+01  0.12000E-01    4     3503    -4    -5     T
      830  0.2352000E+01  0.12000E-01    4     3507    -4    -5     T
      831  0.2364000E+01  0.12000E-01    4     3511    -4    -5     T
      832  0.2376000E+01  0.12000E-01    4     3515    -4    -5     T
      833  0.2388000E+01  0.12000E-01    4     3519    -4    -5     T
      834  0.2400000E+01  0.12000E-01    4     3523    -4    -5     T
      835  0.2412000E+01  0.12000E-01    4     3527    -4    -5     T
      836  0.2424000E+01  0.12000E-01    8     3535    -4    -5     T
      837  0.2430000E+01  0.60000E-02    5     3540    -4    -5     T
      838  0.2436000E+01  0.60000E-02    4     3544    -4    -5     T
      839  0.2442000E+01  0.60000E-02    5     3549    -4    -5     T
      840  0.2448000E+01  0.60000E-02    7     3556    -4    -5     T
      841  0.2452000E+01  0.40000E-02    5     3561    -4    -5     T
      842  0.2456000E+01  0.40000E-02    4     3565    -4    -5     T
      843  0.2460000E+01  0.40000E-02    5     3570    -4    -5     T
      844  0.2464000E+01  0.40000E-02    5     3575    -4    -5     T
      845  0.2468000E+01  0.40000E-02    6     3581    -4    -5     T
      846  0.2472000E+01  0.40000E-02    6     3587    -4    -5     T
      847  0.2476000E+01  0.40000E-02    7     3594    -4    -5     T
      848  0.2478667E+01  0.26667E-02    4     3598    -4    -5     T
      849  0.2481333E+01  0.26667E-02    4     3602    -4    -5     T
      850  0.2484000E+01  0.26667E-02    4     3606    -4    -5     T
      851  0.2487000E+01  0.30000E-02    5     3611    -4    -5     T
      852  0.2490000E+01  0.30000E-02    5     3616    -4    -5     T
      853  0.2493000E+01  0.30000E-02    4     3620    -4    -5     T
      854  0.2496000E+01  0.30000E-02    4     3624    -4    -5     T
      855  0.2500000E+01  0.40000E-02    6     3630    -4    -5     T
      856  0.2502667E+01  0.26667E-02    4     3634    -4    -5     T
      857  0.2505333E+01  0.26667E-02    4     3638    -4    -5     T
      858  0.2508000E+01  0.26667E-02    4     3642    -4    -5     T
      859  0.2511000E+01  0.30000E-02    4     3646    -4    -5     T
      860  0.2514000E+01  0.30000E-02    5     3651    -4    -5     T
      861  0.2517000E+01  0.30000E-02    5     3656    -4    -5     T
      862  0.2520000E+01  0.30000E-02    5     3661    -4    -5     T
      863  0.2523000E+01  0.30000E-02    5     3666    -4    -5     T
      864  0.2526000E+01  0.30000E-02    6     3672    -4    -5     T
      865  0.2529000E+01  0.30000E-02    5     3677    -4    -5     T
      866  0.2532000E+01  0.30000E-02    5     3682    -4    -5     T
      867  0.2535000E+01  0.30000E-02    5     3687    -4    -5     T
      868  0.2538000E+01  0.30000E-02    4     3691    -4    -5     T
      869  0.2541000E+01  0.30000E-02    5     3696    -4    -5     T
      870  0.2544000E+01  0.30000E-02    5     3701    -4    -5     T
      871  0.2547000E+01  0.30000E-02    4     3705    -4    -5     T
      872  0.2550000E+01  0.30000E-02    5     3710    -4    -5     T
      873  0.2553000E+01  0.30000E-02    6     3716    -4    -5     T
      874  0.2556000E+01  0.30000E-02    4     3720    -4    -5     T
      875  0.2559000E+01  0.30000E-02    4     3724    -4    -5     T
      876  0.2562000E+01  0.30000E-02    5     3729    -4    -5     T
      877  0.2565000E+01  0.30000E-02    4     3733    -4    -5     T
      878  0.2568000E+01  0.30000E-02    4     3737    -4    -5     T
      879  0.2571000E+01  0.30000E-02    4     3741    -4    -5     T
      880  0.2574000E+01  0.30000E-02    4     3745    -4    -5     T
      881  0.2577000E+01  0.30000E-02    4     3749    -4    -5     T
      882  0.2580000E+01  0.30000E-02    4     3753    -4    -5     T
      883  0.2583000E+01  0.30000E-02    5     3758    -4    -5     T
      884  0.2586000E+01  0.30000E-02    4     3762    -4    -5     T
      885  0.2589000E+01  0.30000E-02    4     3766    -4    -5     T
      886  0.2592000E+01  0.30000E-02    4     3770    -4    -5     T
      887  0.2595000E+01  0.30000E-02    4     3774    -4    -5     T
      888  0.2598000E+01  0.30000E-02    4     3778    -4    -5     T
      889  0.2601000E+01  0.30000E-02    4     3782    -4    -5     T
      890  0.2604000E+01  0.30000E-02    5     3787    -4    -5     T
      891  0.2607000E+01  0.30000E-02    4     3791    -4    -5     T
      892  0.2610000E+01  0.30000E-02    4     3795    -4    -5     T
      893  0.2613000E+01  0.30000E-02    4     3799    -4    -5     T
      894  0.2616000E+01  0.30000E-02    4     3803    -4    -5     T
      895  0.2619000E+01  0.30000E-02    5     3808    -4    -5     T
      896  0.2622000E+01  0.30000E-02    4     3812    -4    -5     T
      897  0.2625000E+01  0.30000E-02    4     3816    -4    -5     T
      898  0.2628000E+01  0.30000E-02    4     3820    -4    -5     T
      899  0.2631000E+01  0.30000E-02    4     3824    -4    -5     T
      900  0.2634000E+01  0.30000E-02    5     3829    -4    -5     T
      901  0.2637000E+01  0.30000E-02    4     3833    -4    -5     T
      902  0.2640000E+01  0.30000E-02    4     3837    -4    -5     T
      903  0.2643000E+01  0.30000E-02    4     3841    -4    -5     T
      904  0.2646000E+01  0.30000E-02    4     3845    -4    -5     T
      905  0.2649000E+01  0.30000E-02    4     3849    -4    -5     T
      906  0.2652000E+01  0.30000E-02    4     3853    -4    -5     T
      907  0.2655000E+01  0.30000E-02    4     3857    -4    -5     T
      908  0.2658000E+01  0.30000E-02    4     3861    -4    -5     T
      909  0.2661000E+01  0.30000E-02    4     3865    -4    -5     T
      910  0.2664000E+01  0.30000E-02    4     3869    -4    -5     T
      911  0.2667000E+01  0.30000E-02    4     3873    -4    -5     T
      912  0.2670000E+01  0.30000E-02    4     3877    -4    -5     T
      913  0.2673000E+01  0.30000E-02    4     3881    -4    -5     T
      914  0.2676000E+01  0.30000E-02    4     3885    -4    -5     T
      915  0.2679000E+01  0.30000E-02    4     3889    -4    -5     T
      916  0.2682000E+01  0.30000E-02    4     3893    -4    -5     T
      917  0.2685000E+01  0.30000E-02    4     3897    -4    -5     T
      918  0.2688000E+01  0.30000E-02    4     3901    -4    -5     T
      919  0.2691000E+01  0.30000E-02    4     3905    -4    -5     T
      920  0.2694000E+01  0.30000E-02    3     3908    -4    -5     T
      921  0.2697000E+01  0.30000E-02    4     3912    -4    -5     T
      922  0.2700000E+01  0.30000E-02    4     3916    -4    -5     T
      923  0.2704000E+01  0.40000E-02    4     3920    -4    -5     T
      924  0.2708000E+01  0.40000E-02    7     3927    -4    -5     T
      925  0.2712000E+01  0.40000E-02    4     3931    -4    -5     T
      926  0.2715000E+01  0.30000E-02    4     3935    -4    -5     T
      927  0.2718000E+01  0.30000E-02    3     3938    -4    -5     T
      928  0.2721000E+01  0.30000E-02    4     3942    -4    -5     T
      929  0.2724000E+01  0.30000E-02    4     3946    -4    -5     T
      930  0.2728000E+01  0.40000E-02    4     3950    -4    -5     T
      931  0.2732000E+01  0.40000E-02    5     3955    -4    -5     T
      932  0.2736000E+01  0.40000E-02    5     3960    -4    -5     T
      933  0.2740000E+01  0.40000E-02    5     3965    -4    -5     T
      934  0.2744000E+01  0.40000E-02    4     3969    -4    -5     T
      935  0.2748000E+01  0.40000E-02    4     3973    -4    -5     T
      936  0.2752000E+01  0.40000E-02    4     3977    -4    -5     T
      937  0.2756000E+01  0.40000E-02    4     3981    -4    -5     T
      938  0.2760000E+01  0.40000E-02    6     3987    -4    -5     T
      939  0.2764000E+01  0.40000E-02    4     3991    -4    -5     T
      940  0.2768000E+01  0.40000E-02    5     3996    -4    -5     T
      941  0.2772000E+01  0.40000E-02    4     4000    -4    -5     T
      942  0.2776000E+01  0.40000E-02    4     4004    -4    -5     T
      943  0.2780000E+01  0.40000E-02    4     4008    -4    -5     T
      944  0.2784000E+01  0.40000E-02    4     4012    -4    -5     T
      945  0.2788000E+01  0.40000E-02    4     4016    -4    -5     T
      946  0.2792000E+01  0.40000E-02    4     4020    -4    -5     T
      947  0.2796000E+01  0.40000E-02    5     4025    -4    -5     T
      948  0.2800000E+01  0.40000E-02    4     4029    -4    -5     T
      949  0.2804000E+01  0.40000E-02    4     4033    -4    -5     T
      950  0.2808000E+01  0.40000E-02    4     4037    -4    -5     T
      951  0.2812000E+01  0.40000E-02    4     4041    -4    -5     T
      952  0.2816000E+01  0.40000E-02    4     4045    -4    -5     T
      953  0.2820000E+01  0.40000E-02    4     4049    -4    -5     T
      954  0.2824000E+01  0.40000E-02    5     4054    -4    -5     T
      955  0.2828000E+01  0.40000E-02    4     4058    -4    -5     T
      956  0.2832000E+01  0.40000E-02    4     4062    -4    -5     T
      957  0.2836000E+01  0.40000E-02    4     4066    -4    -5     T
      958  0.2840000E+01  0.40000E-02    4     4070    -4    -5     T
      959  0.2844000E+01  0.40000E-02    4     4074    -4    -5     T
      960  0.2848000E+01  0.40000E-02    4     4078    -4    -5     T
      961  0.2852000E+01  0.40000E-02    4     4082    -4    -5     T
      962  0.2856000E+01  0.40000E-02    4     4086    -4    -5     T
      963  0.2860000E+01  0.40000E-02    4     4090    -4    -5     T
      964  0.2864000E+01  0.40000E-02    4     4094    -4    -5     T
      965  0.2868000E+01  0.40000E-02    4     4098    -4    -5     T
      966  0.2872000E+01  0.40000E-02    4     4102    -4    -5     T
      967  0.2876000E+01  0.40000E-02    4     4106    -4    -5     T
      968  0.2880000E+01  0.40000E-02    4     4110    -4    -5     T
      969  0.2884000E+01  0.40000E-02    4     4114    -4    -5     T
      970  0.2888000E+01  0.40000E-02    4     4118    -4    -5     T
      971  0.2892000E+01  0.40000E-02    4     4122    -4    -5     T
      972  0.2896000E+01  0.40000E-02    4     4126    -4    -5     T
      973  0.2900000E+01  0.40000E-02    4     4130    -4    -5     T
      974  0.2904000E+01  0.40000E-02    4     4134    -4    -5     T
      975  0.2908000E+01  0.40000E-02    3     4137    -4    -5     T
      976  0.2912000E+01  0.40000E-02    4     4141    -4    -5     T
      977  0.2916000E+01  0.40000E-02    4     4145    -4    -5     T
      978  0.2920000E+01  0.40000E-02    4     4149    -4    -5     T
      979  0.2924000E+01  0.40000E-02    4     4153    -4    -5     T
      980  0.2928000E+01  0.40000E-02    3     4156    -4    -5     T
      981  0.2934000E+01  0.60000E-02    4     4160    -4    -5     T
      982  0.2940000E+01  0.60000E-02    6     4166    -4    -5     T
      983  0.2946000E+01  0.60000E-02    5     4171    -4    -5     T
      984  0.2952000E+01  0.60000E-02    5     4176    -4    -5     T
      985  0.2958000E+01  0.60000E-02    5     4181    -4    -5     T
      986  0.2964000E+01  0.60000E-02    6     4187    -4    -5     T
      987  0.2970000E+01  0.60000E-02    5     4192    -4    -5     T
      988  0.2976000E+01  0.60000E-02    5     4197    -4    -5     T
      989  0.2982000E+01  0.60000E-02    5     4202    -4    -5     T
      990  0.2988000E+01  0.60000E-02    4     4206    -4    -5     T
      991  0.2994000E+01  0.60000E-02    5     4211    -4    -5     T
      992  0.3000000E+01  0.60000E-02    4     4215    -4    -5     T
end
