 ******* Program HYDRUS
 ******* 
 Infiltration of water into soil profile                                 
 Date:   5. 3.    Time:  17:49:41
 Units: L = cm   , T = days , M = mmol 
 
 CosAlf,MaxIt,TolTh,  TolH
 1.000   10   0.001 1.00000
 
 TopInF,BotInF,AtmBC,SinkF,WLayer,qGWLF,FreeD,SeepF,lWat,lChem,lTemp,lRoot,lWDep
     T     F     T     F     T     F     T     F     T     F     F     F     F

Nodal point information

node      x         hOld    MatN LayN  Beta      Ah       AK      ATh     Temp    Conc(1...NS)         Sorb(1...NS)

   1      0.000  -1000.000    1    1   0.000    1.000    1.000    1.000
   2     -0.100  -1000.000    1    1   0.000    1.000    1.000    1.000
   3     -0.200  -1000.000    1    1   0.000    1.000    1.000    1.000
   4     -0.300  -1000.000    1    1   0.000    1.000    1.000    1.000
   5     -0.400  -1000.000    1    1   0.000    1.000    1.000    1.000
   6     -0.500  -1000.000    1    1   0.000    1.000    1.000    1.000
   7     -0.600  -1000.000    1    1   0.000    1.000    1.000    1.000
   8     -0.700  -1000.000    1    1   0.000    1.000    1.000    1.000
   9     -0.800  -1000.000    1    1   0.000    1.000    1.000    1.000
  10     -0.900  -1000.000    1    1   0.000    1.000    1.000    1.000
  11     -1.000  -1000.000    1    1   0.000    1.000    1.000    1.000
  12     -1.100  -1000.000    1    1   0.000    1.000    1.000    1.000
  13     -1.200  -1000.000    1    1   0.000    1.000    1.000    1.000
  14     -1.300  -1000.000    1    1   0.000    1.000    1.000    1.000
  15     -1.400  -1000.000    1    1   0.000    1.000    1.000    1.000
  16     -1.500  -1000.000    1    1   0.000    1.000    1.000    1.000
  17     -1.600  -1000.000    1    1   0.000    1.000    1.000    1.000
  18     -1.700  -1000.000    1    1   0.000    1.000    1.000    1.000
  19     -1.800  -1000.000    1    1   0.000    1.000    1.000    1.000
  20     -1.900  -1000.000    1    1   0.000    1.000    1.000    1.000
  21     -2.000  -1000.000    1    1   0.000    1.000    1.000    1.000
  22     -2.100  -1000.000    1    1   0.000    1.000    1.000    1.000
  23     -2.200  -1000.000    1    1   0.000    1.000    1.000    1.000
  24     -2.300  -1000.000    1    1   0.000    1.000    1.000    1.000
  25     -2.400  -1000.000    1    1   0.000    1.000    1.000    1.000
  26     -2.500  -1000.000    1    1   0.000    1.000    1.000    1.000
  27     -2.600  -1000.000    1    1   0.000    1.000    1.000    1.000
  28     -2.700  -1000.000    1    1   0.000    1.000    1.000    1.000
  29     -2.800  -1000.000    1    1   0.000    1.000    1.000    1.000
  30     -2.900  -1000.000    1    1   0.000    1.000    1.000    1.000
  31     -3.000  -1000.000    1    1   0.000    1.000    1.000    1.000
  32     -3.100  -1000.000    1    1   0.000    1.000    1.000    1.000
  33     -3.200  -1000.000    1    1   0.000    1.000    1.000    1.000
  34     -3.300  -1000.000    1    1   0.000    1.000    1.000    1.000
  35     -3.400  -1000.000    1    1   0.000    1.000    1.000    1.000
  36     -3.500  -1000.000    1    1   0.000    1.000    1.000    1.000
  37     -3.600  -1000.000    1    1   0.000    1.000    1.000    1.000
  38     -3.700  -1000.000    1    1   0.000    1.000    1.000    1.000
  39     -3.800  -1000.000    1    1   0.000    1.000    1.000    1.000
  40     -3.900  -1000.000    1    1   0.000    1.000    1.000    1.000
  41     -4.000  -1000.000    1    1   0.000    1.000    1.000    1.000
  42     -4.100  -1000.000    1    1   0.000    1.000    1.000    1.000
  43     -4.200  -1000.000    1    1   0.000    1.000    1.000    1.000
  44     -4.300  -1000.000    1    1   0.000    1.000    1.000    1.000
  45     -4.400  -1000.000    1    1   0.000    1.000    1.000    1.000
  46     -4.500  -1000.000    1    1   0.000    1.000    1.000    1.000
  47     -4.600  -1000.000    1    1   0.000    1.000    1.000    1.000
  48     -4.700  -1000.000    1    1   0.000    1.000    1.000    1.000
  49     -4.800  -1000.000    1    1   0.000    1.000    1.000    1.000
  50     -4.900  -1000.000    1    1   0.000    1.000    1.000    1.000
  51     -5.000  -1000.000    1    1   0.000    1.000    1.000    1.000
  52     -5.100  -1000.000    1    1   0.000    1.000    1.000    1.000
  53     -5.200  -1000.000    1    1   0.000    1.000    1.000    1.000
  54     -5.300  -1000.000    1    1   0.000    1.000    1.000    1.000
  55     -5.400  -1000.000    1    1   0.000    1.000    1.000    1.000
  56     -5.500  -1000.000    1    1   0.000    1.000    1.000    1.000
  57     -5.600  -1000.000    1    1   0.000    1.000    1.000    1.000
  58     -5.700  -1000.000    1    1   0.000    1.000    1.000    1.000
  59     -5.800  -1000.000    1    1   0.000    1.000    1.000    1.000
  60     -5.900  -1000.000    1    1   0.000    1.000    1.000    1.000
  61     -6.000  -1000.000    1    1   0.000    1.000    1.000    1.000
  62     -6.100  -1000.000    1    1   0.000    1.000    1.000    1.000
  63     -6.200  -1000.000    1    1   0.000    1.000    1.000    1.000
  64     -6.300  -1000.000    1    1   0.000    1.000    1.000    1.000
  65     -6.400  -1000.000    1    1   0.000    1.000    1.000    1.000
  66     -6.500  -1000.000    1    1   0.000    1.000    1.000    1.000
  67     -6.600  -1000.000    1    1   0.000    1.000    1.000    1.000
  68     -6.700  -1000.000    1    1   0.000    1.000    1.000    1.000
  69     -6.800  -1000.000    1    1   0.000    1.000    1.000    1.000
  70     -6.900  -1000.000    1    1   0.000    1.000    1.000    1.000
  71     -7.000  -1000.000    1    1   0.000    1.000    1.000    1.000
  72     -7.100  -1000.000    1    1   0.000    1.000    1.000    1.000
  73     -7.200  -1000.000    1    1   0.000    1.000    1.000    1.000
  74     -7.300  -1000.000    1    1   0.000    1.000    1.000    1.000
  75     -7.400  -1000.000    1    1   0.000    1.000    1.000    1.000
  76     -7.500  -1000.000    1    1   0.000    1.000    1.000    1.000
  77     -7.600  -1000.000    1    1   0.000    1.000    1.000    1.000
  78     -7.700  -1000.000    1    1   0.000    1.000    1.000    1.000
  79     -7.800  -1000.000    1    1   0.000    1.000    1.000    1.000
  80     -7.900  -1000.000    1    1   0.000    1.000    1.000    1.000
  81     -8.000  -1000.000    1    1   0.000    1.000    1.000    1.000
  82     -8.100  -1000.000    1    1   0.000    1.000    1.000    1.000
  83     -8.200  -1000.000    1    1   0.000    1.000    1.000    1.000
  84     -8.300  -1000.000    1    1   0.000    1.000    1.000    1.000
  85     -8.400  -1000.000    1    1   0.000    1.000    1.000    1.000
  86     -8.500  -1000.000    1    1   0.000    1.000    1.000    1.000
  87     -8.600  -1000.000    1    1   0.000    1.000    1.000    1.000
  88     -8.700  -1000.000    1    1   0.000    1.000    1.000    1.000
  89     -8.800  -1000.000    1    1   0.000    1.000    1.000    1.000
  90     -8.900  -1000.000    1    1   0.000    1.000    1.000    1.000
  91     -9.000  -1000.000    1    1   0.000    1.000    1.000    1.000
  92     -9.100  -1000.000    1    1   0.000    1.000    1.000    1.000
  93     -9.200  -1000.000    1    1   0.000    1.000    1.000    1.000
  94     -9.300  -1000.000    1    1   0.000    1.000    1.000    1.000
  95     -9.400  -1000.000    1    1   0.000    1.000    1.000    1.000
  96     -9.500  -1000.000    1    1   0.000    1.000    1.000    1.000
  97     -9.600  -1000.000    1    1   0.000    1.000    1.000    1.000
  98     -9.700  -1000.000    1    1   0.000    1.000    1.000    1.000
  99     -9.800  -1000.000    1    1   0.000    1.000    1.000    1.000
 100     -9.900  -1000.000    1    1   0.000    1.000    1.000    1.000
 101    -10.000  -1000.000    1    1   0.000    1.000    1.000    1.000
 102    -10.100  -1000.000    1    1   0.000    1.000    1.000    1.000
 103    -10.200  -1000.000    1    1   0.000    1.000    1.000    1.000
 104    -10.300  -1000.000    1    1   0.000    1.000    1.000    1.000
 105    -10.400  -1000.000    1    1   0.000    1.000    1.000    1.000
 106    -10.500  -1000.000    1    1   0.000    1.000    1.000    1.000
 107    -10.600  -1000.000    1    1   0.000    1.000    1.000    1.000
 108    -10.700  -1000.000    1    1   0.000    1.000    1.000    1.000
 109    -10.800  -1000.000    1    1   0.000    1.000    1.000    1.000
 110    -10.900  -1000.000    1    1   0.000    1.000    1.000    1.000
 111    -11.000  -1000.000    1    1   0.000    1.000    1.000    1.000
 112    -11.100  -1000.000    1    1   0.000    1.000    1.000    1.000
 113    -11.200  -1000.000    1    1   0.000    1.000    1.000    1.000
 114    -11.300  -1000.000    1    1   0.000    1.000    1.000    1.000
 115    -11.400  -1000.000    1    1   0.000    1.000    1.000    1.000
 116    -11.500  -1000.000    1    1   0.000    1.000    1.000    1.000
 117    -11.600  -1000.000    1    1   0.000    1.000    1.000    1.000
 118    -11.700  -1000.000    1    1   0.000    1.000    1.000    1.000
 119    -11.800  -1000.000    1    1   0.000    1.000    1.000    1.000
 120    -11.900  -1000.000    1    1   0.000    1.000    1.000    1.000
 121    -12.000  -1000.000    1    1   0.000    1.000    1.000    1.000
 122    -12.100  -1000.000    1    1   0.000    1.000    1.000    1.000
 123    -12.200  -1000.000    1    1   0.000    1.000    1.000    1.000
 124    -12.300  -1000.000    1    1   0.000    1.000    1.000    1.000
 125    -12.400  -1000.000    1    1   0.000    1.000    1.000    1.000
 126    -12.500  -1000.000    1    1   0.000    1.000    1.000    1.000
 127    -12.600  -1000.000    1    1   0.000    1.000    1.000    1.000
 128    -12.700  -1000.000    1    1   0.000    1.000    1.000    1.000
 129    -12.800  -1000.000    1    1   0.000    1.000    1.000    1.000
 130    -12.900  -1000.000    1    1   0.000    1.000    1.000    1.000
 131    -13.000  -1000.000    1    1   0.000    1.000    1.000    1.000
 132    -13.100  -1000.000    1    1   0.000    1.000    1.000    1.000
 133    -13.200  -1000.000    1    1   0.000    1.000    1.000    1.000
 134    -13.300  -1000.000    1    1   0.000    1.000    1.000    1.000
 135    -13.400  -1000.000    1    1   0.000    1.000    1.000    1.000
 136    -13.500  -1000.000    1    1   0.000    1.000    1.000    1.000
 137    -13.600  -1000.000    1    1   0.000    1.000    1.000    1.000
 138    -13.700  -1000.000    1    1   0.000    1.000    1.000    1.000
 139    -13.800  -1000.000    1    1   0.000    1.000    1.000    1.000
 140    -13.900  -1000.000    1    1   0.000    1.000    1.000    1.000
 141    -14.000  -1000.000    1    1   0.000    1.000    1.000    1.000
 142    -14.100  -1000.000    1    1   0.000    1.000    1.000    1.000
 143    -14.200  -1000.000    1    1   0.000    1.000    1.000    1.000
 144    -14.300  -1000.000    1    1   0.000    1.000    1.000    1.000
 145    -14.400  -1000.000    1    1   0.000    1.000    1.000    1.000
 146    -14.500  -1000.000    1    1   0.000    1.000    1.000    1.000
 147    -14.600  -1000.000    1    1   0.000    1.000    1.000    1.000
 148    -14.700  -1000.000    1    1   0.000    1.000    1.000    1.000
 149    -14.800  -1000.000    1    1   0.000    1.000    1.000    1.000
 150    -14.900  -1000.000    1    1   0.000    1.000    1.000    1.000
 151    -15.000  -1000.000    1    1   0.000    1.000    1.000    1.000
 152    -15.100  -1000.000    1    1   0.000    1.000    1.000    1.000
 153    -15.200  -1000.000    1    1   0.000    1.000    1.000    1.000
 154    -15.300  -1000.000    1    1   0.000    1.000    1.000    1.000
 155    -15.400  -1000.000    1    1   0.000    1.000    1.000    1.000
 156    -15.500  -1000.000    1    1   0.000    1.000    1.000    1.000
 157    -15.600  -1000.000    1    1   0.000    1.000    1.000    1.000
 158    -15.700  -1000.000    1    1   0.000    1.000    1.000    1.000
 159    -15.800  -1000.000    1    1   0.000    1.000    1.000    1.000
 160    -15.900  -1000.000    1    1   0.000    1.000    1.000    1.000
 161    -16.000  -1000.000    1    1   0.000    1.000    1.000    1.000
 162    -16.100  -1000.000    1    1   0.000    1.000    1.000    1.000
 163    -16.200  -1000.000    1    1   0.000    1.000    1.000    1.000
 164    -16.300  -1000.000    1    1   0.000    1.000    1.000    1.000
 165    -16.400  -1000.000    1    1   0.000    1.000    1.000    1.000
 166    -16.500  -1000.000    1    1   0.000    1.000    1.000    1.000
 167    -16.600  -1000.000    1    1   0.000    1.000    1.000    1.000
 168    -16.700  -1000.000    1    1   0.000    1.000    1.000    1.000
 169    -16.800  -1000.000    1    1   0.000    1.000    1.000    1.000
 170    -16.900  -1000.000    1    1   0.000    1.000    1.000    1.000
 171    -17.000  -1000.000    1    1   0.000    1.000    1.000    1.000
 172    -17.100  -1000.000    1    1   0.000    1.000    1.000    1.000
 173    -17.200  -1000.000    1    1   0.000    1.000    1.000    1.000
 174    -17.300  -1000.000    1    1   0.000    1.000    1.000    1.000
 175    -17.400  -1000.000    1    1   0.000    1.000    1.000    1.000
 176    -17.500  -1000.000    1    1   0.000    1.000    1.000    1.000
 177    -17.600  -1000.000    1    1   0.000    1.000    1.000    1.000
 178    -17.700  -1000.000    1    1   0.000    1.000    1.000    1.000
 179    -17.800  -1000.000    1    1   0.000    1.000    1.000    1.000
 180    -17.900  -1000.000    1    1   0.000    1.000    1.000    1.000
 181    -18.000  -1000.000    1    1   0.000    1.000    1.000    1.000
 182    -18.100  -1000.000    1    1   0.000    1.000    1.000    1.000
 183    -18.200  -1000.000    1    1   0.000    1.000    1.000    1.000
 184    -18.300  -1000.000    1    1   0.000    1.000    1.000    1.000
 185    -18.400  -1000.000    1    1   0.000    1.000    1.000    1.000
 186    -18.500  -1000.000    1    1   0.000    1.000    1.000    1.000
 187    -18.600  -1000.000    1    1   0.000    1.000    1.000    1.000
 188    -18.700  -1000.000    1    1   0.000    1.000    1.000    1.000
 189    -18.800  -1000.000    1    1   0.000    1.000    1.000    1.000
 190    -18.900  -1000.000    1    1   0.000    1.000    1.000    1.000
 191    -19.000  -1000.000    1    1   0.000    1.000    1.000    1.000
 192    -19.100  -1000.000    1    1   0.000    1.000    1.000    1.000
 193    -19.200  -1000.000    1    1   0.000    1.000    1.000    1.000
 194    -19.300  -1000.000    1    1   0.000    1.000    1.000    1.000
 195    -19.400  -1000.000    1    1   0.000    1.000    1.000    1.000
 196    -19.500  -1000.000    1    1   0.000    1.000    1.000    1.000
 197    -19.600  -1000.000    1    1   0.000    1.000    1.000    1.000
 198    -19.700  -1000.000    1    1   0.000    1.000    1.000    1.000
 199    -19.800  -1000.000    1    1   0.000    1.000    1.000    1.000
 200    -19.900  -1000.000    1    1   0.000    1.000    1.000    1.000
 201    -20.000  -1000.000    1    1   0.000    1.000    1.000    1.000
 202    -20.100  -1000.000    1    1   0.000    1.000    1.000    1.000
 203    -20.200  -1000.000    1    1   0.000    1.000    1.000    1.000
 204    -20.300  -1000.000    1    1   0.000    1.000    1.000    1.000
 205    -20.400  -1000.000    1    1   0.000    1.000    1.000    1.000
 206    -20.500  -1000.000    1    1   0.000    1.000    1.000    1.000
 207    -20.600  -1000.000    1    1   0.000    1.000    1.000    1.000
 208    -20.700  -1000.000    1    1   0.000    1.000    1.000    1.000
 209    -20.800  -1000.000    1    1   0.000    1.000    1.000    1.000
 210    -20.900  -1000.000    1    1   0.000    1.000    1.000    1.000
 211    -21.000  -1000.000    1    1   0.000    1.000    1.000    1.000
 212    -21.100  -1000.000    1    1   0.000    1.000    1.000    1.000
 213    -21.200  -1000.000    1    1   0.000    1.000    1.000    1.000
 214    -21.300  -1000.000    1    1   0.000    1.000    1.000    1.000
 215    -21.400  -1000.000    1    1   0.000    1.000    1.000    1.000
 216    -21.500  -1000.000    1    1   0.000    1.000    1.000    1.000
 217    -21.600  -1000.000    1    1   0.000    1.000    1.000    1.000
 218    -21.700  -1000.000    1    1   0.000    1.000    1.000    1.000
 219    -21.800  -1000.000    1    1   0.000    1.000    1.000    1.000
 220    -21.900  -1000.000    1    1   0.000    1.000    1.000    1.000
 221    -22.000  -1000.000    1    1   0.000    1.000    1.000    1.000
 222    -22.100  -1000.000    1    1   0.000    1.000    1.000    1.000
 223    -22.200  -1000.000    1    1   0.000    1.000    1.000    1.000
 224    -22.300  -1000.000    1    1   0.000    1.000    1.000    1.000
 225    -22.400  -1000.000    1    1   0.000    1.000    1.000    1.000
 226    -22.500  -1000.000    1    1   0.000    1.000    1.000    1.000
 227    -22.600  -1000.000    1    1   0.000    1.000    1.000    1.000
 228    -22.700  -1000.000    1    1   0.000    1.000    1.000    1.000
 229    -22.800  -1000.000    1    1   0.000    1.000    1.000    1.000
 230    -22.900  -1000.000    1    1   0.000    1.000    1.000    1.000
 231    -23.000  -1000.000    1    1   0.000    1.000    1.000    1.000
 232    -23.100  -1000.000    1    1   0.000    1.000    1.000    1.000
 233    -23.200  -1000.000    1    1   0.000    1.000    1.000    1.000
 234    -23.300  -1000.000    1    1   0.000    1.000    1.000    1.000
 235    -23.400  -1000.000    1    1   0.000    1.000    1.000    1.000
 236    -23.500  -1000.000    1    1   0.000    1.000    1.000    1.000
 237    -23.600  -1000.000    1    1   0.000    1.000    1.000    1.000
 238    -23.700  -1000.000    1    1   0.000    1.000    1.000    1.000
 239    -23.800  -1000.000    1    1   0.000    1.000    1.000    1.000
 240    -23.900  -1000.000    1    1   0.000    1.000    1.000    1.000
 241    -24.000  -1000.000    1    1   0.000    1.000    1.000    1.000
 242    -24.100  -1000.000    1    1   0.000    1.000    1.000    1.000
 243    -24.200  -1000.000    1    1   0.000    1.000    1.000    1.000
 244    -24.300  -1000.000    1    1   0.000    1.000    1.000    1.000
 245    -24.400  -1000.000    1    1   0.000    1.000    1.000    1.000
 246    -24.500  -1000.000    1    1   0.000    1.000    1.000    1.000
 247    -24.600  -1000.000    1    1   0.000    1.000    1.000    1.000
 248    -24.700  -1000.000    1    1   0.000    1.000    1.000    1.000
 249    -24.800  -1000.000    1    1   0.000    1.000    1.000    1.000
 250    -24.900  -1000.000    1    1   0.000    1.000    1.000    1.000
 251    -25.000  -1000.000    1    1   0.000    1.000    1.000    1.000
 252    -25.100  -1000.000    1    1   0.000    1.000    1.000    1.000
 253    -25.200  -1000.000    1    1   0.000    1.000    1.000    1.000
 254    -25.300  -1000.000    1    1   0.000    1.000    1.000    1.000
 255    -25.400  -1000.000    1    1   0.000    1.000    1.000    1.000
 256    -25.500  -1000.000    1    1   0.000    1.000    1.000    1.000
 257    -25.600  -1000.000    1    1   0.000    1.000    1.000    1.000
 258    -25.700  -1000.000    1    1   0.000    1.000    1.000    1.000
 259    -25.800  -1000.000    1    1   0.000    1.000    1.000    1.000
 260    -25.900  -1000.000    1    1   0.000    1.000    1.000    1.000
 261    -26.000  -1000.000    1    1   0.000    1.000    1.000    1.000
 262    -26.100  -1000.000    1    1   0.000    1.000    1.000    1.000
 263    -26.200  -1000.000    1    1   0.000    1.000    1.000    1.000
 264    -26.300  -1000.000    1    1   0.000    1.000    1.000    1.000
 265    -26.400  -1000.000    1    1   0.000    1.000    1.000    1.000
 266    -26.500  -1000.000    1    1   0.000    1.000    1.000    1.000
 267    -26.600  -1000.000    1    1   0.000    1.000    1.000    1.000
 268    -26.700  -1000.000    1    1   0.000    1.000    1.000    1.000
 269    -26.800  -1000.000    1    1   0.000    1.000    1.000    1.000
 270    -26.900  -1000.000    1    1   0.000    1.000    1.000    1.000
 271    -27.000  -1000.000    1    1   0.000    1.000    1.000    1.000
 272    -27.100  -1000.000    1    1   0.000    1.000    1.000    1.000
 273    -27.200  -1000.000    1    1   0.000    1.000    1.000    1.000
 274    -27.300  -1000.000    1    1   0.000    1.000    1.000    1.000
 275    -27.400  -1000.000    1    1   0.000    1.000    1.000    1.000
 276    -27.500  -1000.000    1    1   0.000    1.000    1.000    1.000
 277    -27.600  -1000.000    1    1   0.000    1.000    1.000    1.000
 278    -27.700  -1000.000    1    1   0.000    1.000    1.000    1.000
 279    -27.800  -1000.000    1    1   0.000    1.000    1.000    1.000
 280    -27.900  -1000.000    1    1   0.000    1.000    1.000    1.000
 281    -28.000  -1000.000    1    1   0.000    1.000    1.000    1.000
 282    -28.100  -1000.000    1    1   0.000    1.000    1.000    1.000
 283    -28.200  -1000.000    1    1   0.000    1.000    1.000    1.000
 284    -28.300  -1000.000    1    1   0.000    1.000    1.000    1.000
 285    -28.400  -1000.000    1    1   0.000    1.000    1.000    1.000
 286    -28.500  -1000.000    1    1   0.000    1.000    1.000    1.000
 287    -28.600  -1000.000    1    1   0.000    1.000    1.000    1.000
 288    -28.700  -1000.000    1    1   0.000    1.000    1.000    1.000
 289    -28.800  -1000.000    1    1   0.000    1.000    1.000    1.000
 290    -28.900  -1000.000    1    1   0.000    1.000    1.000    1.000
 291    -29.000  -1000.000    1    1   0.000    1.000    1.000    1.000
 292    -29.100  -1000.000    1    1   0.000    1.000    1.000    1.000
 293    -29.200  -1000.000    1    1   0.000    1.000    1.000    1.000
 294    -29.300  -1000.000    1    1   0.000    1.000    1.000    1.000
 295    -29.400  -1000.000    1    1   0.000    1.000    1.000    1.000
 296    -29.500  -1000.000    1    1   0.000    1.000    1.000    1.000
 297    -29.600  -1000.000    1    1   0.000    1.000    1.000    1.000
 298    -29.700  -1000.000    1    1   0.000    1.000    1.000    1.000
 299    -29.800  -1000.000    1    1   0.000    1.000    1.000    1.000
 300    -29.900  -1000.000    1    1   0.000    1.000    1.000    1.000
 301    -30.000  -1000.000    1    1   0.000    1.000    1.000    1.000
 302    -30.100  -1000.000    1    1   0.000    1.000    1.000    1.000
 303    -30.200  -1000.000    1    1   0.000    1.000    1.000    1.000
 304    -30.300  -1000.000    1    1   0.000    1.000    1.000    1.000
 305    -30.400  -1000.000    1    1   0.000    1.000    1.000    1.000
 306    -30.500  -1000.000    1    1   0.000    1.000    1.000    1.000
 307    -30.600  -1000.000    1    1   0.000    1.000    1.000    1.000
 308    -30.700  -1000.000    1    1   0.000    1.000    1.000    1.000
 309    -30.800  -1000.000    1    1   0.000    1.000    1.000    1.000
 310    -30.900  -1000.000    1    1   0.000    1.000    1.000    1.000
 311    -31.000  -1000.000    1    1   0.000    1.000    1.000    1.000
 312    -31.100  -1000.000    1    1   0.000    1.000    1.000    1.000
 313    -31.200  -1000.000    1    1   0.000    1.000    1.000    1.000
 314    -31.300  -1000.000    1    1   0.000    1.000    1.000    1.000
 315    -31.400  -1000.000    1    1   0.000    1.000    1.000    1.000
 316    -31.500  -1000.000    1    1   0.000    1.000    1.000    1.000
 317    -31.600  -1000.000    1    1   0.000    1.000    1.000    1.000
 318    -31.700  -1000.000    1    1   0.000    1.000    1.000    1.000
 319    -31.800  -1000.000    1    1   0.000    1.000    1.000    1.000
 320    -31.900  -1000.000    1    1   0.000    1.000    1.000    1.000
 321    -32.000  -1000.000    1    1   0.000    1.000    1.000    1.000
 322    -32.100  -1000.000    1    1   0.000    1.000    1.000    1.000
 323    -32.200  -1000.000    1    1   0.000    1.000    1.000    1.000
 324    -32.300  -1000.000    1    1   0.000    1.000    1.000    1.000
 325    -32.400  -1000.000    1    1   0.000    1.000    1.000    1.000
 326    -32.500  -1000.000    1    1   0.000    1.000    1.000    1.000
 327    -32.600  -1000.000    1    1   0.000    1.000    1.000    1.000
 328    -32.700  -1000.000    1    1   0.000    1.000    1.000    1.000
 329    -32.800  -1000.000    1    1   0.000    1.000    1.000    1.000
 330    -32.900  -1000.000    1    1   0.000    1.000    1.000    1.000
 331    -33.000  -1000.000    1    1   0.000    1.000    1.000    1.000
 332    -33.100  -1000.000    1    1   0.000    1.000    1.000    1.000
 333    -33.200  -1000.000    1    1   0.000    1.000    1.000    1.000
 334    -33.300  -1000.000    1    1   0.000    1.000    1.000    1.000
 335    -33.400  -1000.000    1    1   0.000    1.000    1.000    1.000
 336    -33.500  -1000.000    1    1   0.000    1.000    1.000    1.000
 337    -33.600  -1000.000    1    1   0.000    1.000    1.000    1.000
 338    -33.700  -1000.000    1    1   0.000    1.000    1.000    1.000
 339    -33.800  -1000.000    1    1   0.000    1.000    1.000    1.000
 340    -33.900  -1000.000    1    1   0.000    1.000    1.000    1.000
 341    -34.000  -1000.000    1    1   0.000    1.000    1.000    1.000
 342    -34.100  -1000.000    1    1   0.000    1.000    1.000    1.000
 343    -34.200  -1000.000    1    1   0.000    1.000    1.000    1.000
 344    -34.300  -1000.000    1    1   0.000    1.000    1.000    1.000
 345    -34.400  -1000.000    1    1   0.000    1.000    1.000    1.000
 346    -34.500  -1000.000    1    1   0.000    1.000    1.000    1.000
 347    -34.600  -1000.000    1    1   0.000    1.000    1.000    1.000
 348    -34.700  -1000.000    1    1   0.000    1.000    1.000    1.000
 349    -34.800  -1000.000    1    1   0.000    1.000    1.000    1.000
 350    -34.900  -1000.000    1    1   0.000    1.000    1.000    1.000
 351    -35.000  -1000.000    1    1   0.000    1.000    1.000    1.000
 352    -35.100  -1000.000    1    1   0.000    1.000    1.000    1.000
 353    -35.200  -1000.000    1    1   0.000    1.000    1.000    1.000
 354    -35.300  -1000.000    1    1   0.000    1.000    1.000    1.000
 355    -35.400  -1000.000    1    1   0.000    1.000    1.000    1.000
 356    -35.500  -1000.000    1    1   0.000    1.000    1.000    1.000
 357    -35.600  -1000.000    1    1   0.000    1.000    1.000    1.000
 358    -35.700  -1000.000    1    1   0.000    1.000    1.000    1.000
 359    -35.800  -1000.000    1    1   0.000    1.000    1.000    1.000
 360    -35.900  -1000.000    1    1   0.000    1.000    1.000    1.000
 361    -36.000  -1000.000    1    1   0.000    1.000    1.000    1.000
 362    -36.100  -1000.000    1    1   0.000    1.000    1.000    1.000
 363    -36.200  -1000.000    1    1   0.000    1.000    1.000    1.000
 364    -36.300  -1000.000    1    1   0.000    1.000    1.000    1.000
 365    -36.400  -1000.000    1    1   0.000    1.000    1.000    1.000
 366    -36.500  -1000.000    1    1   0.000    1.000    1.000    1.000
 367    -36.600  -1000.000    1    1   0.000    1.000    1.000    1.000
 368    -36.700  -1000.000    1    1   0.000    1.000    1.000    1.000
 369    -36.800  -1000.000    1    1   0.000    1.000    1.000    1.000
 370    -36.900  -1000.000    1    1   0.000    1.000    1.000    1.000
 371    -37.000  -1000.000    1    1   0.000    1.000    1.000    1.000
 372    -37.100  -1000.000    1    1   0.000    1.000    1.000    1.000
 373    -37.200  -1000.000    1    1   0.000    1.000    1.000    1.000
 374    -37.300  -1000.000    1    1   0.000    1.000    1.000    1.000
 375    -37.400  -1000.000    1    1   0.000    1.000    1.000    1.000
 376    -37.500  -1000.000    1    1   0.000    1.000    1.000    1.000
 377    -37.600  -1000.000    1    1   0.000    1.000    1.000    1.000
 378    -37.700  -1000.000    1    1   0.000    1.000    1.000    1.000
 379    -37.800  -1000.000    1    1   0.000    1.000    1.000    1.000
 380    -37.900  -1000.000    1    1   0.000    1.000    1.000    1.000
 381    -38.000  -1000.000    1    1   0.000    1.000    1.000    1.000
 382    -38.100  -1000.000    1    1   0.000    1.000    1.000    1.000
 383    -38.200  -1000.000    1    1   0.000    1.000    1.000    1.000
 384    -38.300  -1000.000    1    1   0.000    1.000    1.000    1.000
 385    -38.400  -1000.000    1    1   0.000    1.000    1.000    1.000
 386    -38.500  -1000.000    1    1   0.000    1.000    1.000    1.000
 387    -38.600  -1000.000    1    1   0.000    1.000    1.000    1.000
 388    -38.700  -1000.000    1    1   0.000    1.000    1.000    1.000
 389    -38.800  -1000.000    1    1   0.000    1.000    1.000    1.000
 390    -38.900  -1000.000    1    1   0.000    1.000    1.000    1.000
 391    -39.000  -1000.000    1    1   0.000    1.000    1.000    1.000
 392    -39.100  -1000.000    1    1   0.000    1.000    1.000    1.000
 393    -39.200  -1000.000    1    1   0.000    1.000    1.000    1.000
 394    -39.300  -1000.000    1    1   0.000    1.000    1.000    1.000
 395    -39.400  -1000.000    1    1   0.000    1.000    1.000    1.000
 396    -39.500  -1000.000    1    1   0.000    1.000    1.000    1.000
 397    -39.600  -1000.000    1    1   0.000    1.000    1.000    1.000
 398    -39.700  -1000.000    1    1   0.000    1.000    1.000    1.000
 399    -39.800  -1000.000    1    1   0.000    1.000    1.000    1.000
 400    -39.900  -1000.000    1    1   0.000    1.000    1.000    1.000
 401    -40.000  -1000.000    1    1   0.000    1.000    1.000    1.000
 402    -40.100  -1000.000    1    1   0.000    1.000    1.000    1.000
 403    -40.200  -1000.000    1    1   0.000    1.000    1.000    1.000
 404    -40.300  -1000.000    1    1   0.000    1.000    1.000    1.000
 405    -40.400  -1000.000    1    1   0.000    1.000    1.000    1.000
 406    -40.500  -1000.000    1    1   0.000    1.000    1.000    1.000
 407    -40.600  -1000.000    1    1   0.000    1.000    1.000    1.000
 408    -40.700  -1000.000    1    1   0.000    1.000    1.000    1.000
 409    -40.800  -1000.000    1    1   0.000    1.000    1.000    1.000
 410    -40.900  -1000.000    1    1   0.000    1.000    1.000    1.000
 411    -41.000  -1000.000    1    1   0.000    1.000    1.000    1.000
 412    -41.100  -1000.000    1    1   0.000    1.000    1.000    1.000
 413    -41.200  -1000.000    1    1   0.000    1.000    1.000    1.000
 414    -41.300  -1000.000    1    1   0.000    1.000    1.000    1.000
 415    -41.400  -1000.000    1    1   0.000    1.000    1.000    1.000
 416    -41.500  -1000.000    1    1   0.000    1.000    1.000    1.000
 417    -41.600  -1000.000    1    1   0.000    1.000    1.000    1.000
 418    -41.700  -1000.000    1    1   0.000    1.000    1.000    1.000
 419    -41.800  -1000.000    1    1   0.000    1.000    1.000    1.000
 420    -41.900  -1000.000    1    1   0.000    1.000    1.000    1.000
 421    -42.000  -1000.000    1    1   0.000    1.000    1.000    1.000
 422    -42.100  -1000.000    1    1   0.000    1.000    1.000    1.000
 423    -42.200  -1000.000    1    1   0.000    1.000    1.000    1.000
 424    -42.300  -1000.000    1    1   0.000    1.000    1.000    1.000
 425    -42.400  -1000.000    1    1   0.000    1.000    1.000    1.000
 426    -42.500  -1000.000    1    1   0.000    1.000    1.000    1.000
 427    -42.600  -1000.000    1    1   0.000    1.000    1.000    1.000
 428    -42.700  -1000.000    1    1   0.000    1.000    1.000    1.000
 429    -42.800  -1000.000    1    1   0.000    1.000    1.000    1.000
 430    -42.900  -1000.000    1    1   0.000    1.000    1.000    1.000
 431    -43.000  -1000.000    1    1   0.000    1.000    1.000    1.000
 432    -43.100  -1000.000    1    1   0.000    1.000    1.000    1.000
 433    -43.200  -1000.000    1    1   0.000    1.000    1.000    1.000
 434    -43.300  -1000.000    1    1   0.000    1.000    1.000    1.000
 435    -43.400  -1000.000    1    1   0.000    1.000    1.000    1.000
 436    -43.500  -1000.000    1    1   0.000    1.000    1.000    1.000
 437    -43.600  -1000.000    1    1   0.000    1.000    1.000    1.000
 438    -43.700  -1000.000    1    1   0.000    1.000    1.000    1.000
 439    -43.800  -1000.000    1    1   0.000    1.000    1.000    1.000
 440    -43.900  -1000.000    1    1   0.000    1.000    1.000    1.000
 441    -44.000  -1000.000    1    1   0.000    1.000    1.000    1.000
 442    -44.100  -1000.000    1    1   0.000    1.000    1.000    1.000
 443    -44.200  -1000.000    1    1   0.000    1.000    1.000    1.000
 444    -44.300  -1000.000    1    1   0.000    1.000    1.000    1.000
 445    -44.400  -1000.000    1    1   0.000    1.000    1.000    1.000
 446    -44.500  -1000.000    1    1   0.000    1.000    1.000    1.000
 447    -44.600  -1000.000    1    1   0.000    1.000    1.000    1.000
 448    -44.700  -1000.000    1    1   0.000    1.000    1.000    1.000
 449    -44.800  -1000.000    1    1   0.000    1.000    1.000    1.000
 450    -44.900  -1000.000    1    1   0.000    1.000    1.000    1.000
 451    -45.000  -1000.000    1    1   0.000    1.000    1.000    1.000
 452    -45.100  -1000.000    1    1   0.000    1.000    1.000    1.000
 453    -45.200  -1000.000    1    1   0.000    1.000    1.000    1.000
 454    -45.300  -1000.000    1    1   0.000    1.000    1.000    1.000
 455    -45.400  -1000.000    1    1   0.000    1.000    1.000    1.000
 456    -45.500  -1000.000    1    1   0.000    1.000    1.000    1.000
 457    -45.600  -1000.000    1    1   0.000    1.000    1.000    1.000
 458    -45.700  -1000.000    1    1   0.000    1.000    1.000    1.000
 459    -45.800  -1000.000    1    1   0.000    1.000    1.000    1.000
 460    -45.900  -1000.000    1    1   0.000    1.000    1.000    1.000
 461    -46.000  -1000.000    1    1   0.000    1.000    1.000    1.000
 462    -46.100  -1000.000    1    1   0.000    1.000    1.000    1.000
 463    -46.200  -1000.000    1    1   0.000    1.000    1.000    1.000
 464    -46.300  -1000.000    1    1   0.000    1.000    1.000    1.000
 465    -46.400  -1000.000    1    1   0.000    1.000    1.000    1.000
 466    -46.500  -1000.000    1    1   0.000    1.000    1.000    1.000
 467    -46.600  -1000.000    1    1   0.000    1.000    1.000    1.000
 468    -46.700  -1000.000    1    1   0.000    1.000    1.000    1.000
 469    -46.800  -1000.000    1    1   0.000    1.000    1.000    1.000
 470    -46.900  -1000.000    1    1   0.000    1.000    1.000    1.000
 471    -47.000  -1000.000    1    1   0.000    1.000    1.000    1.000
 472    -47.100  -1000.000    1    1   0.000    1.000    1.000    1.000
 473    -47.200  -1000.000    1    1   0.000    1.000    1.000    1.000
 474    -47.300  -1000.000    1    1   0.000    1.000    1.000    1.000
 475    -47.400  -1000.000    1    1   0.000    1.000    1.000    1.000
 476    -47.500  -1000.000    1    1   0.000    1.000    1.000    1.000
 477    -47.600  -1000.000    1    1   0.000    1.000    1.000    1.000
 478    -47.700  -1000.000    1    1   0.000    1.000    1.000    1.000
 479    -47.800  -1000.000    1    1   0.000    1.000    1.000    1.000
 480    -47.900  -1000.000    1    1   0.000    1.000    1.000    1.000
 481    -48.000  -1000.000    1    1   0.000    1.000    1.000    1.000
 482    -48.100  -1000.000    1    1   0.000    1.000    1.000    1.000
 483    -48.200  -1000.000    1    1   0.000    1.000    1.000    1.000
 484    -48.300  -1000.000    1    1   0.000    1.000    1.000    1.000
 485    -48.400  -1000.000    1    1   0.000    1.000    1.000    1.000
 486    -48.500  -1000.000    1    1   0.000    1.000    1.000    1.000
 487    -48.600  -1000.000    1    1   0.000    1.000    1.000    1.000
 488    -48.700  -1000.000    1    1   0.000    1.000    1.000    1.000
 489    -48.800  -1000.000    1    1   0.000    1.000    1.000    1.000
 490    -48.900  -1000.000    1    1   0.000    1.000    1.000    1.000
 491    -49.000  -1000.000    1    1   0.000    1.000    1.000    1.000
 492    -49.100  -1000.000    1    1   0.000    1.000    1.000    1.000
 493    -49.200  -1000.000    1    1   0.000    1.000    1.000    1.000
 494    -49.300  -1000.000    1    1   0.000    1.000    1.000    1.000
 495    -49.400  -1000.000    1    1   0.000    1.000    1.000    1.000
 496    -49.500  -1000.000    1    1   0.000    1.000    1.000    1.000
 497    -49.600  -1000.000    1    1   0.000    1.000    1.000    1.000
 498    -49.700  -1000.000    1    1   0.000    1.000    1.000    1.000
 499    -49.800  -1000.000    1    1   0.000    1.000    1.000    1.000
 500    -49.900  -1000.000    1    1   0.000    1.000    1.000    1.000
 501    -50.000  -1000.000    1    1   0.000    1.000    1.000    1.000
 502    -50.100  -1000.000    1    1   0.000    1.000    1.000    1.000
 503    -50.200  -1000.000    1    1   0.000    1.000    1.000    1.000
 504    -50.300  -1000.000    1    1   0.000    1.000    1.000    1.000
 505    -50.400  -1000.000    1    1   0.000    1.000    1.000    1.000
 506    -50.500  -1000.000    1    1   0.000    1.000    1.000    1.000
 507    -50.600  -1000.000    1    1   0.000    1.000    1.000    1.000
 508    -50.700  -1000.000    1    1   0.000    1.000    1.000    1.000
 509    -50.800  -1000.000    1    1   0.000    1.000    1.000    1.000
 510    -50.900  -1000.000    1    1   0.000    1.000    1.000    1.000
 511    -51.000  -1000.000    1    1   0.000    1.000    1.000    1.000
 512    -51.100  -1000.000    1    1   0.000    1.000    1.000    1.000
 513    -51.200  -1000.000    1    1   0.000    1.000    1.000    1.000
 514    -51.300  -1000.000    1    1   0.000    1.000    1.000    1.000
 515    -51.400  -1000.000    1    1   0.000    1.000    1.000    1.000
 516    -51.500  -1000.000    1    1   0.000    1.000    1.000    1.000
 517    -51.600  -1000.000    1    1   0.000    1.000    1.000    1.000
 518    -51.700  -1000.000    1    1   0.000    1.000    1.000    1.000
 519    -51.800  -1000.000    1    1   0.000    1.000    1.000    1.000
 520    -51.900  -1000.000    1    1   0.000    1.000    1.000    1.000
 521    -52.000  -1000.000    1    1   0.000    1.000    1.000    1.000
 522    -52.100  -1000.000    1    1   0.000    1.000    1.000    1.000
 523    -52.200  -1000.000    1    1   0.000    1.000    1.000    1.000
 524    -52.300  -1000.000    1    1   0.000    1.000    1.000    1.000
 525    -52.400  -1000.000    1    1   0.000    1.000    1.000    1.000
 526    -52.500  -1000.000    1    1   0.000    1.000    1.000    1.000
 527    -52.600  -1000.000    1    1   0.000    1.000    1.000    1.000
 528    -52.700  -1000.000    1    1   0.000    1.000    1.000    1.000
 529    -52.800  -1000.000    1    1   0.000    1.000    1.000    1.000
 530    -52.900  -1000.000    1    1   0.000    1.000    1.000    1.000
 531    -53.000  -1000.000    1    1   0.000    1.000    1.000    1.000
 532    -53.100  -1000.000    1    1   0.000    1.000    1.000    1.000
 533    -53.200  -1000.000    1    1   0.000    1.000    1.000    1.000
 534    -53.300  -1000.000    1    1   0.000    1.000    1.000    1.000
 535    -53.400  -1000.000    1    1   0.000    1.000    1.000    1.000
 536    -53.500  -1000.000    1    1   0.000    1.000    1.000    1.000
 537    -53.600  -1000.000    1    1   0.000    1.000    1.000    1.000
 538    -53.700  -1000.000    1    1   0.000    1.000    1.000    1.000
 539    -53.800  -1000.000    1    1   0.000    1.000    1.000    1.000
 540    -53.900  -1000.000    1    1   0.000    1.000    1.000    1.000
 541    -54.000  -1000.000    1    1   0.000    1.000    1.000    1.000
 542    -54.100  -1000.000    1    1   0.000    1.000    1.000    1.000
 543    -54.200  -1000.000    1    1   0.000    1.000    1.000    1.000
 544    -54.300  -1000.000    1    1   0.000    1.000    1.000    1.000
 545    -54.400  -1000.000    1    1   0.000    1.000    1.000    1.000
 546    -54.500  -1000.000    1    1   0.000    1.000    1.000    1.000
 547    -54.600  -1000.000    1    1   0.000    1.000    1.000    1.000
 548    -54.700  -1000.000    1    1   0.000    1.000    1.000    1.000
 549    -54.800  -1000.000    1    1   0.000    1.000    1.000    1.000
 550    -54.900  -1000.000    1    1   0.000    1.000    1.000    1.000
 551    -55.000  -1000.000    1    1   0.000    1.000    1.000    1.000
 552    -55.100  -1000.000    1    1   0.000    1.000    1.000    1.000
 553    -55.200  -1000.000    1    1   0.000    1.000    1.000    1.000
 554    -55.300  -1000.000    1    1   0.000    1.000    1.000    1.000
 555    -55.400  -1000.000    1    1   0.000    1.000    1.000    1.000
 556    -55.500  -1000.000    1    1   0.000    1.000    1.000    1.000
 557    -55.600  -1000.000    1    1   0.000    1.000    1.000    1.000
 558    -55.700  -1000.000    1    1   0.000    1.000    1.000    1.000
 559    -55.800  -1000.000    1    1   0.000    1.000    1.000    1.000
 560    -55.900  -1000.000    1    1   0.000    1.000    1.000    1.000
 561    -56.000  -1000.000    1    1   0.000    1.000    1.000    1.000
 562    -56.100  -1000.000    1    1   0.000    1.000    1.000    1.000
 563    -56.200  -1000.000    1    1   0.000    1.000    1.000    1.000
 564    -56.300  -1000.000    1    1   0.000    1.000    1.000    1.000
 565    -56.400  -1000.000    1    1   0.000    1.000    1.000    1.000
 566    -56.500  -1000.000    1    1   0.000    1.000    1.000    1.000
 567    -56.600  -1000.000    1    1   0.000    1.000    1.000    1.000
 568    -56.700  -1000.000    1    1   0.000    1.000    1.000    1.000
 569    -56.800  -1000.000    1    1   0.000    1.000    1.000    1.000
 570    -56.900  -1000.000    1    1   0.000    1.000    1.000    1.000
 571    -57.000  -1000.000    1    1   0.000    1.000    1.000    1.000
 572    -57.100  -1000.000    1    1   0.000    1.000    1.000    1.000
 573    -57.200  -1000.000    1    1   0.000    1.000    1.000    1.000
 574    -57.300  -1000.000    1    1   0.000    1.000    1.000    1.000
 575    -57.400  -1000.000    1    1   0.000    1.000    1.000    1.000
 576    -57.500  -1000.000    1    1   0.000    1.000    1.000    1.000
 577    -57.600  -1000.000    1    1   0.000    1.000    1.000    1.000
 578    -57.700  -1000.000    1    1   0.000    1.000    1.000    1.000
 579    -57.800  -1000.000    1    1   0.000    1.000    1.000    1.000
 580    -57.900  -1000.000    1    1   0.000    1.000    1.000    1.000
 581    -58.000  -1000.000    1    1   0.000    1.000    1.000    1.000
 582    -58.100  -1000.000    1    1   0.000    1.000    1.000    1.000
 583    -58.200  -1000.000    1    1   0.000    1.000    1.000    1.000
 584    -58.300  -1000.000    1    1   0.000    1.000    1.000    1.000
 585    -58.400  -1000.000    1    1   0.000    1.000    1.000    1.000
 586    -58.500  -1000.000    1    1   0.000    1.000    1.000    1.000
 587    -58.600  -1000.000    1    1   0.000    1.000    1.000    1.000
 588    -58.700  -1000.000    1    1   0.000    1.000    1.000    1.000
 589    -58.800  -1000.000    1    1   0.000    1.000    1.000    1.000
 590    -58.900  -1000.000    1    1   0.000    1.000    1.000    1.000
 591    -59.000  -1000.000    1    1   0.000    1.000    1.000    1.000
 592    -59.100  -1000.000    1    1   0.000    1.000    1.000    1.000
 593    -59.200  -1000.000    1    1   0.000    1.000    1.000    1.000
 594    -59.300  -1000.000    1    1   0.000    1.000    1.000    1.000
 595    -59.400  -1000.000    1    1   0.000    1.000    1.000    1.000
 596    -59.500  -1000.000    1    1   0.000    1.000    1.000    1.000
 597    -59.600  -1000.000    1    1   0.000    1.000    1.000    1.000
 598    -59.700  -1000.000    1    1   0.000    1.000    1.000    1.000
 599    -59.800  -1000.000    1    1   0.000    1.000    1.000    1.000
 600    -59.900  -1000.000    1    1   0.000    1.000    1.000    1.000
 601    -60.000  -1000.000    1    1   0.000    1.000    1.000    1.000
 602    -60.100  -1000.000    1    1   0.000    1.000    1.000    1.000
 603    -60.200  -1000.000    1    1   0.000    1.000    1.000    1.000
 604    -60.300  -1000.000    1    1   0.000    1.000    1.000    1.000
 605    -60.400  -1000.000    1    1   0.000    1.000    1.000    1.000
 606    -60.500  -1000.000    1    1   0.000    1.000    1.000    1.000
 607    -60.600  -1000.000    1    1   0.000    1.000    1.000    1.000
 608    -60.700  -1000.000    1    1   0.000    1.000    1.000    1.000
 609    -60.800  -1000.000    1    1   0.000    1.000    1.000    1.000
 610    -60.900  -1000.000    1    1   0.000    1.000    1.000    1.000
 611    -61.000  -1000.000    1    1   0.000    1.000    1.000    1.000
 612    -61.100  -1000.000    1    1   0.000    1.000    1.000    1.000
 613    -61.200  -1000.000    1    1   0.000    1.000    1.000    1.000
 614    -61.300  -1000.000    1    1   0.000    1.000    1.000    1.000
 615    -61.400  -1000.000    1    1   0.000    1.000    1.000    1.000
 616    -61.500  -1000.000    1    1   0.000    1.000    1.000    1.000
 617    -61.600  -1000.000    1    1   0.000    1.000    1.000    1.000
 618    -61.700  -1000.000    1    1   0.000    1.000    1.000    1.000
 619    -61.800  -1000.000    1    1   0.000    1.000    1.000    1.000
 620    -61.900  -1000.000    1    1   0.000    1.000    1.000    1.000
 621    -62.000  -1000.000    1    1   0.000    1.000    1.000    1.000
 622    -62.100  -1000.000    1    1   0.000    1.000    1.000    1.000
 623    -62.200  -1000.000    1    1   0.000    1.000    1.000    1.000
 624    -62.300  -1000.000    1    1   0.000    1.000    1.000    1.000
 625    -62.400  -1000.000    1    1   0.000    1.000    1.000    1.000
 626    -62.500  -1000.000    1    1   0.000    1.000    1.000    1.000
 627    -62.600  -1000.000    1    1   0.000    1.000    1.000    1.000
 628    -62.700  -1000.000    1    1   0.000    1.000    1.000    1.000
 629    -62.800  -1000.000    1    1   0.000    1.000    1.000    1.000
 630    -62.900  -1000.000    1    1   0.000    1.000    1.000    1.000
 631    -63.000  -1000.000    1    1   0.000    1.000    1.000    1.000
 632    -63.100  -1000.000    1    1   0.000    1.000    1.000    1.000
 633    -63.200  -1000.000    1    1   0.000    1.000    1.000    1.000
 634    -63.300  -1000.000    1    1   0.000    1.000    1.000    1.000
 635    -63.400  -1000.000    1    1   0.000    1.000    1.000    1.000
 636    -63.500  -1000.000    1    1   0.000    1.000    1.000    1.000
 637    -63.600  -1000.000    1    1   0.000    1.000    1.000    1.000
 638    -63.700  -1000.000    1    1   0.000    1.000    1.000    1.000
 639    -63.800  -1000.000    1    1   0.000    1.000    1.000    1.000
 640    -63.900  -1000.000    1    1   0.000    1.000    1.000    1.000
 641    -64.000  -1000.000    1    1   0.000    1.000    1.000    1.000
 642    -64.100  -1000.000    1    1   0.000    1.000    1.000    1.000
 643    -64.200  -1000.000    1    1   0.000    1.000    1.000    1.000
 644    -64.300  -1000.000    1    1   0.000    1.000    1.000    1.000
 645    -64.400  -1000.000    1    1   0.000    1.000    1.000    1.000
 646    -64.500  -1000.000    1    1   0.000    1.000    1.000    1.000
 647    -64.600  -1000.000    1    1   0.000    1.000    1.000    1.000
 648    -64.700  -1000.000    1    1   0.000    1.000    1.000    1.000
 649    -64.800  -1000.000    1    1   0.000    1.000    1.000    1.000
 650    -64.900  -1000.000    1    1   0.000    1.000    1.000    1.000
 651    -65.000  -1000.000    1    1   0.000    1.000    1.000    1.000
 652    -65.100  -1000.000    1    1   0.000    1.000    1.000    1.000
 653    -65.200  -1000.000    1    1   0.000    1.000    1.000    1.000
 654    -65.300  -1000.000    1    1   0.000    1.000    1.000    1.000
 655    -65.400  -1000.000    1    1   0.000    1.000    1.000    1.000
 656    -65.500  -1000.000    1    1   0.000    1.000    1.000    1.000
 657    -65.600  -1000.000    1    1   0.000    1.000    1.000    1.000
 658    -65.700  -1000.000    1    1   0.000    1.000    1.000    1.000
 659    -65.800  -1000.000    1    1   0.000    1.000    1.000    1.000
 660    -65.900  -1000.000    1    1   0.000    1.000    1.000    1.000
 661    -66.000  -1000.000    1    1   0.000    1.000    1.000    1.000
 662    -66.100  -1000.000    1    1   0.000    1.000    1.000    1.000
 663    -66.200  -1000.000    1    1   0.000    1.000    1.000    1.000
 664    -66.300  -1000.000    1    1   0.000    1.000    1.000    1.000
 665    -66.400  -1000.000    1    1   0.000    1.000    1.000    1.000
 666    -66.500  -1000.000    1    1   0.000    1.000    1.000    1.000
 667    -66.600  -1000.000    1    1   0.000    1.000    1.000    1.000
 668    -66.700  -1000.000    1    1   0.000    1.000    1.000    1.000
 669    -66.800  -1000.000    1    1   0.000    1.000    1.000    1.000
 670    -66.900  -1000.000    1    1   0.000    1.000    1.000    1.000
 671    -67.000  -1000.000    1    1   0.000    1.000    1.000    1.000
 672    -67.100  -1000.000    1    1   0.000    1.000    1.000    1.000
 673    -67.200  -1000.000    1    1   0.000    1.000    1.000    1.000
 674    -67.300  -1000.000    1    1   0.000    1.000    1.000    1.000
 675    -67.400  -1000.000    1    1   0.000    1.000    1.000    1.000
 676    -67.500  -1000.000    1    1   0.000    1.000    1.000    1.000
 677    -67.600  -1000.000    1    1   0.000    1.000    1.000    1.000
 678    -67.700  -1000.000    1    1   0.000    1.000    1.000    1.000
 679    -67.800  -1000.000    1    1   0.000    1.000    1.000    1.000
 680    -67.900  -1000.000    1    1   0.000    1.000    1.000    1.000
 681    -68.000  -1000.000    1    1   0.000    1.000    1.000    1.000
 682    -68.100  -1000.000    1    1   0.000    1.000    1.000    1.000
 683    -68.200  -1000.000    1    1   0.000    1.000    1.000    1.000
 684    -68.300  -1000.000    1    1   0.000    1.000    1.000    1.000
 685    -68.400  -1000.000    1    1   0.000    1.000    1.000    1.000
 686    -68.500  -1000.000    1    1   0.000    1.000    1.000    1.000
 687    -68.600  -1000.000    1    1   0.000    1.000    1.000    1.000
 688    -68.700  -1000.000    1    1   0.000    1.000    1.000    1.000
 689    -68.800  -1000.000    1    1   0.000    1.000    1.000    1.000
 690    -68.900  -1000.000    1    1   0.000    1.000    1.000    1.000
 691    -69.000  -1000.000    1    1   0.000    1.000    1.000    1.000
 692    -69.100  -1000.000    1    1   0.000    1.000    1.000    1.000
 693    -69.200  -1000.000    1    1   0.000    1.000    1.000    1.000
 694    -69.300  -1000.000    1    1   0.000    1.000    1.000    1.000
 695    -69.400  -1000.000    1    1   0.000    1.000    1.000    1.000
 696    -69.500  -1000.000    1    1   0.000    1.000    1.000    1.000
 697    -69.600  -1000.000    1    1   0.000    1.000    1.000    1.000
 698    -69.700  -1000.000    1    1   0.000    1.000    1.000    1.000
 699    -69.800  -1000.000    1    1   0.000    1.000    1.000    1.000
 700    -69.900  -1000.000    1    1   0.000    1.000    1.000    1.000
 701    -70.000  -1000.000    1    1   0.000    1.000    1.000    1.000
 702    -70.100  -1000.000    1    1   0.000    1.000    1.000    1.000
 703    -70.200  -1000.000    1    1   0.000    1.000    1.000    1.000
 704    -70.300  -1000.000    1    1   0.000    1.000    1.000    1.000
 705    -70.400  -1000.000    1    1   0.000    1.000    1.000    1.000
 706    -70.500  -1000.000    1    1   0.000    1.000    1.000    1.000
 707    -70.600  -1000.000    1    1   0.000    1.000    1.000    1.000
 708    -70.700  -1000.000    1    1   0.000    1.000    1.000    1.000
 709    -70.800  -1000.000    1    1   0.000    1.000    1.000    1.000
 710    -70.900  -1000.000    1    1   0.000    1.000    1.000    1.000
 711    -71.000  -1000.000    1    1   0.000    1.000    1.000    1.000
 712    -71.100  -1000.000    1    1   0.000    1.000    1.000    1.000
 713    -71.200  -1000.000    1    1   0.000    1.000    1.000    1.000
 714    -71.300  -1000.000    1    1   0.000    1.000    1.000    1.000
 715    -71.400  -1000.000    1    1   0.000    1.000    1.000    1.000
 716    -71.500  -1000.000    1    1   0.000    1.000    1.000    1.000
 717    -71.600  -1000.000    1    1   0.000    1.000    1.000    1.000
 718    -71.700  -1000.000    1    1   0.000    1.000    1.000    1.000
 719    -71.800  -1000.000    1    1   0.000    1.000    1.000    1.000
 720    -71.900  -1000.000    1    1   0.000    1.000    1.000    1.000
 721    -72.000  -1000.000    1    1   0.000    1.000    1.000    1.000
 722    -72.100  -1000.000    1    1   0.000    1.000    1.000    1.000
 723    -72.200  -1000.000    1    1   0.000    1.000    1.000    1.000
 724    -72.300  -1000.000    1    1   0.000    1.000    1.000    1.000
 725    -72.400  -1000.000    1    1   0.000    1.000    1.000    1.000
 726    -72.500  -1000.000    1    1   0.000    1.000    1.000    1.000
 727    -72.600  -1000.000    1    1   0.000    1.000    1.000    1.000
 728    -72.700  -1000.000    1    1   0.000    1.000    1.000    1.000
 729    -72.800  -1000.000    1    1   0.000    1.000    1.000    1.000
 730    -72.900  -1000.000    1    1   0.000    1.000    1.000    1.000
 731    -73.000  -1000.000    1    1   0.000    1.000    1.000    1.000
 732    -73.100  -1000.000    1    1   0.000    1.000    1.000    1.000
 733    -73.200  -1000.000    1    1   0.000    1.000    1.000    1.000
 734    -73.300  -1000.000    1    1   0.000    1.000    1.000    1.000
 735    -73.400  -1000.000    1    1   0.000    1.000    1.000    1.000
 736    -73.500  -1000.000    1    1   0.000    1.000    1.000    1.000
 737    -73.600  -1000.000    1    1   0.000    1.000    1.000    1.000
 738    -73.700  -1000.000    1    1   0.000    1.000    1.000    1.000
 739    -73.800  -1000.000    1    1   0.000    1.000    1.000    1.000
 740    -73.900  -1000.000    1    1   0.000    1.000    1.000    1.000
 741    -74.000  -1000.000    1    1   0.000    1.000    1.000    1.000
 742    -74.100  -1000.000    1    1   0.000    1.000    1.000    1.000
 743    -74.200  -1000.000    1    1   0.000    1.000    1.000    1.000
 744    -74.300  -1000.000    1    1   0.000    1.000    1.000    1.000
 745    -74.400  -1000.000    1    1   0.000    1.000    1.000    1.000
 746    -74.500  -1000.000    1    1   0.000    1.000    1.000    1.000
 747    -74.600  -1000.000    1    1   0.000    1.000    1.000    1.000
 748    -74.700  -1000.000    1    1   0.000    1.000    1.000    1.000
 749    -74.800  -1000.000    1    1   0.000    1.000    1.000    1.000
 750    -74.900  -1000.000    1    1   0.000    1.000    1.000    1.000
 751    -75.000  -1000.000    1    1   0.000    1.000    1.000    1.000
 752    -75.100  -1000.000    1    1   0.000    1.000    1.000    1.000
 753    -75.200  -1000.000    1    1   0.000    1.000    1.000    1.000
 754    -75.300  -1000.000    1    1   0.000    1.000    1.000    1.000
 755    -75.400  -1000.000    1    1   0.000    1.000    1.000    1.000
 756    -75.500  -1000.000    1    1   0.000    1.000    1.000    1.000
 757    -75.600  -1000.000    1    1   0.000    1.000    1.000    1.000
 758    -75.700  -1000.000    1    1   0.000    1.000    1.000    1.000
 759    -75.800  -1000.000    1    1   0.000    1.000    1.000    1.000
 760    -75.900  -1000.000    1    1   0.000    1.000    1.000    1.000
 761    -76.000  -1000.000    1    1   0.000    1.000    1.000    1.000
 762    -76.100  -1000.000    1    1   0.000    1.000    1.000    1.000
 763    -76.200  -1000.000    1    1   0.000    1.000    1.000    1.000
 764    -76.300  -1000.000    1    1   0.000    1.000    1.000    1.000
 765    -76.400  -1000.000    1    1   0.000    1.000    1.000    1.000
 766    -76.500  -1000.000    1    1   0.000    1.000    1.000    1.000
 767    -76.600  -1000.000    1    1   0.000    1.000    1.000    1.000
 768    -76.700  -1000.000    1    1   0.000    1.000    1.000    1.000
 769    -76.800  -1000.000    1    1   0.000    1.000    1.000    1.000
 770    -76.900  -1000.000    1    1   0.000    1.000    1.000    1.000
 771    -77.000  -1000.000    1    1   0.000    1.000    1.000    1.000
 772    -77.100  -1000.000    1    1   0.000    1.000    1.000    1.000
 773    -77.200  -1000.000    1    1   0.000    1.000    1.000    1.000
 774    -77.300  -1000.000    1    1   0.000    1.000    1.000    1.000
 775    -77.400  -1000.000    1    1   0.000    1.000    1.000    1.000
 776    -77.500  -1000.000    1    1   0.000    1.000    1.000    1.000
 777    -77.600  -1000.000    1    1   0.000    1.000    1.000    1.000
 778    -77.700  -1000.000    1    1   0.000    1.000    1.000    1.000
 779    -77.800  -1000.000    1    1   0.000    1.000    1.000    1.000
 780    -77.900  -1000.000    1    1   0.000    1.000    1.000    1.000
 781    -78.000  -1000.000    1    1   0.000    1.000    1.000    1.000
 782    -78.100  -1000.000    1    1   0.000    1.000    1.000    1.000
 783    -78.200  -1000.000    1    1   0.000    1.000    1.000    1.000
 784    -78.300  -1000.000    1    1   0.000    1.000    1.000    1.000
 785    -78.400  -1000.000    1    1   0.000    1.000    1.000    1.000
 786    -78.500  -1000.000    1    1   0.000    1.000    1.000    1.000
 787    -78.600  -1000.000    1    1   0.000    1.000    1.000    1.000
 788    -78.700  -1000.000    1    1   0.000    1.000    1.000    1.000
 789    -78.800  -1000.000    1    1   0.000    1.000    1.000    1.000
 790    -78.900  -1000.000    1    1   0.000    1.000    1.000    1.000
 791    -79.000  -1000.000    1    1   0.000    1.000    1.000    1.000
 792    -79.100  -1000.000    1    1   0.000    1.000    1.000    1.000
 793    -79.200  -1000.000    1    1   0.000    1.000    1.000    1.000
 794    -79.300  -1000.000    1    1   0.000    1.000    1.000    1.000
 795    -79.400  -1000.000    1    1   0.000    1.000    1.000    1.000
 796    -79.500  -1000.000    1    1   0.000    1.000    1.000    1.000
 797    -79.600  -1000.000    1    1   0.000    1.000    1.000    1.000
 798    -79.700  -1000.000    1    1   0.000    1.000    1.000    1.000
 799    -79.800  -1000.000    1    1   0.000    1.000    1.000    1.000
 800    -79.900  -1000.000    1    1   0.000    1.000    1.000    1.000
 801    -80.000  -1000.000    1    1   0.000    1.000    1.000    1.000
 802    -80.100  -1000.000    1    1   0.000    1.000    1.000    1.000
 803    -80.200  -1000.000    1    1   0.000    1.000    1.000    1.000
 804    -80.300  -1000.000    1    1   0.000    1.000    1.000    1.000
 805    -80.400  -1000.000    1    1   0.000    1.000    1.000    1.000
 806    -80.500  -1000.000    1    1   0.000    1.000    1.000    1.000
 807    -80.600  -1000.000    1    1   0.000    1.000    1.000    1.000
 808    -80.700  -1000.000    1    1   0.000    1.000    1.000    1.000
 809    -80.800  -1000.000    1    1   0.000    1.000    1.000    1.000
 810    -80.900  -1000.000    1    1   0.000    1.000    1.000    1.000
 811    -81.000  -1000.000    1    1   0.000    1.000    1.000    1.000
 812    -81.100  -1000.000    1    1   0.000    1.000    1.000    1.000
 813    -81.200  -1000.000    1    1   0.000    1.000    1.000    1.000
 814    -81.300  -1000.000    1    1   0.000    1.000    1.000    1.000
 815    -81.400  -1000.000    1    1   0.000    1.000    1.000    1.000
 816    -81.500  -1000.000    1    1   0.000    1.000    1.000    1.000
 817    -81.600  -1000.000    1    1   0.000    1.000    1.000    1.000
 818    -81.700  -1000.000    1    1   0.000    1.000    1.000    1.000
 819    -81.800  -1000.000    1    1   0.000    1.000    1.000    1.000
 820    -81.900  -1000.000    1    1   0.000    1.000    1.000    1.000
 821    -82.000  -1000.000    1    1   0.000    1.000    1.000    1.000
 822    -82.100  -1000.000    1    1   0.000    1.000    1.000    1.000
 823    -82.200  -1000.000    1    1   0.000    1.000    1.000    1.000
 824    -82.300  -1000.000    1    1   0.000    1.000    1.000    1.000
 825    -82.400  -1000.000    1    1   0.000    1.000    1.000    1.000
 826    -82.500  -1000.000    1    1   0.000    1.000    1.000    1.000
 827    -82.600  -1000.000    1    1   0.000    1.000    1.000    1.000
 828    -82.700  -1000.000    1    1   0.000    1.000    1.000    1.000
 829    -82.800  -1000.000    1    1   0.000    1.000    1.000    1.000
 830    -82.900  -1000.000    1    1   0.000    1.000    1.000    1.000
 831    -83.000  -1000.000    1    1   0.000    1.000    1.000    1.000
 832    -83.100  -1000.000    1    1   0.000    1.000    1.000    1.000
 833    -83.200  -1000.000    1    1   0.000    1.000    1.000    1.000
 834    -83.300  -1000.000    1    1   0.000    1.000    1.000    1.000
 835    -83.400  -1000.000    1    1   0.000    1.000    1.000    1.000
 836    -83.500  -1000.000    1    1   0.000    1.000    1.000    1.000
 837    -83.600  -1000.000    1    1   0.000    1.000    1.000    1.000
 838    -83.700  -1000.000    1    1   0.000    1.000    1.000    1.000
 839    -83.800  -1000.000    1    1   0.000    1.000    1.000    1.000
 840    -83.900  -1000.000    1    1   0.000    1.000    1.000    1.000
 841    -84.000  -1000.000    1    1   0.000    1.000    1.000    1.000
 842    -84.100  -1000.000    1    1   0.000    1.000    1.000    1.000
 843    -84.200  -1000.000    1    1   0.000    1.000    1.000    1.000
 844    -84.300  -1000.000    1    1   0.000    1.000    1.000    1.000
 845    -84.400  -1000.000    1    1   0.000    1.000    1.000    1.000
 846    -84.500  -1000.000    1    1   0.000    1.000    1.000    1.000
 847    -84.600  -1000.000    1    1   0.000    1.000    1.000    1.000
 848    -84.700  -1000.000    1    1   0.000    1.000    1.000    1.000
 849    -84.800  -1000.000    1    1   0.000    1.000    1.000    1.000
 850    -84.900  -1000.000    1    1   0.000    1.000    1.000    1.000
 851    -85.000  -1000.000    1    1   0.000    1.000    1.000    1.000
 852    -85.100  -1000.000    1    1   0.000    1.000    1.000    1.000
 853    -85.200  -1000.000    1    1   0.000    1.000    1.000    1.000
 854    -85.300  -1000.000    1    1   0.000    1.000    1.000    1.000
 855    -85.400  -1000.000    1    1   0.000    1.000    1.000    1.000
 856    -85.500  -1000.000    1    1   0.000    1.000    1.000    1.000
 857    -85.600  -1000.000    1    1   0.000    1.000    1.000    1.000
 858    -85.700  -1000.000    1    1   0.000    1.000    1.000    1.000
 859    -85.800  -1000.000    1    1   0.000    1.000    1.000    1.000
 860    -85.900  -1000.000    1    1   0.000    1.000    1.000    1.000
 861    -86.000  -1000.000    1    1   0.000    1.000    1.000    1.000
 862    -86.100  -1000.000    1    1   0.000    1.000    1.000    1.000
 863    -86.200  -1000.000    1    1   0.000    1.000    1.000    1.000
 864    -86.300  -1000.000    1    1   0.000    1.000    1.000    1.000
 865    -86.400  -1000.000    1    1   0.000    1.000    1.000    1.000
 866    -86.500  -1000.000    1    1   0.000    1.000    1.000    1.000
 867    -86.600  -1000.000    1    1   0.000    1.000    1.000    1.000
 868    -86.700  -1000.000    1    1   0.000    1.000    1.000    1.000
 869    -86.800  -1000.000    1    1   0.000    1.000    1.000    1.000
 870    -86.900  -1000.000    1    1   0.000    1.000    1.000    1.000
 871    -87.000  -1000.000    1    1   0.000    1.000    1.000    1.000
 872    -87.100  -1000.000    1    1   0.000    1.000    1.000    1.000
 873    -87.200  -1000.000    1    1   0.000    1.000    1.000    1.000
 874    -87.300  -1000.000    1    1   0.000    1.000    1.000    1.000
 875    -87.400  -1000.000    1    1   0.000    1.000    1.000    1.000
 876    -87.500  -1000.000    1    1   0.000    1.000    1.000    1.000
 877    -87.600  -1000.000    1    1   0.000    1.000    1.000    1.000
 878    -87.700  -1000.000    1    1   0.000    1.000    1.000    1.000
 879    -87.800  -1000.000    1    1   0.000    1.000    1.000    1.000
 880    -87.900  -1000.000    1    1   0.000    1.000    1.000    1.000
 881    -88.000  -1000.000    1    1   0.000    1.000    1.000    1.000
 882    -88.100  -1000.000    1    1   0.000    1.000    1.000    1.000
 883    -88.200  -1000.000    1    1   0.000    1.000    1.000    1.000
 884    -88.300  -1000.000    1    1   0.000    1.000    1.000    1.000
 885    -88.400  -1000.000    1    1   0.000    1.000    1.000    1.000
 886    -88.500  -1000.000    1    1   0.000    1.000    1.000    1.000
 887    -88.600  -1000.000    1    1   0.000    1.000    1.000    1.000
 888    -88.700  -1000.000    1    1   0.000    1.000    1.000    1.000
 889    -88.800  -1000.000    1    1   0.000    1.000    1.000    1.000
 890    -88.900  -1000.000    1    1   0.000    1.000    1.000    1.000
 891    -89.000  -1000.000    1    1   0.000    1.000    1.000    1.000
 892    -89.100  -1000.000    1    1   0.000    1.000    1.000    1.000
 893    -89.200  -1000.000    1    1   0.000    1.000    1.000    1.000
 894    -89.300  -1000.000    1    1   0.000    1.000    1.000    1.000
 895    -89.400  -1000.000    1    1   0.000    1.000    1.000    1.000
 896    -89.500  -1000.000    1    1   0.000    1.000    1.000    1.000
 897    -89.600  -1000.000    1    1   0.000    1.000    1.000    1.000
 898    -89.700  -1000.000    1    1   0.000    1.000    1.000    1.000
 899    -89.800  -1000.000    1    1   0.000    1.000    1.000    1.000
 900    -89.900  -1000.000    1    1   0.000    1.000    1.000    1.000
 901    -90.000  -1000.000    1    1   0.000    1.000    1.000    1.000
 902    -90.100  -1000.000    1    1   0.000    1.000    1.000    1.000
 903    -90.200  -1000.000    1    1   0.000    1.000    1.000    1.000
 904    -90.300  -1000.000    1    1   0.000    1.000    1.000    1.000
 905    -90.400  -1000.000    1    1   0.000    1.000    1.000    1.000
 906    -90.500  -1000.000    1    1   0.000    1.000    1.000    1.000
 907    -90.600  -1000.000    1    1   0.000    1.000    1.000    1.000
 908    -90.700  -1000.000    1    1   0.000    1.000    1.000    1.000
 909    -90.800  -1000.000    1    1   0.000    1.000    1.000    1.000
 910    -90.900  -1000.000    1    1   0.000    1.000    1.000    1.000
 911    -91.000  -1000.000    1    1   0.000    1.000    1.000    1.000
 912    -91.100  -1000.000    1    1   0.000    1.000    1.000    1.000
 913    -91.200  -1000.000    1    1   0.000    1.000    1.000    1.000
 914    -91.300  -1000.000    1    1   0.000    1.000    1.000    1.000
 915    -91.400  -1000.000    1    1   0.000    1.000    1.000    1.000
 916    -91.500  -1000.000    1    1   0.000    1.000    1.000    1.000
 917    -91.600  -1000.000    1    1   0.000    1.000    1.000    1.000
 918    -91.700  -1000.000    1    1   0.000    1.000    1.000    1.000
 919    -91.800  -1000.000    1    1   0.000    1.000    1.000    1.000
 920    -91.900  -1000.000    1    1   0.000    1.000    1.000    1.000
 921    -92.000  -1000.000    1    1   0.000    1.000    1.000    1.000
 922    -92.100  -1000.000    1    1   0.000    1.000    1.000    1.000
 923    -92.200  -1000.000    1    1   0.000    1.000    1.000    1.000
 924    -92.300  -1000.000    1    1   0.000    1.000    1.000    1.000
 925    -92.400  -1000.000    1    1   0.000    1.000    1.000    1.000
 926    -92.500  -1000.000    1    1   0.000    1.000    1.000    1.000
 927    -92.600  -1000.000    1    1   0.000    1.000    1.000    1.000
 928    -92.700  -1000.000    1    1   0.000    1.000    1.000    1.000
 929    -92.800  -1000.000    1    1   0.000    1.000    1.000    1.000
 930    -92.900  -1000.000    1    1   0.000    1.000    1.000    1.000
 931    -93.000  -1000.000    1    1   0.000    1.000    1.000    1.000
 932    -93.100  -1000.000    1    1   0.000    1.000    1.000    1.000
 933    -93.200  -1000.000    1    1   0.000    1.000    1.000    1.000
 934    -93.300  -1000.000    1    1   0.000    1.000    1.000    1.000
 935    -93.400  -1000.000    1    1   0.000    1.000    1.000    1.000
 936    -93.500  -1000.000    1    1   0.000    1.000    1.000    1.000
 937    -93.600  -1000.000    1    1   0.000    1.000    1.000    1.000
 938    -93.700  -1000.000    1    1   0.000    1.000    1.000    1.000
 939    -93.800  -1000.000    1    1   0.000    1.000    1.000    1.000
 940    -93.900  -1000.000    1    1   0.000    1.000    1.000    1.000
 941    -94.000  -1000.000    1    1   0.000    1.000    1.000    1.000
 942    -94.100  -1000.000    1    1   0.000    1.000    1.000    1.000
 943    -94.200  -1000.000    1    1   0.000    1.000    1.000    1.000
 944    -94.300  -1000.000    1    1   0.000    1.000    1.000    1.000
 945    -94.400  -1000.000    1    1   0.000    1.000    1.000    1.000
 946    -94.500  -1000.000    1    1   0.000    1.000    1.000    1.000
 947    -94.600  -1000.000    1    1   0.000    1.000    1.000    1.000
 948    -94.700  -1000.000    1    1   0.000    1.000    1.000    1.000
 949    -94.800  -1000.000    1    1   0.000    1.000    1.000    1.000
 950    -94.900  -1000.000    1    1   0.000    1.000    1.000    1.000
 951    -95.000  -1000.000    1    1   0.000    1.000    1.000    1.000
 952    -95.100  -1000.000    1    1   0.000    1.000    1.000    1.000
 953    -95.200  -1000.000    1    1   0.000    1.000    1.000    1.000
 954    -95.300  -1000.000    1    1   0.000    1.000    1.000    1.000
 955    -95.400  -1000.000    1    1   0.000    1.000    1.000    1.000
 956    -95.500  -1000.000    1    1   0.000    1.000    1.000    1.000
 957    -95.600  -1000.000    1    1   0.000    1.000    1.000    1.000
 958    -95.700  -1000.000    1    1   0.000    1.000    1.000    1.000
 959    -95.800  -1000.000    1    1   0.000    1.000    1.000    1.000
 960    -95.900  -1000.000    1    1   0.000    1.000    1.000    1.000
 961    -96.000  -1000.000    1    1   0.000    1.000    1.000    1.000
 962    -96.100  -1000.000    1    1   0.000    1.000    1.000    1.000
 963    -96.200  -1000.000    1    1   0.000    1.000    1.000    1.000
 964    -96.300  -1000.000    1    1   0.000    1.000    1.000    1.000
 965    -96.400  -1000.000    1    1   0.000    1.000    1.000    1.000
 966    -96.500  -1000.000    1    1   0.000    1.000    1.000    1.000
 967    -96.600  -1000.000    1    1   0.000    1.000    1.000    1.000
 968    -96.700  -1000.000    1    1   0.000    1.000    1.000    1.000
 969    -96.800  -1000.000    1    1   0.000    1.000    1.000    1.000
 970    -96.900  -1000.000    1    1   0.000    1.000    1.000    1.000
 971    -97.000  -1000.000    1    1   0.000    1.000    1.000    1.000
 972    -97.100  -1000.000    1    1   0.000    1.000    1.000    1.000
 973    -97.200  -1000.000    1    1   0.000    1.000    1.000    1.000
 974    -97.300  -1000.000    1    1   0.000    1.000    1.000    1.000
 975    -97.400  -1000.000    1    1   0.000    1.000    1.000    1.000
 976    -97.500  -1000.000    1    1   0.000    1.000    1.000    1.000
 977    -97.600  -1000.000    1    1   0.000    1.000    1.000    1.000
 978    -97.700  -1000.000    1    1   0.000    1.000    1.000    1.000
 979    -97.800  -1000.000    1    1   0.000    1.000    1.000    1.000
 980    -97.900  -1000.000    1    1   0.000    1.000    1.000    1.000
 981    -98.000  -1000.000    1    1   0.000    1.000    1.000    1.000
 982    -98.100  -1000.000    1    1   0.000    1.000    1.000    1.000
 983    -98.200  -1000.000    1    1   0.000    1.000    1.000    1.000
 984    -98.300  -1000.000    1    1   0.000    1.000    1.000    1.000
 985    -98.400  -1000.000    1    1   0.000    1.000    1.000    1.000
 986    -98.500  -1000.000    1    1   0.000    1.000    1.000    1.000
 987    -98.600  -1000.000    1    1   0.000    1.000    1.000    1.000
 988    -98.700  -1000.000    1    1   0.000    1.000    1.000    1.000
 989    -98.800  -1000.000    1    1   0.000    1.000    1.000    1.000
 990    -98.900  -1000.000    1    1   0.000    1.000    1.000    1.000
 991    -99.000  -1000.000    1    1   0.000    1.000    1.000    1.000
 992    -99.100  -1000.000    1    1   0.000    1.000    1.000    1.000
 993    -99.200  -1000.000    1    1   0.000    1.000    1.000    1.000
 994    -99.300  -1000.000    1    1   0.000    1.000    1.000    1.000
 995    -99.400  -1000.000    1    1   0.000    1.000    1.000    1.000
 996    -99.500  -1000.000    1    1   0.000    1.000    1.000    1.000
 997    -99.600  -1000.000    1    1   0.000    1.000    1.000    1.000
 998    -99.700  -1000.000    1    1   0.000    1.000    1.000    1.000
 999    -99.800  -1000.000    1    1   0.000    1.000    1.000    1.000
1000    -99.900  -1000.000    1    1   0.000    1.000    1.000    1.000
1001   -100.000  -1000.000    1    1   0.000    1.000    1.000    1.000
end

 Number of species in the chain :   0


MatNum, Param. array:

   Mat     Qr     Qs        Alfa         n          Ks      l

    1    0.078  0.430   0.360E-01   0.156E+01   0.250E+02  0.500

       Table of Hydraulic Properties which are interpolated in simulation
       =================================================================

  theta         h        log h        C             K        log K          S          Kv
 
  0.4300  -0.100E-05 -0.6000E+01  0.4815E-06  0.2496E+02  0.1397E+01    1.0000  0.0000E+00
  0.4300  -0.126E-05 -0.5899E+01  0.5484E-06  0.2496E+02  0.1397E+01    1.0000  0.0000E+00
  0.4300  -0.159E-05 -0.5798E+01  0.6247E-06  0.2496E+02  0.1397E+01    1.0000  0.0000E+00
  0.4300  -0.201E-05 -0.5697E+01  0.7116E-06  0.2495E+02  0.1397E+01    1.0000  0.0000E+00
  0.4300  -0.254E-05 -0.5596E+01  0.8106E-06  0.2495E+02  0.1397E+01    1.0000  0.0000E+00
  0.4300  -0.320E-05 -0.5495E+01  0.9234E-06  0.2495E+02  0.1397E+01    1.0000  0.0000E+00
  0.4300  -0.404E-05 -0.5394E+01  0.1052E-05  0.2495E+02  0.1397E+01    1.0000  0.0000E+00
  0.4300  -0.509E-05 -0.5293E+01  0.1198E-05  0.2495E+02  0.1397E+01    1.0000  0.0000E+00
  0.4300  -0.643E-05 -0.5192E+01  0.1365E-05  0.2495E+02  0.1397E+01    1.0000  0.0000E+00
  0.4300  -0.811E-05 -0.5091E+01  0.1555E-05  0.2495E+02  0.1397E+01    1.0000  0.0000E+00
  0.4300  -0.102E-04 -0.4990E+01  0.1771E-05  0.2495E+02  0.1397E+01    1.0000  0.0000E+00
  0.4300  -0.129E-04 -0.4889E+01  0.2017E-05  0.2495E+02  0.1397E+01    1.0000  0.0000E+00
  0.4300  -0.163E-04 -0.4788E+01  0.2298E-05  0.2494E+02  0.1397E+01    1.0000  0.0000E+00
  0.4300  -0.206E-04 -0.4687E+01  0.2618E-05  0.2494E+02  0.1397E+01    1.0000  0.0000E+00
  0.4300  -0.260E-04 -0.4586E+01  0.2982E-05  0.2494E+02  0.1397E+01    1.0000  0.0000E+00
  0.4300  -0.327E-04 -0.4485E+01  0.3397E-05  0.2494E+02  0.1397E+01    1.0000  0.0000E+00
  0.4300  -0.413E-04 -0.4384E+01  0.3869E-05  0.2493E+02  0.1397E+01    1.0000  0.0000E+00
  0.4300  -0.521E-04 -0.4283E+01  0.4407E-05  0.2493E+02  0.1397E+01    1.0000  0.0000E+00
  0.4300  -0.658E-04 -0.4182E+01  0.5020E-05  0.2492E+02  0.1397E+01    1.0000  0.0000E+00
  0.4300  -0.830E-04 -0.4081E+01  0.5719E-05  0.2492E+02  0.1397E+01    1.0000  0.0000E+00
  0.4300  -0.105E-03 -0.3980E+01  0.6514E-05  0.2491E+02  0.1396E+01    1.0000  0.0000E+00
  0.4300  -0.132E-03 -0.3879E+01  0.7421E-05  0.2491E+02  0.1396E+01    1.0000  0.0000E+00
  0.4300  -0.167E-03 -0.3778E+01  0.8453E-05  0.2490E+02  0.1396E+01    1.0000  0.0000E+00
  0.4300  -0.210E-03 -0.3677E+01  0.9629E-05  0.2489E+02  0.1396E+01    1.0000  0.0000E+00
  0.4300  -0.266E-03 -0.3576E+01  0.1097E-04  0.2488E+02  0.1396E+01    1.0000  0.0000E+00
  0.4300  -0.335E-03 -0.3475E+01  0.1249E-04  0.2487E+02  0.1396E+01    1.0000  0.0000E+00
  0.4300  -0.423E-03 -0.3374E+01  0.1423E-04  0.2486E+02  0.1396E+01    1.0000  0.0000E+00
  0.4300  -0.534E-03 -0.3273E+01  0.1621E-04  0.2485E+02  0.1395E+01    1.0000  0.0000E+00
  0.4300  -0.673E-03 -0.3172E+01  0.1847E-04  0.2483E+02  0.1395E+01    1.0000  0.0000E+00
  0.4300  -0.850E-03 -0.3071E+01  0.2104E-04  0.2481E+02  0.1395E+01    1.0000  0.0000E+00
  0.4300  -0.107E-02 -0.2970E+01  0.2396E-04  0.2479E+02  0.1394E+01    1.0000  0.1176E-30
  0.4300  -0.135E-02 -0.2869E+01  0.2730E-04  0.2477E+02  0.1394E+01    1.0000  0.1176E-30
  0.4300  -0.171E-02 -0.2768E+01  0.3109E-04  0.2474E+02  0.1393E+01    1.0000  0.1176E-30
  0.4300  -0.215E-02 -0.2667E+01  0.3542E-04  0.2471E+02  0.1393E+01    1.0000  0.1185E-29
  0.4300  -0.272E-02 -0.2566E+01  0.4035E-04  0.2468E+02  0.1392E+01    1.0000  0.1185E-29
  0.4300  -0.343E-02 -0.2465E+01  0.4596E-04  0.2464E+02  0.1392E+01    1.0000  0.4579E-29
  0.4300  -0.433E-02 -0.2364E+01  0.5235E-04  0.2459E+02  0.1391E+01    1.0000  0.2513E-28
  0.4300  -0.546E-02 -0.2263E+01  0.5963E-04  0.2454E+02  0.1390E+01    1.0000  0.7715E-28
  0.4300  -0.689E-02 -0.2162E+01  0.6793E-04  0.2448E+02  0.1389E+01    1.0000  0.2533E-27
  0.4300  -0.870E-02 -0.2061E+01  0.7738E-04  0.2442E+02  0.1388E+01    1.0000  0.7776E-27
  0.4300  -0.110E-01 -0.1960E+01  0.8814E-04  0.2434E+02  0.1386E+01    1.0000  0.3004E-26
  0.4300  -0.138E-01 -0.1859E+01  0.1004E-03  0.2426E+02  0.1385E+01    1.0000  0.9864E-26
  0.4300  -0.175E-01 -0.1758E+01  0.1144E-03  0.2416E+02  0.1383E+01    1.0000  0.3275E-25
  0.4300  -0.221E-01 -0.1657E+01  0.1303E-03  0.2405E+02  0.1381E+01    1.0000  0.1109E-24
  0.4300  -0.278E-01 -0.1556E+01  0.1484E-03  0.2393E+02  0.1379E+01    1.0000  0.3701E-24
  0.4300  -0.351E-01 -0.1455E+01  0.1690E-03  0.2378E+02  0.1376E+01    1.0000  0.1243E-23
  0.4300  -0.443E-01 -0.1354E+01  0.1926E-03  0.2362E+02  0.1373E+01    1.0000  0.4166E-23
  0.4300  -0.559E-01 -0.1253E+01  0.2193E-03  0.2344E+02  0.1370E+01    1.0000  0.1388E-22
  0.4300  -0.705E-01 -0.1152E+01  0.2498E-03  0.2323E+02  0.1366E+01    1.0000  0.4632E-22
  0.4300  -0.890E-01 -0.1051E+01  0.2846E-03  0.2300E+02  0.1362E+01    1.0000  0.1555E-21
  0.4300  -0.112E+00 -0.9495E+00  0.3241E-03  0.2273E+02  0.1357E+01    0.9999  0.5202E-21
  0.4300  -0.142E+00 -0.8485E+00  0.3692E-03  0.2243E+02  0.1351E+01    0.9999  0.1746E-20
  0.4300  -0.179E+00 -0.7475E+00  0.4205E-03  0.2209E+02  0.1344E+01    0.9999  0.5847E-20
  0.4299  -0.226E+00 -0.6465E+00  0.4789E-03  0.2170E+02  0.1336E+01    0.9998  0.1960E-19
  0.4299  -0.285E+00 -0.5455E+00  0.5453E-03  0.2127E+02  0.1328E+01    0.9997  0.6562E-19
  0.4299  -0.359E+00 -0.4444E+00  0.6209E-03  0.2077E+02  0.1318E+01    0.9996  0.2198E-18
  0.4298  -0.453E+00 -0.3434E+00  0.7068E-03  0.2022E+02  0.1306E+01    0.9994  0.7360E-18
  0.4297  -0.572E+00 -0.2424E+00  0.8043E-03  0.1960E+02  0.1292E+01    0.9992  0.2463E-17
  0.4296  -0.722E+00 -0.1414E+00  0.9149E-03  0.1891E+02  0.1277E+01    0.9988  0.8235E-17
  0.4294  -0.911E+00 -0.4040E-01  0.1040E-02  0.1813E+02  0.1258E+01    0.9983  0.2751E-16
  0.4291  -0.115E+01  0.6061E-01  0.1181E-02  0.1727E+02  0.1237E+01    0.9975  0.9175E-16
  0.4287  -0.145E+01  0.1616E+00  0.1340E-02  0.1632E+02  0.1213E+01    0.9964  0.3054E-15
  0.4282  -0.183E+01  0.2626E+00  0.1518E-02  0.1527E+02  0.1184E+01    0.9949  0.1014E-14
  0.4274  -0.231E+01  0.3636E+00  0.1714E-02  0.1412E+02  0.1150E+01    0.9927  0.3350E-14
  0.4263  -0.292E+01  0.4646E+00  0.1930E-02  0.1287E+02  0.1110E+01    0.9896  0.1101E-13
  0.4248  -0.368E+01  0.5657E+00  0.2161E-02  0.1154E+02  0.1062E+01    0.9851  0.3585E-13
  0.4226  -0.464E+01  0.6667E+00  0.2403E-02  0.1013E+02  0.1006E+01    0.9789  0.1154E-12
  0.4195  -0.586E+01  0.7677E+00  0.2646E-02  0.8682E+01  0.9386E+00    0.9701  0.3653E-12
  0.4152  -0.739E+01  0.8687E+00  0.2875E-02  0.7218E+01  0.8584E+00    0.9581  0.1131E-11
  0.4095  -0.933E+01  0.9697E+00  0.3068E-02  0.5791E+01  0.7627E+00    0.9417  0.3393E-11
  0.4018  -0.118E+02  0.1071E+01  0.3198E-02  0.4454E+01  0.6487E+00    0.9199  0.9779E-11
  0.3919  -0.148E+02  0.1172E+01  0.3237E-02  0.3264E+01  0.5137E+00    0.8916  0.2676E-10
  0.3794  -0.187E+02  0.1273E+01  0.3162E-02  0.2266E+01  0.3552E+00    0.8562  0.6874E-10
  0.3643  -0.236E+02  0.1374E+01  0.2967E-02  0.1484E+01  0.1715E+00    0.8134  0.1638E-09
  0.3469  -0.298E+02  0.1475E+01  0.2664E-02  0.9164E+00 -0.3792E-01    0.7638  0.3592E-09
  0.3276  -0.376E+02  0.1576E+01  0.2288E-02  0.5342E+00 -0.2723E+00    0.7090  0.7208E-09
  0.3071  -0.475E+02  0.1677E+01  0.1884E-02  0.2955E+00 -0.5295E+00    0.6507  0.1324E-08
  0.2862  -0.599E+02  0.1778E+01  0.1494E-02  0.1561E+00 -0.8066E+00    0.5914  0.2234E-08
  0.2656  -0.756E+02  0.1879E+01  0.1148E-02  0.7940E-01 -0.1100E+01    0.5330  0.3487E-08
  0.2459  -0.955E+02  0.1980E+01  0.8598E-03  0.3919E-01 -0.1407E+01    0.4771  0.5083E-08
  0.2275  -0.120E+03  0.2081E+01  0.6311E-03  0.1890E-01 -0.1724E+01    0.4248  0.6983E-08
  0.2106  -0.152E+03  0.2182E+01  0.4564E-03  0.8955E-02 -0.2048E+01    0.3767  0.9124E-08
  0.1953  -0.192E+03  0.2283E+01  0.3264E-03  0.4190E-02 -0.2378E+01    0.3331  0.1143E-07
  0.1815  -0.242E+03  0.2384E+01  0.2315E-03  0.1943E-02 -0.2712E+01    0.2940  0.1382E-07
  0.1692  -0.305E+03  0.2485E+01  0.1633E-03  0.8949E-03 -0.3048E+01    0.2590  0.1624E-07
  0.1582  -0.385E+03  0.2586E+01  0.1147E-03  0.4103E-03 -0.3387E+01    0.2279  0.1862E-07
  0.1486  -0.486E+03  0.2687E+01  0.8034E-04  0.1875E-03 -0.3727E+01    0.2005  0.2092E-07
  0.1400  -0.614E+03  0.2788E+01  0.5616E-04  0.8547E-04 -0.4068E+01    0.1762  0.2311E-07
  0.1325  -0.774E+03  0.2889E+01  0.3920E-04  0.3891E-04 -0.4410E+01    0.1548  0.2517E-07
  0.1259  -0.977E+03  0.2990E+01  0.2733E-04  0.1769E-04 -0.4752E+01    0.1360  0.2708E-07
  0.1200  -0.123E+04  0.3091E+01  0.1905E-04  0.8036E-05 -0.5095E+01    0.1194  0.2885E-07
  0.1149  -0.156E+04  0.3192E+01  0.1326E-04  0.3649E-05 -0.5438E+01    0.1049  0.3046E-07
  0.1104  -0.196E+04  0.3293E+01  0.9236E-05  0.1656E-05 -0.5781E+01    0.0921  0.3193E-07
  0.1065  -0.248E+04  0.3394E+01  0.6429E-05  0.7515E-06 -0.6124E+01    0.0809  0.3325E-07
  0.1030  -0.313E+04  0.3495E+01  0.4474E-05  0.3410E-06 -0.6467E+01    0.0710  0.3444E-07
  0.0999  -0.394E+04  0.3596E+01  0.3113E-05  0.1547E-06 -0.6811E+01    0.0623  0.3550E-07
  0.0973  -0.498E+04  0.3697E+01  0.2166E-05  0.7015E-07 -0.7154E+01    0.0547  0.3644E-07
  0.0949  -0.628E+04  0.3798E+01  0.1507E-05  0.3182E-07 -0.7497E+01    0.0480  0.3727E-07
  0.0928  -0.792E+04  0.3899E+01  0.1049E-05  0.1443E-07 -0.7841E+01    0.0422  0.3800E-07
  0.0910  -0.100E+05  0.4000E+01  0.7297E-06  0.6544E-08 -0.8184E+01    0.0370  0.3862E-07
end
