 ******* Program HYDRUS
 ******* 
 Infiltration of water into soil profile                                 
 Date:   5. 3.    Time:  17:49:41
 Units: L = cm   , T = days , M = mmol 


    TLevel      Time          dt      Iter    ItCum  KodT  KodB  Convergency

        1  0.1000000E-03  0.10000E-03    6        6    -4    -5     T
        2  0.2000000E-03  0.10000E-03    7       13    -4    -5     T
        3  0.2700000E-03  0.70000E-04    5       18    -4    -5     T
        4  0.3400000E-03  0.70000E-04    4       22    -4    -5     T
        5  0.4100000E-03  0.70000E-04    3       25    -4    -5     T
        6  0.5010000E-03  0.91000E-04    4       29    -4    -5     T
        7  0.5920000E-03  0.91000E-04    4       33    -4    -5     T
        8  0.6829999E-03  0.91000E-04    3       36    -4    -5     T
        9  0.8012999E-03  0.11830E-03    3       39    -4    -5     T
       10  0.9550899E-03  0.15379E-03    4       43    -4    -5     T
       11  0.1108880E-02  0.15379E-03    4       47    -4    -5     T
       12  0.1262670E-02  0.15379E-03    4       51    -4    -5     T
       13  0.1416460E-02  0.15379E-03    3       54    -4    -5     T
       14  0.1616387E-02  0.19993E-03    5       59    -4    -5     T
       15  0.1816314E-02  0.19993E-03    4       63    -4    -5     T
       16  0.2016241E-02  0.19993E-03    3       66    -4    -5     T
       17  0.2276146E-02  0.25991E-03    5       71    -4    -5     T
       18  0.2536051E-02  0.25991E-03    4       75    -4    -5     T
       19  0.2795956E-02  0.25991E-03    4       79    -4    -5     T
       20  0.3055861E-02  0.25991E-03    5       84    -4    -5     T
       21  0.3315766E-02  0.25991E-03    3       87    -4    -5     T
       22  0.3653642E-02  0.33788E-03    4       91    -4    -5     T
       23  0.3991519E-02  0.33788E-03    4       95    -4    -5     T
       24  0.4329395E-02  0.33788E-03    5      100    -4    -5     T
       25  0.4667272E-02  0.33788E-03    4      104    -4    -5     T
       26  0.5005148E-02  0.33788E-03    4      108    -4    -5     T
       27  0.5343025E-02  0.33788E-03    4      112    -4    -5     T
       28  0.5680901E-02  0.33788E-03    4      116    -4    -5     T
       29  0.6018778E-02  0.33788E-03    3      119    -4    -5     T
       30  0.6458017E-02  0.43924E-03    4      123    -4    -5     T
       31  0.6897256E-02  0.43924E-03    4      127    -4    -5     T
       32  0.7336496E-02  0.43924E-03    4      131    -4    -5     T
       33  0.7775735E-02  0.43924E-03    4      135    -4    -5     T
       34  0.8198162E-02  0.42243E-03    4      139    -4    -5     T
       35  0.8620588E-02  0.42243E-03    4      143    -4    -5     T
       36  0.9043015E-02  0.42243E-03    4      147    -4    -5     T
       37  0.9465441E-02  0.42243E-03    4      151    -4    -5     T
       38  0.9887868E-02  0.42243E-03    4      155    -4    -5     T
       39  0.1031029E-01  0.42243E-03    4      159    -4    -5     T
       40  0.1073272E-01  0.42243E-03    3      162    -4    -5     T
       41  0.1136636E-01  0.63364E-03    4      166    -4    -5     T
       42  0.1200000E-01  0.63364E-03    4      170    -4    -5     T
       43  0.1257101E-01  0.57101E-03    4      174    -4    -5     T
       44  0.1314202E-01  0.57101E-03    4      178    -4    -5     T
       45  0.1371303E-01  0.57101E-03    4      182    -4    -5     T
       46  0.1428404E-01  0.57101E-03    4      186    -4    -5     T
       47  0.1485506E-01  0.57101E-03    4      190    -4    -5     T
       48  0.1542607E-01  0.57101E-03    4      194    -4    -5     T
       49  0.1599708E-01  0.57101E-03    4      198    -4    -5     T
       50  0.1656809E-01  0.57101E-03    4      202    -4    -5     T
       51  0.1713910E-01  0.57101E-03    4      206    -4    -5     T
       52  0.1771011E-01  0.57101E-03    4      210    -4    -5     T
       53  0.1828112E-01  0.57101E-03    4      214    -4    -5     T
       54  0.1885301E-01  0.57189E-03    4      218    -4    -5     T
       55  0.1942490E-01  0.57189E-03    4      222    -4    -5     T
       56  0.1999679E-01  0.57189E-03    4      226    -4    -5     T
       57  0.2056867E-01  0.57189E-03    4      230    -4    -5     T
       58  0.2114056E-01  0.57189E-03    4      234    -4    -5     T
       59  0.2171245E-01  0.57189E-03    4      238    -4    -5     T
       60  0.2228434E-01  0.57189E-03    4      242    -4    -5     T
       61  0.2285622E-01  0.57189E-03    4      246    -4    -5     T
       62  0.2342811E-01  0.57189E-03    4      250    -4    -5     T
       63  0.2400000E-01  0.57189E-03    4      254    -4    -5     T
       64  0.2457101E-01  0.57101E-03    3      257    -4    -5     T
       65  0.2531333E-01  0.74231E-03    5      262    -4    -5     T
       66  0.2605564E-01  0.74231E-03    5      267    -4    -5     T
       67  0.2679795E-01  0.74231E-03    4      271    -4    -5     T
       68  0.2754027E-01  0.74231E-03    4      275    -4    -5     T
       69  0.2828258E-01  0.74231E-03    4      279    -4    -5     T
       70  0.2905433E-01  0.77174E-03    4      283    -4    -5     T
       71  0.2982607E-01  0.77174E-03    5      288    -4    -5     T
       72  0.3059781E-01  0.77174E-03    4      292    -4    -5     T
       73  0.3136955E-01  0.77174E-03    4      296    -4    -5     T
       74  0.3214129E-01  0.77174E-03    5      301    -4    -5     T
       75  0.3291303E-01  0.77174E-03    4      305    -4    -5     T
       76  0.3368478E-01  0.77174E-03    4      309    -4    -5     T
       77  0.3445652E-01  0.77174E-03    4      313    -4    -5     T
       78  0.3522826E-01  0.77174E-03    5      318    -4    -5     T
       79  0.3600000E-01  0.77174E-03    5      323    -4    -5     T
       80  0.3674231E-01  0.74231E-03    4      327    -4    -5     T
       81  0.3748463E-01  0.74231E-03    4      331    -4    -5     T
       82  0.3822694E-01  0.74231E-03    4      335    -4    -5     T
       83  0.3896926E-01  0.74231E-03    4      339    -4    -5     T
       84  0.3971157E-01  0.74231E-03    4      343    -4    -5     T
       85  0.4045389E-01  0.74231E-03    4      347    -4    -5     T
       86  0.4120850E-01  0.75461E-03    4      351    -4    -5     T
       87  0.4196311E-01  0.75461E-03    4      355    -4    -5     T
       88  0.4271772E-01  0.75461E-03    4      359    -4    -5     T
       89  0.4347233E-01  0.75461E-03    4      363    -4    -5     T
       90  0.4422694E-01  0.75461E-03    4      367    -4    -5     T
       91  0.4498155E-01  0.75461E-03    4      371    -4    -5     T
       92  0.4573617E-01  0.75461E-03    4      375    -4    -5     T
       93  0.4649078E-01  0.75461E-03    4      379    -4    -5     T
       94  0.4724539E-01  0.75461E-03    4      383    -4    -5     T
       95  0.4800000E-01  0.75461E-03    4      387    -4    -5     T
       96  0.4874231E-01  0.74231E-03    4      391    -4    -5     T
       97  0.4948463E-01  0.74231E-03    4      395    -4    -5     T
       98  0.5022694E-01  0.74231E-03    4      399    -4    -5     T
       99  0.5096926E-01  0.74231E-03    4      403    -4    -5     T
      100  0.5171157E-01  0.74231E-03    4      407    -4    -5     T
      101  0.5245389E-01  0.74231E-03    4      411    -4    -5     T
      102  0.5320850E-01  0.75461E-03    4      415    -4    -5     T
      103  0.5396311E-01  0.75461E-03    4      419    -4    -5     T
      104  0.5471772E-01  0.75461E-03    4      423    -4    -5     T
      105  0.5547233E-01  0.75461E-03    4      427    -4    -5     T
      106  0.5622694E-01  0.75461E-03    4      431    -4    -5     T
      107  0.5698155E-01  0.75461E-03    4      435    -4    -5     T
      108  0.5773617E-01  0.75461E-03    4      439    -4    -5     T
      109  0.5849078E-01  0.75461E-03    4      443    -4    -5     T
      110  0.5924539E-01  0.75461E-03    4      447    -4    -5     T
      111  0.6000000E-01  0.75461E-03    4      451    -4    -5     T
      112  0.6074231E-01  0.74231E-03    4      455    -4    -5     T
      113  0.6148463E-01  0.74231E-03    4      459    -4    -5     T
      114  0.6222694E-01  0.74231E-03    4      463    -4    -5     T
      115  0.6296926E-01  0.74231E-03    4      467    -4    -5     T
      116  0.6371157E-01  0.74231E-03    4      471    -4    -5     T
      117  0.6445389E-01  0.74231E-03    4      475    -4    -5     T
      118  0.6520850E-01  0.75461E-03    4      479    -4    -5     T
      119  0.6596311E-01  0.75461E-03    4      483    -4    -5     T
      120  0.6671772E-01  0.75461E-03    4      487    -4    -5     T
      121  0.6747233E-01  0.75461E-03    4      491    -4    -5     T
      122  0.6822694E-01  0.75461E-03    4      495    -4    -5     T
      123  0.6898155E-01  0.75461E-03    4      499    -4    -5     T
      124  0.6973617E-01  0.75461E-03    4      503    -4    -5     T
      125  0.7049078E-01  0.75461E-03    4      507    -4    -5     T
      126  0.7124539E-01  0.75461E-03    4      511    -4    -5     T
      127  0.7200000E-01  0.75461E-03    3      514    -4    -5     T
      128  0.7296501E-01  0.96501E-03    4      518    -4    -5     T
      129  0.7393002E-01  0.96501E-03    4      522    -4    -5     T
      130  0.7493702E-01  0.10070E-02    4      526    -4    -5     T
      131  0.7594401E-01  0.10070E-02    4      530    -4    -5     T
      132  0.7695101E-01  0.10070E-02    4      534    -4    -5     T
      133  0.7795801E-01  0.10070E-02    4      538    -4    -5     T
      134  0.7896501E-01  0.10070E-02    5      543    -4    -5     T
      135  0.7997201E-01  0.10070E-02    4      547    -4    -5     T
      136  0.8097901E-01  0.10070E-02    4      551    -4    -5     T
      137  0.8198600E-01  0.10070E-02    4      555    -4    -5     T
      138  0.8299300E-01  0.10070E-02    4      559    -4    -5     T
      139  0.8400000E-01  0.10070E-02    4      563    -4    -5     T
      140  0.8496501E-01  0.96501E-03    4      567    -4    -5     T
      141  0.8593002E-01  0.96501E-03    4      571    -4    -5     T
      142  0.8693702E-01  0.10070E-02    4      575    -4    -5     T
      143  0.8794401E-01  0.10070E-02    4      579    -4    -5     T
      144  0.8895101E-01  0.10070E-02    4      583    -4    -5     T
      145  0.8995801E-01  0.10070E-02    4      587    -4    -5     T
      146  0.9096501E-01  0.10070E-02    5      592    -4    -5     T
      147  0.9197201E-01  0.10070E-02    4      596    -4    -5     T
      148  0.9297901E-01  0.10070E-02    4      600    -4    -5     T
      149  0.9398600E-01  0.10070E-02    4      604    -4    -5     T
      150  0.9499300E-01  0.10070E-02    4      608    -4    -5     T
      151  0.9600000E-01  0.10070E-02    5      613    -4    -5     T
      152  0.9696501E-01  0.96501E-03    4      617    -4    -5     T
      153  0.9793002E-01  0.96501E-03    4      621    -4    -5     T
      154  0.9893702E-01  0.10070E-02    4      625    -4    -5     T
      155  0.9994401E-01  0.10070E-02    4      629    -4    -5     T
      156  0.1009510E+00  0.10070E-02    4      633    -4    -5     T
      157  0.1019580E+00  0.10070E-02    4      637    -4    -5     T
      158  0.1029650E+00  0.10070E-02    4      641    -4    -5     T
      159  0.1039720E+00  0.10070E-02    4      645    -4    -5     T
      160  0.1049790E+00  0.10070E-02    4      649    -4    -5     T
      161  0.1059860E+00  0.10070E-02    4      653    -4    -5     T
      162  0.1069930E+00  0.10070E-02    4      657    -4    -5     T
      163  0.1080000E+00  0.10070E-02    4      661    -4    -5     T
      164  0.1089650E+00  0.96501E-03    4      665    -4    -5     T
      165  0.1099300E+00  0.96501E-03    4      669    -4    -5     T
      166  0.1109370E+00  0.10070E-02    4      673    -4    -5     T
      167  0.1119440E+00  0.10070E-02    4      677    -4    -5     T
      168  0.1129510E+00  0.10070E-02    4      681    -4    -5     T
      169  0.1139580E+00  0.10070E-02    4      685    -4    -5     T
      170  0.1149650E+00  0.10070E-02    4      689    -4    -5     T
      171  0.1159720E+00  0.10070E-02    4      693    -4    -5     T
      172  0.1169790E+00  0.10070E-02    4      697    -4    -5     T
      173  0.1179860E+00  0.10070E-02    4      701    -4    -5     T
      174  0.1189930E+00  0.10070E-02    4      705    -4    -5     T
      175  0.1200000E+00  0.10070E-02    4      709    -4    -5     T
      176  0.1209650E+00  0.96501E-03    4      713    -4    -5     T
      177  0.1219300E+00  0.96501E-03    4      717    -4    -5     T
      178  0.1229370E+00  0.10070E-02    4      721    -4    -5     T
      179  0.1239440E+00  0.10070E-02    4      725    -4    -5     T
      180  0.1249510E+00  0.10070E-02    4      729    -4    -5     T
      181  0.1259580E+00  0.10070E-02    4      733    -4    -5     T
      182  0.1269650E+00  0.10070E-02    4      737    -4    -5     T
      183  0.1279720E+00  0.10070E-02    4      741    -4    -5     T
      184  0.1289790E+00  0.10070E-02    4      745    -4    -5     T
      185  0.1299860E+00  0.10070E-02    4      749    -4    -5     T
      186  0.1309930E+00  0.10070E-02    4      753    -4    -5     T
      187  0.1320000E+00  0.10070E-02    4      757    -4    -5     T
      188  0.1329650E+00  0.96501E-03    4      761    -4    -5     T
      189  0.1339300E+00  0.96501E-03    4      765    -4    -5     T
      190  0.1349370E+00  0.10070E-02    4      769    -4    -5     T
      191  0.1359440E+00  0.10070E-02    4      773    -4    -5     T
      192  0.1369510E+00  0.10070E-02    4      777    -4    -5     T
      193  0.1379580E+00  0.10070E-02    4      781    -4    -5     T
      194  0.1389650E+00  0.10070E-02    4      785    -4    -5     T
      195  0.1399720E+00  0.10070E-02    4      789    -4    -5     T
      196  0.1409790E+00  0.10070E-02    4      793    -4    -5     T
      197  0.1419860E+00  0.10070E-02    4      797    -4    -5     T
      198  0.1429930E+00  0.10070E-02    4      801    -4    -5     T
      199  0.1440000E+00  0.10070E-02    4      805    -4    -5     T
      200  0.1449650E+00  0.96501E-03    4      809    -4    -5     T
      201  0.1459300E+00  0.96501E-03    4      813    -4    -5     T
      202  0.1469370E+00  0.10070E-02    4      817    -4    -5     T
      203  0.1479440E+00  0.10070E-02    4      821    -4    -5     T
      204  0.1489510E+00  0.10070E-02    4      825    -4    -5     T
      205  0.1499580E+00  0.10070E-02    4      829    -4    -5     T
      206  0.1509650E+00  0.10070E-02    4      833    -4    -5     T
      207  0.1519720E+00  0.10070E-02    4      837    -4    -5     T
      208  0.1529790E+00  0.10070E-02    4      841    -4    -5     T
      209  0.1539860E+00  0.10070E-02    4      845    -4    -5     T
      210  0.1549930E+00  0.10070E-02    4      849    -4    -5     T
      211  0.1560000E+00  0.10070E-02    4      853    -4    -5     T
      212  0.1569650E+00  0.96501E-03    4      857    -4    -5     T
      213  0.1579300E+00  0.96501E-03    4      861    -4    -5     T
      214  0.1589370E+00  0.10070E-02    4      865    -4    -5     T
      215  0.1599440E+00  0.10070E-02    4      869    -4    -5     T
      216  0.1609510E+00  0.10070E-02    4      873    -4    -5     T
      217  0.1619580E+00  0.10070E-02    4      877    -4    -5     T
      218  0.1629650E+00  0.10070E-02    4      881    -4    -5     T
      219  0.1639720E+00  0.10070E-02    4      885    -4    -5     T
      220  0.1649790E+00  0.10070E-02    4      889    -4    -5     T
      221  0.1659860E+00  0.10070E-02    4      893    -4    -5     T
      222  0.1669930E+00  0.10070E-02    4      897    -4    -5     T
      223  0.1680000E+00  0.10070E-02    4      901    -4    -5     T
      224  0.1689650E+00  0.96501E-03    4      905    -4    -5     T
      225  0.1699300E+00  0.96501E-03    4      909    -4    -5     T
      226  0.1709370E+00  0.10070E-02    4      913    -4    -5     T
      227  0.1719440E+00  0.10070E-02    4      917    -4    -5     T
      228  0.1729510E+00  0.10070E-02    4      921    -4    -5     T
      229  0.1739580E+00  0.10070E-02    4      925    -4    -5     T
      230  0.1749650E+00  0.10070E-02    4      929    -4    -5     T
      231  0.1759720E+00  0.10070E-02    4      933    -4    -5     T
      232  0.1769790E+00  0.10070E-02    4      937    -4    -5     T
      233  0.1779860E+00  0.10070E-02    4      941    -4    -5     T
      234  0.1789930E+00  0.10070E-02    4      945    -4    -5     T
      235  0.1800000E+00  0.10070E-02    4      949    -4    -5     T
      236  0.1809650E+00  0.96501E-03    4      953    -4    -5     T
      237  0.1819300E+00  0.96501E-03    4      957    -4    -5     T
      238  0.1829370E+00  0.10070E-02    4      961    -4    -5     T
      239  0.1839440E+00  0.10070E-02    4      965    -4    -5     T
      240  0.1849510E+00  0.10070E-02    4      969    -4    -5     T
      241  0.1859580E+00  0.10070E-02    4      973    -4    -5     T
      242  0.1869650E+00  0.10070E-02    4      977    -4    -5     T
      243  0.1879720E+00  0.10070E-02    4      981    -4    -5     T
      244  0.1889790E+00  0.10070E-02    4      985    -4    -5     T
      245  0.1899860E+00  0.10070E-02    4      989    -4    -5     T
      246  0.1909930E+00  0.10070E-02    4      993    -4    -5     T
      247  0.1920000E+00  0.10070E-02    4      997    -4    -5     T
      248  0.1929650E+00  0.96501E-03    4     1001    -4    -5     T
      249  0.1939300E+00  0.96501E-03    4     1005    -4    -5     T
      250  0.1949370E+00  0.10070E-02    4     1009    -4    -5     T
      251  0.1959440E+00  0.10070E-02    4     1013    -4    -5     T
      252  0.1969510E+00  0.10070E-02    4     1017    -4    -5     T
      253  0.1979580E+00  0.10070E-02    4     1021    -4    -5     T
      254  0.1989650E+00  0.10070E-02    4     1025    -4    -5     T
      255  0.1999720E+00  0.10070E-02    4     1029    -4    -5     T
      256  0.2009790E+00  0.10070E-02    4     1033    -4    -5     T
      257  0.2019860E+00  0.10070E-02    4     1037    -4    -5     T
      258  0.2029930E+00  0.10070E-02    4     1041    -4    -5     T
      259  0.2040000E+00  0.10070E-02    4     1045    -4    -5     T
      260  0.2049650E+00  0.96501E-03    4     1049    -4    -5     T
      261  0.2059300E+00  0.96501E-03    4     1053    -4    -5     T
      262  0.2069370E+00  0.10070E-02    4     1057    -4    -5     T
      263  0.2079440E+00  0.10070E-02    4     1061    -4    -5     T
      264  0.2089510E+00  0.10070E-02    4     1065    -4    -5     T
      265  0.2099580E+00  0.10070E-02    4     1069    -4    -5     T
      266  0.2109650E+00  0.10070E-02    4     1073    -4    -5     T
      267  0.2119720E+00  0.10070E-02    4     1077    -4    -5     T
      268  0.2129790E+00  0.10070E-02    4     1081    -4    -5     T
      269  0.2139860E+00  0.10070E-02    4     1085    -4    -5     T
      270  0.2149930E+00  0.10070E-02    4     1089    -4    -5     T
      271  0.2160000E+00  0.10070E-02    4     1093    -4    -5     T
      272  0.2169650E+00  0.96501E-03    4     1097    -4    -5     T
      273  0.2179300E+00  0.96501E-03    4     1101    -4    -5     T
      274  0.2189370E+00  0.10070E-02    4     1105    -4    -5     T
      275  0.2199440E+00  0.10070E-02    4     1109    -4    -5     T
      276  0.2209510E+00  0.10070E-02    4     1113    -4    -5     T
      277  0.2219580E+00  0.10070E-02    4     1117    -4    -5     T
      278  0.2229650E+00  0.10070E-02    4     1121    -4    -5     T
      279  0.2239720E+00  0.10070E-02    4     1125    -4    -5     T
      280  0.2249790E+00  0.10070E-02    4     1129    -4    -5     T
      281  0.2259860E+00  0.10070E-02    4     1133    -4    -5     T
      282  0.2269930E+00  0.10070E-02    4     1137    -4    -5     T
      283  0.2280000E+00  0.10070E-02    4     1141    -4    -5     T
      284  0.2289650E+00  0.96501E-03    4     1145    -4    -5     T
      285  0.2299300E+00  0.96501E-03    4     1149    -4    -5     T
      286  0.2309370E+00  0.10070E-02    4     1153    -4    -5     T
      287  0.2319440E+00  0.10070E-02    4     1157    -4    -5     T
      288  0.2329510E+00  0.10070E-02    4     1161    -4    -5     T
      289  0.2339580E+00  0.10070E-02    4     1165    -4    -5     T
      290  0.2349650E+00  0.10070E-02    4     1169    -4    -5     T
      291  0.2359720E+00  0.10070E-02    4     1173    -4    -5     T
      292  0.2369790E+00  0.10070E-02    4     1177    -4    -5     T
      293  0.2379860E+00  0.10070E-02    4     1181    -4    -5     T
      294  0.2389930E+00  0.10070E-02    4     1185    -4    -5     T
      295  0.2400000E+00  0.10070E-02    4     1189    -4    -5     T
      296  0.2410000E+00  0.10000E-02    4     1193    -4    -5     T
      297  0.2420000E+00  0.10000E-02    4     1197    -4    -5     T
      298  0.2430000E+00  0.10000E-02    4     1201    -4    -5     T
      299  0.2440000E+00  0.10000E-02    4     1205    -4    -5     T
      300  0.2450000E+00  0.10000E-02    4     1209    -4    -5     T
      301  0.2460000E+00  0.10000E-02    4     1213    -4    -5     T
      302  0.2470000E+00  0.10000E-02    4     1217    -4    -5     T
      303  0.2480000E+00  0.10000E-02    4     1221    -4    -5     T
      304  0.2490000E+00  0.10000E-02    4     1225    -4    -5     T
      305  0.2500000E+00  0.10000E-02    4     1229    -4    -5     T
      306  0.2510000E+00  0.10000E-02    4     1233    -4    -5     T
      307  0.2520000E+00  0.10000E-02    4     1237    -4    -5     T
      308  0.2529650E+00  0.96501E-03    3     1240    -4    -5     T
      309  0.2541911E+00  0.12261E-02    4     1244    -4    -5     T
      310  0.2554172E+00  0.12261E-02    4     1248    -4    -5     T
      311  0.2566433E+00  0.12261E-02    4     1252    -4    -5     T
      312  0.2578694E+00  0.12261E-02    5     1257    -4    -5     T
      313  0.2590956E+00  0.12261E-02    4     1261    -4    -5     T
      314  0.2603217E+00  0.12261E-02    5     1266    -4    -5     T
      315  0.2615478E+00  0.12261E-02    5     1271    -4    -5     T
      316  0.2627739E+00  0.12261E-02    5     1276    -4    -5     T
      317  0.2640000E+00  0.12261E-02    4     1280    -4    -5     T
      318  0.2652000E+00  0.12000E-02    4     1284    -4    -5     T
      319  0.2664000E+00  0.12000E-02    4     1288    -4    -5     T
      320  0.2676000E+00  0.12000E-02    4     1292    -4    -5     T
      321  0.2688000E+00  0.12000E-02    5     1297    -4    -5     T
      322  0.2700000E+00  0.12000E-02    4     1301    -4    -5     T
      323  0.2712000E+00  0.12000E-02    4     1305    -4    -5     T
      324  0.2724000E+00  0.12000E-02    4     1309    -4    -5     T
      325  0.2736000E+00  0.12000E-02    4     1313    -4    -5     T
      326  0.2748000E+00  0.12000E-02    4     1317    -4    -5     T
      327  0.2760000E+00  0.12000E-02    4     1321    -4    -5     T
      328  0.2772000E+00  0.12000E-02    4     1325    -4    -5     T
      329  0.2784000E+00  0.12000E-02    4     1329    -4    -5     T
      330  0.2796000E+00  0.12000E-02    4     1333    -4    -5     T
      331  0.2808000E+00  0.12000E-02    4     1337    -4    -5     T
      332  0.2820000E+00  0.12000E-02    4     1341    -4    -5     T
      333  0.2832000E+00  0.12000E-02    3     1344    -4    -5     T
      334  0.2848000E+00  0.16000E-02    4     1348    -4    -5     T
      335  0.2864000E+00  0.16000E-02    4     1352    -4    -5     T
      336  0.2880000E+00  0.16000E-02    4     1356    -4    -5     T
      337  0.2897143E+00  0.17143E-02    5     1361    -4    -5     T
      338  0.2914286E+00  0.17143E-02    4     1365    -4    -5     T
      339  0.2931429E+00  0.17143E-02    5     1370    -4    -5     T
      340  0.2948571E+00  0.17143E-02    4     1374    -4    -5     T
      341  0.2965714E+00  0.17143E-02    4     1378    -4    -5     T
      342  0.2982857E+00  0.17143E-02    4     1382    -4    -5     T
      343  0.3000000E+00  0.17143E-02    5     1387    -4    -5     T
      344  0.3017143E+00  0.17143E-02    4     1391    -4    -5     T
      345  0.3034286E+00  0.17143E-02    4     1395    -4    -5     T
      346  0.3051429E+00  0.17143E-02    4     1399    -4    -5     T
      347  0.3068571E+00  0.17143E-02    4     1403    -4    -5     T
      348  0.3085714E+00  0.17143E-02    4     1407    -4    -5     T
      349  0.3102857E+00  0.17143E-02    4     1411    -4    -5     T
      350  0.3120000E+00  0.17143E-02    4     1415    -4    -5     T
      351  0.3137143E+00  0.17143E-02    3     1418    -4    -5     T
      352  0.3157714E+00  0.20571E-02    4     1422    -4    -5     T
      353  0.3178286E+00  0.20571E-02    4     1426    -4    -5     T
      354  0.3198857E+00  0.20571E-02    4     1430    -4    -5     T
      355  0.3219429E+00  0.20571E-02    4     1434    -4    -5     T
      356  0.3240000E+00  0.20571E-02    4     1438    -4    -5     T
      357  0.3260000E+00  0.20000E-02    4     1442    -4    -5     T
      358  0.3280000E+00  0.20000E-02    4     1446    -4    -5     T
      359  0.3300000E+00  0.20000E-02    3     1449    -4    -5     T
      360  0.3330000E+00  0.30000E-02    5     1454    -4    -5     T
      361  0.3360000E+00  0.30000E-02    5     1459    -4    -5     T
      362  0.3390000E+00  0.30000E-02    5     1464    -4    -5     T
      363  0.3420000E+00  0.30000E-02    5     1469    -4    -5     T
      364  0.3450000E+00  0.30000E-02    4     1473    -4    -5     T
      365  0.3480000E+00  0.30000E-02    4     1477    -4    -5     T
      366  0.3510000E+00  0.30000E-02    4     1481    -4    -5     T
      367  0.3540000E+00  0.30000E-02    4     1485    -4    -5     T
      368  0.3570000E+00  0.30000E-02    4     1489    -4    -5     T
      369  0.3600000E+00  0.30000E-02    4     1493    -4    -5     T
      370  0.3630000E+00  0.30000E-02    4     1497    -4    -5     T
      371  0.3660000E+00  0.30000E-02    4     1501    -4    -5     T
      372  0.3690000E+00  0.30000E-02    4     1505    -4    -5     T
      373  0.3720000E+00  0.30000E-02    3     1508    -4    -5     T
      374  0.3760000E+00  0.40000E-02    4     1512    -4    -5     T
      375  0.3800000E+00  0.40000E-02    4     1516    -4    -5     T
      376  0.3840000E+00  0.40000E-02    4     1520    -4    -5     T
      377  0.3880000E+00  0.40000E-02    4     1524    -4    -5     T
      378  0.3920000E+00  0.40000E-02    4     1528    -4    -5     T
      379  0.3960000E+00  0.40000E-02    4     1532    -4    -5     T
      380  0.4000000E+00  0.40000E-02    4     1536    -4    -5     T
      381  0.4040000E+00  0.40000E-02    4     1540    -4    -5     T
      382  0.4080000E+00  0.40000E-02    4     1544    -4    -5     T
      383  0.4120000E+00  0.40000E-02    3     1547    -4    -5     T
      384  0.4160000E+00  0.40000E-02    3     1550    -4    -5     T
      385  0.4200000E+00  0.40000E-02    3     1553    -4    -5     T
      386  0.4260000E+00  0.60000E-02    4     1557    -4    -5     T
      387  0.4320000E+00  0.60000E-02    4     1561    -4    -5     T
      388  0.4380000E+00  0.60000E-02    4     1565    -4    -5     T
      389  0.4440000E+00  0.60000E-02    4     1569    -4    -5     T
      390  0.4500000E+00  0.60000E-02    4     1573    -4    -5     T
      391  0.4560000E+00  0.60000E-02    4     1577    -4    -5     T
      392  0.4620000E+00  0.60000E-02    4     1581    -4    -5     T
      393  0.4680000E+00  0.60000E-02    4     1585    -4    -5     T
      394  0.4740000E+00  0.60000E-02    3     1588    -4    -5     T
      395  0.4800000E+00  0.60000E-02    3     1591    -4    -5     T
      396  0.4860000E+00  0.60000E-02    3     1594    -4    -5     T
      397  0.4920000E+00  0.60000E-02    3     1597    -4    -5     T
      398  0.5000000E+00  0.80000E-02    4     1601    -4    -5     T
      399  0.5040000E+00  0.40000E-02    2     1603    -4    -5     T
      400  0.5160000E+00  0.12000E-01    6     1609    -4    -5     T
      401  0.5280000E+00  0.12000E-01    5     1614    -4    -5     T
      402  0.5400000E+00  0.12000E-01    5     1619    -4    -5     T
      403  0.5520000E+00  0.12000E-01    5     1624    -4    -5     T
      404  0.5640000E+00  0.12000E-01    5     1629    -4    -5     T
      405  0.5760000E+00  0.12000E-01    5     1634    -4    -5     T
      406  0.5880000E+00  0.12000E-01    4     1638    -4    -5     T
      407  0.6000000E+00  0.12000E-01    4     1642    -4    -5     T
      408  0.6120000E+00  0.12000E-01    4     1646    -4    -5     T
      409  0.6240000E+00  0.12000E-01    4     1650    -4    -5     T
      410  0.6360000E+00  0.12000E-01    4     1654    -4    -5     T
      411  0.6480000E+00  0.12000E-01    4     1658    -4    -5     T
      412  0.6600000E+00  0.12000E-01    4     1662    -4    -5     T
      413  0.6720000E+00  0.12000E-01    3     1665    -4    -5     T
      414  0.6840000E+00  0.12000E-01    3     1668    -4    -5     T
      415  0.6960000E+00  0.12000E-01    3     1671    -4    -5     T
      416  0.7080000E+00  0.12000E-01    3     1674    -4    -5     T
      417  0.7200000E+00  0.12000E-01    3     1677    -4    -5     T
      418  0.7320000E+00  0.12000E-01    3     1680    -4    -5     T
      419  0.7440000E+00  0.12000E-01    3     1683    -4    -5     T
      420  0.7560000E+00  0.12000E-01    3     1686    -4    -5     T
      421  0.7680000E+00  0.12000E-01    2     1688    -4    -5     T
      422  0.7800000E+00  0.12000E-01    3     1691    -4    -5     T
      423  0.7920000E+00  0.12000E-01    2     1693    -4    -5     T
      424  0.8040000E+00  0.12000E-01    2     1695    -4    -5     T
      425  0.8160000E+00  0.12000E-01    2     1697    -4    -5     T
      426  0.8280000E+00  0.12000E-01    2     1699    -4    -5     T
      427  0.8400000E+00  0.12000E-01    2     1701    -4    -5     T
      428  0.8520000E+00  0.12000E-01    2     1703    -4    -5     T
      429  0.8640000E+00  0.12000E-01    2     1705    -4    -5     T
      430  0.8760000E+00  0.12000E-01    2     1707    -4    -5     T
      431  0.8880000E+00  0.12000E-01    2     1709    -4    -5     T
      432  0.9000000E+00  0.12000E-01    2     1711    -4    -5     T
      433  0.9120000E+00  0.12000E-01    2     1713    -4    -5     T
      434  0.9240000E+00  0.12000E-01    2     1715    -4    -5     T
      435  0.9360000E+00  0.12000E-01    2     1717    -4    -5     T
      436  0.9480000E+00  0.12000E-01    2     1719    -4    -5     T
      437  0.9600000E+00  0.12000E-01    2     1721    -4    -5     T
      438  0.9720000E+00  0.12000E-01    2     1723    -4    -5     T
      439  0.9840000E+00  0.12000E-01    2     1725    -4    -5     T
      440  0.9960000E+00  0.12000E-01    2     1727    -4    -5     T
      441  0.1000000E+01  0.40000E-02    2     1729    -4    -5     T
      442  0.1000100E+01  0.10000E-03    2     1731    -4    -5     T
      443  0.1000230E+01  0.13000E-03    2     1733    -4    -5     T
      444  0.1000399E+01  0.16900E-03    2     1735    -4    -5     T
      445  0.1000619E+01  0.21970E-03    2     1737    -4    -5     T
      446  0.1000904E+01  0.28561E-03    2     1739    -4    -5     T
      447  0.1001276E+01  0.37129E-03    2     1741    -4    -5     T
      448  0.1001758E+01  0.48268E-03    2     1743    -4    -5     T
      449  0.1002382E+01  0.62417E-03    2     1745    -4    -5     T
      450  0.1003185E+01  0.80251E-03    2     1747    -4    -5     T
      451  0.1004148E+01  0.96301E-03    2     1749    -4    -5     T
      452  0.1005432E+01  0.12840E-02    2     1751    -4    -5     T
      453  0.1008000E+01  0.25680E-02    4     1755    -4    -5     T
      454  0.1009714E+01  0.17143E-02    2     1757    -4    -5     T
      455  0.1012286E+01  0.25714E-02    3     1760    -4    -5     T
      456  0.1014857E+01  0.25714E-02    3     1763    -4    -5     T
      457  0.1020000E+01  0.51429E-02    4     1767    -4    -5     T
      458  0.1024000E+01  0.40000E-02    3     1770    -4    -5     T
      459  0.1028000E+01  0.40000E-02    3     1773    -4    -5     T
      460  0.1032000E+01  0.40000E-02    2     1775    -4    -5     T
      461  0.1038000E+01  0.60000E-02    3     1778    -4    -5     T
      462  0.1044000E+01  0.60000E-02    3     1781    -4    -5     T
      463  0.1056000E+01  0.12000E-01    4     1785    -4    -5     T
      464  0.1068000E+01  0.12000E-01    4     1789    -4    -5     T
      465  0.1080000E+01  0.12000E-01    4     1793    -4    -5     T
      466  0.1092000E+01  0.12000E-01    3     1796    -4    -5     T
      467  0.1104000E+01  0.12000E-01    3     1799    -4    -5     T
      468  0.1116000E+01  0.12000E-01    3     1802    -4    -5     T
      469  0.1128000E+01  0.12000E-01    3     1805    -4    -5     T
      470  0.1140000E+01  0.12000E-01    2     1807    -4    -5     T
      471  0.1152000E+01  0.12000E-01    2     1809    -4    -5     T
      472  0.1164000E+01  0.12000E-01    2     1811    -4    -5     T
      473  0.1176000E+01  0.12000E-01    2     1813    -4    -5     T
      474  0.1188000E+01  0.12000E-01    2     1815    -4    -5     T
      475  0.1200000E+01  0.12000E-01    2     1817    -4    -5     T
      476  0.1212000E+01  0.12000E-01    2     1819    -4    -5     T
      477  0.1224000E+01  0.12000E-01    2     1821    -4    -5     T
      478  0.1236000E+01  0.12000E-01    2     1823    -4    -5     T
      479  0.1248000E+01  0.12000E-01    2     1825    -4    -5     T
      480  0.1260000E+01  0.12000E-01    2     1827    -4    -5     T
      481  0.1272000E+01  0.12000E-01    2     1829    -4    -5     T
      482  0.1284000E+01  0.12000E-01    2     1831    -4    -5     T
      483  0.1296000E+01  0.12000E-01    2     1833    -4    -5     T
      484  0.1308000E+01  0.12000E-01    2     1835    -4    -5     T
      485  0.1320000E+01  0.12000E-01    2     1837    -4    -5     T
      486  0.1332000E+01  0.12000E-01    2     1839    -4    -5     T
      487  0.1344000E+01  0.12000E-01    2     1841    -4    -5     T
      488  0.1356000E+01  0.12000E-01    2     1843    -4    -5     T
      489  0.1368000E+01  0.12000E-01    2     1845    -4    -5     T
      490  0.1380000E+01  0.12000E-01    2     1847    -4    -5     T
      491  0.1392000E+01  0.12000E-01    2     1849    -4    -5     T
      492  0.1404000E+01  0.12000E-01    2     1851    -4    -5     T
      493  0.1416000E+01  0.12000E-01    2     1853    -4    -5     T
      494  0.1428000E+01  0.12000E-01    3     1856    -4    -5     T
      495  0.1440000E+01  0.12000E-01    3     1859    -4    -5     T
      496  0.1452000E+01  0.12000E-01    4     1863    -4    -5     T
      497  0.1464000E+01  0.12000E-01    4     1867    -4    -5     T
      498  0.1476000E+01  0.12000E-01    5     1872    -4    -5     T
      499  0.1488000E+01  0.12000E-01    7     1879    -4    -5     T
      500  0.1494000E+01  0.60000E-02    4     1883    -4    -5     T
      501  0.1500000E+01  0.60000E-02    3     1886    -4    -5     T
      502  0.1512000E+01  0.12000E-01    7     1893    -4    -5     T
      503  0.1518000E+01  0.60000E-02    4     1897    -4    -5     T
      504  0.1524000E+01  0.60000E-02    4     1901    -4    -5     T
      505  0.1530000E+01  0.60000E-02    4     1905    -4    -5     T
      506  0.1536000E+01  0.60000E-02    4     1909    -4    -5     T
      507  0.1542000E+01  0.60000E-02    5     1914    -4    -5     T
      508  0.1548000E+01  0.60000E-02    5     1919    -4    -5     T
      509  0.1554000E+01  0.60000E-02    4     1923    -4    -5     T
      510  0.1560000E+01  0.60000E-02    4     1927    -4    -5     T
      511  0.1566000E+01  0.60000E-02    4     1931    -4    -5     T
      512  0.1572000E+01  0.60000E-02    4     1935    -4    -5     T
      513  0.1578000E+01  0.60000E-02    4     1939    -4    -5     T
      514  0.1584000E+01  0.60000E-02    5     1944    -4    -5     T
      515  0.1590000E+01  0.60000E-02    6     1950    -4    -5     T
      516  0.1596000E+01  0.60000E-02    6     1956    -4    -5     T
      517  0.1602000E+01  0.60000E-02    6     1962    -4    -5     T
      518  0.1608000E+01  0.60000E-02    6     1968    -4    -5     T
      519  0.1614000E+01  0.60000E-02    6     1974    -4    -5     T
      520  0.1620000E+01  0.60000E-02    5     1979    -4    -5     T
      521  0.1626000E+01  0.60000E-02    5     1984    -4    -5     T
      522  0.1632000E+01  0.60000E-02    4     1988    -4    -5     T
      523  0.1638000E+01  0.60000E-02    4     1992    -4    -5     T
      524  0.1644000E+01  0.60000E-02    5     1997    -4    -5     T
      525  0.1650000E+01  0.60000E-02    5     2002    -4    -5     T
      526  0.1656000E+01  0.60000E-02    6     2008    -4    -5     T
      527  0.1662000E+01  0.60000E-02    5     2013    -4    -5     T
      528  0.1668000E+01  0.60000E-02    4     2017    -4    -5     T
      529  0.1674000E+01  0.60000E-02    4     2021    -4    -5     T
      530  0.1680000E+01  0.60000E-02    4     2025    -4    -5     T
      531  0.1686000E+01  0.60000E-02    4     2029    -4    -5     T
      532  0.1692000E+01  0.60000E-02    4     2033    -4    -5     T
      533  0.1698000E+01  0.60000E-02    4     2037    -4    -5     T
      534  0.1704000E+01  0.60000E-02    4     2041    -4    -5     T
      535  0.1710000E+01  0.60000E-02    4     2045    -4    -5     T
      536  0.1716000E+01  0.60000E-02    4     2049    -4    -5     T
      537  0.1722000E+01  0.60000E-02    4     2053    -4    -5     T
      538  0.1728000E+01  0.60000E-02    4     2057    -4    -5     T
      539  0.1734000E+01  0.60000E-02    4     2061    -4    -5     T
      540  0.1740000E+01  0.60000E-02    4     2065    -4    -5     T
      541  0.1746000E+01  0.60000E-02    4     2069    -4    -5     T
      542  0.1752000E+01  0.60000E-02    4     2073    -4    -5     T
      543  0.1758000E+01  0.60000E-02    4     2077    -4    -5     T
      544  0.1764000E+01  0.60000E-02    3     2080    -4    -5     T
      545  0.1776000E+01  0.12000E-01    7     2087    -4    -5     T
      546  0.1782000E+01  0.60000E-02    4     2091    -4    -5     T
      547  0.1788000E+01  0.60000E-02    3     2094    -4    -5     T
      548  0.1800000E+01  0.12000E-01    5     2099    -4    -5     T
      549  0.1812000E+01  0.12000E-01    7     2106    -4    -5     T
      550  0.1818000E+01  0.60000E-02    3     2109    -4    -5     T
      551  0.1824000E+01  0.60000E-02    3     2112    -4    -5     T
      552  0.1830000E+01  0.60000E-02    3     2115    -4    -5     T
      553  0.1836000E+01  0.60000E-02    3     2118    -4    -5     T
      554  0.1848000E+01  0.12000E-01    5     2123    -4    -5     T
      555  0.1860000E+01  0.12000E-01    6     2129    -4    -5     T
      556  0.1872000E+01  0.12000E-01    5     2134    -4    -5     T
      557  0.1884000E+01  0.12000E-01    5     2139    -4    -5     T
      558  0.1896000E+01  0.12000E-01    4     2143    -4    -5     T
      559  0.1908000E+01  0.12000E-01    4     2147    -4    -5     T
      560  0.1920000E+01  0.12000E-01    4     2151    -4    -5     T
      561  0.1932000E+01  0.12000E-01    4     2155    -4    -5     T
      562  0.1944000E+01  0.12000E-01    4     2159    -4    -5     T
      563  0.1956000E+01  0.12000E-01    4     2163    -4    -5     T
      564  0.1968000E+01  0.12000E-01    4     2167    -4    -5     T
      565  0.1980000E+01  0.12000E-01    4     2171    -4    -5     T
      566  0.1992000E+01  0.12000E-01    4     2175    -4    -5     T
      567  0.2000000E+01  0.80000E-02    3     2178    -4    -5     T
      568  0.2000100E+01  0.10000E-03    2     2180    -4    -5     T
      569  0.2000230E+01  0.13000E-03    2     2182    -4    -5     T
      570  0.2000399E+01  0.16900E-03    2     2184    -4    -5     T
      571  0.2000619E+01  0.21970E-03    2     2186    -4    -5     T
      572  0.2000904E+01  0.28561E-03    2     2188    -4    -5     T
      573  0.2001291E+01  0.38696E-03    2     2190    -4    -5     T
      574  0.2001743E+01  0.45145E-03    2     2192    -4    -5     T
      575  0.2002307E+01  0.56432E-03    2     2194    -4    -5     T
      576  0.2003154E+01  0.84648E-03    2     2196    -4    -5     T
      577  0.2004000E+01  0.84648E-03    2     2198    -4    -5     T
      578  0.2005060E+01  0.10604E-02    2     2200    -4    -5     T
      579  0.2006428E+01  0.13674E-02    2     2202    -4    -5     T
      580  0.2008342E+01  0.19144E-02    2     2204    -4    -5     T
      581  0.2010895E+01  0.25526E-02    2     2206    -4    -5     T
      582  0.2013447E+01  0.25526E-02    2     2208    -4    -5     T
      583  0.2016000E+01  0.25526E-02    2     2210    -4    -5     T
      584  0.2020000E+01  0.40000E-02    2     2212    -4    -5     T
      585  0.2024000E+01  0.40000E-02    2     2214    -4    -5     T
      586  0.2028000E+01  0.40000E-02    2     2216    -4    -5     T
      587  0.2034000E+01  0.60000E-02    2     2218    -4    -5     T
      588  0.2040000E+01  0.60000E-02    2     2220    -4    -5     T
      589  0.2052000E+01  0.12000E-01    3     2223    -4    -5     T
      590  0.2064000E+01  0.12000E-01    3     2226    -4    -5     T
      591  0.2076000E+01  0.12000E-01    3     2229    -4    -5     T
      592  0.2088000E+01  0.12000E-01    3     2232    -4    -5     T
      593  0.2100000E+01  0.12000E-01    3     2235    -4    -5     T
      594  0.2112000E+01  0.12000E-01    3     2238    -4    -5     T
      595  0.2124000E+01  0.12000E-01    3     2241    -4    -5     T
      596  0.2136000E+01  0.12000E-01    3     2244    -4    -5     T
      597  0.2148000E+01  0.12000E-01    3     2247    -4    -5     T
      598  0.2160000E+01  0.12000E-01    3     2250    -4    -5     T
      599  0.2172000E+01  0.12000E-01    3     2253    -4    -5     T
      600  0.2184000E+01  0.12000E-01    3     2256    -4    -5     T
      601  0.2196000E+01  0.12000E-01    3     2259    -4    -5     T
      602  0.2208000E+01  0.12000E-01    2     2261    -4    -5     T
      603  0.2220000E+01  0.12000E-01    2     2263    -4    -5     T
      604  0.2232000E+01  0.12000E-01    3     2266    -4    -5     T
      605  0.2244000E+01  0.12000E-01    2     2268    -4    -5     T
      606  0.2256000E+01  0.12000E-01    2     2270    -4    -5     T
      607  0.2268000E+01  0.12000E-01    2     2272    -4    -5     T
      608  0.2280000E+01  0.12000E-01    2     2274    -4    -5     T
      609  0.2292000E+01  0.12000E-01    2     2276    -4    -5     T
      610  0.2304000E+01  0.12000E-01    2     2278    -4    -5     T
      611  0.2316000E+01  0.12000E-01    2     2280    -4    -5     T
      612  0.2328000E+01  0.12000E-01    2     2282    -4    -5     T
      613  0.2340000E+01  0.12000E-01    2     2284    -4    -5     T
      614  0.2352000E+01  0.12000E-01    2     2286    -4    -5     T
      615  0.2364000E+01  0.12000E-01    2     2288    -4    -5     T
      616  0.2376000E+01  0.12000E-01    2     2290    -4    -5     T
      617  0.2388000E+01  0.12000E-01    2     2292    -4    -5     T
      618  0.2400000E+01  0.12000E-01    2     2294    -4    -5     T
      619  0.2412000E+01  0.12000E-01    2     2296    -4    -5     T
      620  0.2424000E+01  0.12000E-01    2     2298    -4    -5     T
      621  0.2436000E+01  0.12000E-01    2     2300    -4    -5     T
      622  0.2448000E+01  0.12000E-01    2     2302    -4    -5     T
      623  0.2460000E+01  0.12000E-01    2     2304    -4    -5     T
      624  0.2472000E+01  0.12000E-01    3     2307    -4    -5     T
      625  0.2484000E+01  0.12000E-01    3     2310    -4    -5     T
      626  0.2496000E+01  0.12000E-01    4     2314    -4    -5     T
      627  0.2500000E+01  0.40000E-02    2     2316    -4    -5     T
      628  0.2508000E+01  0.80000E-02    4     2320    -4    -5     T
      629  0.2520000E+01  0.12000E-01    4     2324    -4    -5     T
      630  0.2532000E+01  0.12000E-01    5     2329    -4    -5     T
      631  0.2544000E+01  0.12000E-01    5     2334    -4    -5     T
      632  0.2556000E+01  0.12000E-01    6     2340    -4    -5     T
      633  0.2568000E+01  0.12000E-01    7     2347    -4    -5     T
      634  0.2574000E+01  0.60000E-02    4     2351    -4    -5     T
      635  0.2580000E+01  0.60000E-02    3     2354    -4    -5     T
      636  0.2592000E+01  0.12000E-01    6     2360    -4    -5     T
      637  0.2604000E+01  0.12000E-01    8     2368    -4    -5     T
      638  0.2610000E+01  0.60000E-02    4     2372    -4    -5     T
      639  0.2616000E+01  0.60000E-02    4     2376    -4    -5     T
      640  0.2622000E+01  0.60000E-02    4     2380    -4    -5     T
      641  0.2628000E+01  0.60000E-02    4     2384    -4    -5     T
      642  0.2634000E+01  0.60000E-02    4     2388    -4    -5     T
      643  0.2640000E+01  0.60000E-02    4     2392    -4    -5     T
      644  0.2646000E+01  0.60000E-02    4     2396    -4    -5     T
      645  0.2652000E+01  0.60000E-02    4     2400    -4    -5     T
      646  0.2658000E+01  0.60000E-02    4     2404    -4    -5     T
      647  0.2664000E+01  0.60000E-02    4     2408    -4    -5     T
      648  0.2670000E+01  0.60000E-02    4     2412    -4    -5     T
      649  0.2676000E+01  0.60000E-02    4     2416    -4    -5     T
      650  0.2682000E+01  0.60000E-02    4     2420    -4    -5     T
      651  0.2688000E+01  0.60000E-02    4     2424    -4    -5     T
      652  0.2694000E+01  0.60000E-02    4     2428    -4    -5     T
      653  0.2700000E+01  0.60000E-02    4     2432    -4    -5     T
      654  0.2706000E+01  0.60000E-02    4     2436    -4    -5     T
      655  0.2712000E+01  0.60000E-02    4     2440    -4    -5     T
      656  0.2718000E+01  0.60000E-02    4     2444    -4    -5     T
      657  0.2724000E+01  0.60000E-02    4     2448    -4    -5     T
      658  0.2730000E+01  0.60000E-02    4     2452    -4    -5     T
      659  0.2736000E+01  0.60000E-02    4     2456    -4    -5     T
      660  0.2742000E+01  0.60000E-02    4     2460    -4    -5     T
      661  0.2748000E+01  0.60000E-02    4     2464    -4    -5     T
      662  0.2754000E+01  0.60000E-02    4     2468    -4    -5     T
      663  0.2760000E+01  0.60000E-02    4     2472    -4    -5     T
      664  0.2766000E+01  0.60000E-02    4     2476    -4    -5     T
      665  0.2772000E+01  0.60000E-02    4     2480    -4    -5     T
      666  0.2778000E+01  0.60000E-02    4     2484    -4    -5     T
      667  0.2784000E+01  0.60000E-02    4     2488    -4    -5     T
      668  0.2790000E+01  0.60000E-02    4     2492    -4    -5     T
      669  0.2796000E+01  0.60000E-02    4     2496    -4    -5     T
      670  0.2802000E+01  0.60000E-02    4     2500    -4    -5     T
      671  0.2808000E+01  0.60000E-02    4     2504    -4    -5     T
      672  0.2814000E+01  0.60000E-02    4     2508    -4    -5     T
      673  0.2820000E+01  0.60000E-02    3     2511    -4    -5     T
      674  0.2832000E+01  0.12000E-01    7     2518    -4    -5     T
      675  0.2838000E+01  0.60000E-02    4     2522    -4    -5     T
      676  0.2844000E+01  0.60000E-02    3     2525    -4    -5     T
      677  0.2856000E+01  0.12000E-01    6     2531    -4    -5     T
      678  0.2868000E+01  0.12000E-01    7     2538    -4    -5     T
      679  0.2874000E+01  0.60000E-02    3     2541    -4    -5     T
      680  0.2880000E+01  0.60000E-02    3     2544    -4    -5     T
      681  0.2886000E+01  0.60000E-02    2     2546    -4    -5     T
      682  0.2892000E+01  0.60000E-02    3     2549    -4    -5     T
      683  0.2904000E+01  0.12000E-01    6     2555    -4    -5     T
      684  0.2916000E+01  0.12000E-01    6     2561    -4    -5     T
      685  0.2928000E+01  0.12000E-01    5     2566    -4    -5     T
      686  0.2940000E+01  0.12000E-01    6     2572    -4    -5     T
      687  0.2952000E+01  0.12000E-01    6     2578    -4    -5     T
      688  0.2964000E+01  0.12000E-01    5     2583    -4    -5     T
      689  0.2976000E+01  0.12000E-01    5     2588    -4    -5     T
      690  0.2988000E+01  0.12000E-01    4     2592    -4    -5     T
      691  0.3000000E+01  0.12000E-01    4     2596    -4    -5     T
end
